DEBUG 2024-12-17 02:48:13,002 utils 17016 11612 [-] (0.000) 
            SELECT name, type FROM sqlite_master
            WHERE type in ('table', 'view') AND NOT name='sqlite_sequence'
            ORDER BY name; args=None; alias=default
DEBUG 2024-12-17 02:48:13,007 utils 17016 11612 [-] (0.000) SELECT "django_migrations"."id", "django_migrations"."app", "django_migrations"."name", "django_migrations"."applied" FROM "django_migrations"; args=(); alias=default
INFO 2024-12-17 02:48:14,037 basehttp 17016 6452 [127.0.0.1] "GET / HTTP/1.1" 200 2597
INFO 2024-12-17 02:48:14,184 basehttp 17016 6452 [127.0.0.1] "GET /favicon.ico HTTP/1.1" 302 0
DEBUG 2024-12-17 02:48:15,623 utils 17016 6452 [127.0.0.1] (0.000) SELECT "app_product"."id", "app_product"."owner_id", "app_product"."name", "app_product"."price", "app_product"."image", "app_product"."description" FROM "app_product"; args=(); alias=default
INFO 2024-12-17 02:48:15,629 basehttp 17016 6452 [127.0.0.1] "GET /products/ HTTP/1.1" 200 3726
DEBUG 2024-12-17 02:48:18,550 utils 17016 6452 [127.0.0.1] (0.000) SELECT "app_product"."id", "app_product"."owner_id", "app_product"."name", "app_product"."price", "app_product"."image", "app_product"."description" FROM "app_product" WHERE ("app_product"."name" LIKE '%ipconfig%' ESCAPE '\' OR "app_product"."description" LIKE '%ipconfig%' ESCAPE '\'); args=('%ipconfig%', '%ipconfig%'); alias=default
INFO 2024-12-17 02:48:18,551 basehttp 17016 6452 [127.0.0.1] "GET /products/?q=ipconfig HTTP/1.1" 200 4828
DEBUG 2024-12-17 02:48:20,369 utils 17016 6452 [127.0.0.1] (0.015) SELECT "app_product"."id", "app_product"."owner_id", "app_product"."name", "app_product"."price", "app_product"."image", "app_product"."description" FROM "app_product"; args=(); alias=default
INFO 2024-12-17 02:48:20,371 basehttp 17016 6452 [127.0.0.1] "GET /products/?q= HTTP/1.1" 200 3726
DEBUG 2024-12-17 02:48:22,793 utils 17016 6452 [127.0.0.1] (0.000) SELECT "app_product"."id", "app_product"."owner_id", "app_product"."name", "app_product"."price", "app_product"."image", "app_product"."description" FROM "app_product" WHERE ("app_product"."name" LIKE '%hoa%' ESCAPE '\' OR "app_product"."description" LIKE '%hoa%' ESCAPE '\'); args=('%hoa%', '%hoa%'); alias=default
INFO 2024-12-17 02:48:22,795 basehttp 17016 6452 [127.0.0.1] "GET /products/?q=hoa HTTP/1.1" 200 3729
DEBUG 2024-12-17 02:48:24,680 utils 17016 6452 [127.0.0.1] (0.000) SELECT "app_product"."id", "app_product"."owner_id", "app_product"."name", "app_product"."price", "app_product"."image", "app_product"."description" FROM "app_product" WHERE ("app_product"."name" LIKE '%hoala%' ESCAPE '\' OR "app_product"."description" LIKE '%hoala%' ESCAPE '\'); args=('%hoala%', '%hoala%'); alias=default
INFO 2024-12-17 02:48:24,681 basehttp 17016 6452 [127.0.0.1] "GET /products/?q=hoala HTTP/1.1" 200 2321
DEBUG 2024-12-17 02:48:26,648 utils 17016 6452 [127.0.0.1] (0.000) SELECT "app_product"."id", "app_product"."owner_id", "app_product"."name", "app_product"."price", "app_product"."image", "app_product"."description" FROM "app_product" WHERE ("app_product"."name" LIKE '%sai%' ESCAPE '\' OR "app_product"."description" LIKE '%sai%' ESCAPE '\'); args=('%sai%', '%sai%'); alias=default
INFO 2024-12-17 02:48:26,649 basehttp 17016 6452 [127.0.0.1] "GET /products/?q=sai HTTP/1.1" 200 2986
DEBUG 2024-12-17 02:48:29,531 utils 17016 6452 [127.0.0.1] (0.000) SELECT "app_product"."id", "app_product"."owner_id", "app_product"."name", "app_product"."price", "app_product"."image", "app_product"."description" FROM "app_product" WHERE ("app_product"."name" LIKE '%pro%' ESCAPE '\' OR "app_product"."description" LIKE '%pro%' ESCAPE '\'); args=('%pro%', '%pro%'); alias=default
INFO 2024-12-17 02:48:29,532 basehttp 17016 6452 [127.0.0.1] "GET /products/?q=pro HTTP/1.1" 200 2986
DEBUG 2024-12-17 02:48:31,412 utils 17016 6452 [127.0.0.1] (0.000) SELECT "app_product"."id", "app_product"."owner_id", "app_product"."name", "app_product"."price", "app_product"."image", "app_product"."description" FROM "app_product"; args=(); alias=default
INFO 2024-12-17 02:48:31,413 basehttp 17016 6452 [127.0.0.1] "GET /products/?q= HTTP/1.1" 200 3726
INFO 2024-12-17 02:48:33,856 basehttp 17016 6452 [127.0.0.1] "GET /viewfile/?documents=/media/products/DSC08680.JPG HTTP/1.1" 200 725710
INFO 2024-12-17 02:48:39,658 basehttp 17016 6452 [127.0.0.1] "GET / HTTP/1.1" 200 2597
DEBUG 2024-12-17 02:48:53,228 utils 14796 19256 [-] (0.016) 
            SELECT name, type FROM sqlite_master
            WHERE type in ('table', 'view') AND NOT name='sqlite_sequence'
            ORDER BY name; args=None; alias=default
DEBUG 2024-12-17 02:48:53,232 utils 14796 19256 [-] (0.000) SELECT "django_migrations"."id", "django_migrations"."app", "django_migrations"."name", "django_migrations"."applied" FROM "django_migrations"; args=(); alias=default
DEBUG 2024-12-17 02:48:57,875 utils 508 17840 [-] (0.000) 
            SELECT name, type FROM sqlite_master
            WHERE type in ('table', 'view') AND NOT name='sqlite_sequence'
            ORDER BY name; args=None; alias=default
DEBUG 2024-12-17 02:48:57,880 utils 508 17840 [-] (0.000) SELECT "django_migrations"."id", "django_migrations"."app", "django_migrations"."name", "django_migrations"."applied" FROM "django_migrations"; args=(); alias=default
DEBUG 2024-12-17 02:49:01,532 utils 2292 18044 [-] (0.000) 
            SELECT name, type FROM sqlite_master
            WHERE type in ('table', 'view') AND NOT name='sqlite_sequence'
            ORDER BY name; args=None; alias=default
DEBUG 2024-12-17 02:49:01,536 utils 2292 18044 [-] (0.000) SELECT "django_migrations"."id", "django_migrations"."app", "django_migrations"."name", "django_migrations"."applied" FROM "django_migrations"; args=(); alias=default
DEBUG 2024-12-17 02:51:24,781 utils 12032 5096 [-] (0.000) 
            SELECT name, type FROM sqlite_master
            WHERE type in ('table', 'view') AND NOT name='sqlite_sequence'
            ORDER BY name; args=None; alias=default
DEBUG 2024-12-17 02:51:24,786 utils 12032 5096 [-] (0.000) SELECT "django_migrations"."id", "django_migrations"."app", "django_migrations"."name", "django_migrations"."applied" FROM "django_migrations"; args=(); alias=default
DEBUG 2024-12-17 02:51:34,567 utils 6372 6172 [-] (0.000) 
            SELECT name, type FROM sqlite_master
            WHERE type in ('table', 'view') AND NOT name='sqlite_sequence'
            ORDER BY name; args=None; alias=default
DEBUG 2024-12-17 02:51:34,571 utils 6372 6172 [-] (0.000) SELECT "django_migrations"."id", "django_migrations"."app", "django_migrations"."name", "django_migrations"."applied" FROM "django_migrations"; args=(); alias=default
DEBUG 2024-12-17 02:54:37,336 utils 15700 13428 [-] (0.000) 
            SELECT name, type FROM sqlite_master
            WHERE type in ('table', 'view') AND NOT name='sqlite_sequence'
            ORDER BY name; args=None; alias=default
DEBUG 2024-12-17 02:54:37,339 utils 15700 13428 [-] (0.000) SELECT "django_migrations"."id", "django_migrations"."app", "django_migrations"."name", "django_migrations"."applied" FROM "django_migrations"; args=(); alias=default
DEBUG 2024-12-17 02:55:36,950 utils 15700 9992 [127.0.0.1] (0.000) SELECT "app_product"."id", "app_product"."owner_id", "app_product"."name", "app_product"."price", "app_product"."image", "app_product"."description" FROM "app_product"; args=(); alias=default
INFO 2024-12-17 02:55:36,956 basehttp 15700 9992 [127.0.0.1] "GET /products/ HTTP/1.1" 200 3726
INFO 2024-12-17 02:55:40,620 basehttp 15700 9992 [127.0.0.1] "GET /login/ HTTP/1.1" 200 2674
DEBUG 2024-12-17 02:55:44,020 utils 15700 9992 [127.0.0.1] (0.000) SELECT "auth_user"."id", "auth_user"."password", "auth_user"."last_login", "auth_user"."is_superuser", "auth_user"."username", "auth_user"."first_name", "auth_user"."last_name", "auth_user"."email", "auth_user"."is_staff", "auth_user"."is_active", "auth_user"."date_joined" FROM "auth_user" WHERE "auth_user"."username" = 'UNION --' LIMIT 21; args=('UNION --',); alias=default
INFO 2024-12-17 02:55:44,426 basehttp 15700 9992 [127.0.0.1] "POST /login/ HTTP/1.1" 200 3023
DEBUG 2024-12-17 02:55:50,189 utils 15700 9992 [127.0.0.1] (0.000) SELECT "auth_user"."id", "auth_user"."password", "auth_user"."last_login", "auth_user"."is_superuser", "auth_user"."username", "auth_user"."first_name", "auth_user"."last_name", "auth_user"."email", "auth_user"."is_staff", "auth_user"."is_active", "auth_user"."date_joined" FROM "auth_user" WHERE "auth_user"."username" = '<script>alert(''XSS Test'')</script>' LIMIT 21; args=("<script>alert('XSS Test')</script>",); alias=default
INFO 2024-12-17 02:55:50,574 basehttp 15700 9992 [127.0.0.1] "POST /login/ HTTP/1.1" 200 3023
DEBUG 2024-12-17 02:55:53,504 utils 15700 9992 [127.0.0.1] (0.000) SELECT "auth_user"."id", "auth_user"."password", "auth_user"."last_login", "auth_user"."is_superuser", "auth_user"."username", "auth_user"."first_name", "auth_user"."last_name", "auth_user"."email", "auth_user"."is_staff", "auth_user"."is_active", "auth_user"."date_joined" FROM "auth_user" WHERE "auth_user"."username" = 'UNION --' LIMIT 21; args=('UNION --',); alias=default
INFO 2024-12-17 02:55:53,892 basehttp 15700 9992 [127.0.0.1] "POST /login/ HTTP/1.1" 200 3023
DEBUG 2024-12-17 02:56:13,494 utils 15700 9992 [127.0.0.1] (0.000) SELECT "auth_user"."id", "auth_user"."password", "auth_user"."last_login", "auth_user"."is_superuser", "auth_user"."username", "auth_user"."first_name", "auth_user"."last_name", "auth_user"."email", "auth_user"."is_staff", "auth_user"."is_active", "auth_user"."date_joined" FROM "auth_user" WHERE "auth_user"."username" = 'admin' LIMIT 21; args=('admin',); alias=default
DEBUG 2024-12-17 02:56:13,885 utils 15700 9992 [127.0.0.1] (0.000) SELECT 1 AS "a" FROM "django_session" WHERE "django_session"."session_key" = '6gjh1bdsqjo0luqmcx05a3mol37homfg' LIMIT 1; args=(1, '6gjh1bdsqjo0luqmcx05a3mol37homfg'); alias=default
DEBUG 2024-12-17 02:56:13,885 utils 15700 9992 [127.0.0.1] (0.000) BEGIN; args=None; alias=default
DEBUG 2024-12-17 02:56:13,888 utils 15700 9992 [127.0.0.1] (0.000) INSERT INTO "django_session" ("session_key", "session_data", "expire_date") VALUES ('6gjh1bdsqjo0luqmcx05a3mol37homfg', 'e30:1tNHCP:GHzHXKUDRWWTgJ9aawdPRkzG06LoI3oVEhChqBtyKBU', '2024-12-30 19:56:13.885608'); args=('6gjh1bdsqjo0luqmcx05a3mol37homfg', 'e30:1tNHCP:GHzHXKUDRWWTgJ9aawdPRkzG06LoI3oVEhChqBtyKBU', '2024-12-30 19:56:13.885608'); alias=default
DEBUG 2024-12-17 02:56:13,892 utils 15700 9992 [127.0.0.1] (0.000) COMMIT; args=None; alias=default
DEBUG 2024-12-17 02:56:13,897 utils 15700 9992 [127.0.0.1] (0.000) UPDATE "auth_user" SET "last_login" = '2024-12-16 19:56:13.893875' WHERE "auth_user"."id" = 2; args=('2024-12-16 19:56:13.893875', 2); alias=default
DEBUG 2024-12-17 02:56:13,898 utils 15700 9992 [127.0.0.1] (0.000) BEGIN; args=None; alias=default
DEBUG 2024-12-17 02:56:13,900 utils 15700 9992 [127.0.0.1] (0.000) UPDATE "django_session" SET "session_data" = '.eJxVjMsOwiAQRf-FtSEdCgx16d5vIDM8pGogKe3K-O_apAvd3nPOfQlP21r81tPi5yjOQonT78YUHqnuIN6p3poMra7LzHJX5EG7vLaYnpfD_Tso1Mu3zsGZZPToyMBgoiIdQCFkzNaqDADMTDAaTtohWwesERMPaCNOUxzF-wPV_zdz:1tNHCP:rV3ymGUu-1r9tW4TUE3_9WzPCNEs5ayzmBH0jhM_FSg', "expire_date" = '2024-12-30 19:56:13.898848' WHERE "django_session"."session_key" = '6gjh1bdsqjo0luqmcx05a3mol37homfg'; args=('.eJxVjMsOwiAQRf-FtSEdCgx16d5vIDM8pGogKe3K-O_apAvd3nPOfQlP21r81tPi5yjOQonT78YUHqnuIN6p3poMra7LzHJX5EG7vLaYnpfD_Tso1Mu3zsGZZPToyMBgoiIdQCFkzNaqDADMTDAaTtohWwesERMPaCNOUxzF-wPV_zdz:1tNHCP:rV3ymGUu-1r9tW4TUE3_9WzPCNEs5ayzmBH0jhM_FSg', '2024-12-30 19:56:13.898848', '6gjh1bdsqjo0luqmcx05a3mol37homfg'); alias=default
DEBUG 2024-12-17 02:56:13,903 utils 15700 9992 [127.0.0.1] (0.000) COMMIT; args=None; alias=default
INFO 2024-12-17 02:56:13,904 basehttp 15700 9992 [127.0.0.1] "POST /login/ HTTP/1.1" 302 0
DEBUG 2024-12-17 02:56:13,916 utils 15700 9992 [127.0.0.1] (0.000) SELECT "django_session"."session_key", "django_session"."session_data", "django_session"."expire_date" FROM "django_session" WHERE ("django_session"."expire_date" > '2024-12-16 19:56:13.913604' AND "django_session"."session_key" = '6gjh1bdsqjo0luqmcx05a3mol37homfg') LIMIT 21; args=('2024-12-16 19:56:13.913604', '6gjh1bdsqjo0luqmcx05a3mol37homfg'); alias=default
DEBUG 2024-12-17 02:56:13,917 utils 15700 9992 [127.0.0.1] (0.000) SELECT "auth_user"."id", "auth_user"."password", "auth_user"."last_login", "auth_user"."is_superuser", "auth_user"."username", "auth_user"."first_name", "auth_user"."last_name", "auth_user"."email", "auth_user"."is_staff", "auth_user"."is_active", "auth_user"."date_joined" FROM "auth_user" WHERE "auth_user"."id" = 2 LIMIT 21; args=(2,); alias=default
DEBUG 2024-12-17 02:56:13,919 utils 15700 9992 [127.0.0.1] (0.000) SELECT "app_customerinfo"."id", "app_customerinfo"."user_id", "app_customerinfo"."name", "app_customerinfo"."phone", "app_customerinfo"."address", "app_customerinfo"."date_of_birth", "app_customerinfo"."profile_picture" FROM "app_customerinfo" WHERE "app_customerinfo"."user_id" = 2 LIMIT 21; args=(2,); alias=default
INFO 2024-12-17 02:56:13,920 basehttp 15700 9992 [127.0.0.1] "GET / HTTP/1.1" 200 2919
DEBUG 2024-12-17 02:56:15,127 utils 15700 9992 [127.0.0.1] (0.000) SELECT "django_session"."session_key", "django_session"."session_data", "django_session"."expire_date" FROM "django_session" WHERE ("django_session"."expire_date" > '2024-12-16 19:56:15.126255' AND "django_session"."session_key" = '6gjh1bdsqjo0luqmcx05a3mol37homfg') LIMIT 21; args=('2024-12-16 19:56:15.126255', '6gjh1bdsqjo0luqmcx05a3mol37homfg'); alias=default
DEBUG 2024-12-17 02:56:15,128 utils 15700 9992 [127.0.0.1] (0.000) SELECT "auth_user"."id", "auth_user"."password", "auth_user"."last_login", "auth_user"."is_superuser", "auth_user"."username", "auth_user"."first_name", "auth_user"."last_name", "auth_user"."email", "auth_user"."is_staff", "auth_user"."is_active", "auth_user"."date_joined" FROM "auth_user" WHERE "auth_user"."id" = 2 LIMIT 21; args=(2,); alias=default
DEBUG 2024-12-17 02:56:15,129 utils 15700 9992 [127.0.0.1] (0.000) SELECT "app_customerinfo"."id", "app_customerinfo"."user_id", "app_customerinfo"."name", "app_customerinfo"."phone", "app_customerinfo"."address", "app_customerinfo"."date_of_birth", "app_customerinfo"."profile_picture" FROM "app_customerinfo" WHERE "app_customerinfo"."user_id" = 2 LIMIT 21; args=(2,); alias=default
INFO 2024-12-17 02:56:15,133 basehttp 15700 9992 [127.0.0.1] "GET /profile/edit/ HTTP/1.1" 200 5019
INFO 2024-12-17 02:56:15,210 basehttp 15700 9992 [127.0.0.1] "GET /app/media/customers/dadaada_bjNXd7r.php HTTP/1.1" 200 13
DEBUG 2024-12-17 02:56:16,302 utils 15700 9992 [127.0.0.1] (0.000) SELECT "django_session"."session_key", "django_session"."session_data", "django_session"."expire_date" FROM "django_session" WHERE ("django_session"."expire_date" > '2024-12-16 19:56:16.300324' AND "django_session"."session_key" = '6gjh1bdsqjo0luqmcx05a3mol37homfg') LIMIT 21; args=('2024-12-16 19:56:16.300324', '6gjh1bdsqjo0luqmcx05a3mol37homfg'); alias=default
DEBUG 2024-12-17 02:56:16,304 utils 15700 9992 [127.0.0.1] (0.000) SELECT "auth_user"."id", "auth_user"."password", "auth_user"."last_login", "auth_user"."is_superuser", "auth_user"."username", "auth_user"."first_name", "auth_user"."last_name", "auth_user"."email", "auth_user"."is_staff", "auth_user"."is_active", "auth_user"."date_joined" FROM "auth_user" WHERE "auth_user"."id" = 2 LIMIT 21; args=(2,); alias=default
DEBUG 2024-12-17 02:56:16,306 utils 15700 9992 [127.0.0.1] (0.000) SELECT "app_customerinfo"."id", "app_customerinfo"."user_id", "app_customerinfo"."name", "app_customerinfo"."phone", "app_customerinfo"."address", "app_customerinfo"."date_of_birth", "app_customerinfo"."profile_picture" FROM "app_customerinfo" WHERE "app_customerinfo"."user_id" = 2 LIMIT 21; args=(2,); alias=default
INFO 2024-12-17 02:56:16,308 basehttp 15700 9992 [127.0.0.1] "GET / HTTP/1.1" 200 2919
DEBUG 2024-12-17 02:56:19,431 utils 15700 9992 [127.0.0.1] (0.016) SELECT "django_session"."session_key", "django_session"."session_data", "django_session"."expire_date" FROM "django_session" WHERE ("django_session"."expire_date" > '2024-12-16 19:56:19.429282' AND "django_session"."session_key" = '6gjh1bdsqjo0luqmcx05a3mol37homfg') LIMIT 21; args=('2024-12-16 19:56:19.429282', '6gjh1bdsqjo0luqmcx05a3mol37homfg'); alias=default
DEBUG 2024-12-17 02:56:19,432 utils 15700 9992 [127.0.0.1] (0.000) SELECT "auth_user"."id", "auth_user"."password", "auth_user"."last_login", "auth_user"."is_superuser", "auth_user"."username", "auth_user"."first_name", "auth_user"."last_name", "auth_user"."email", "auth_user"."is_staff", "auth_user"."is_active", "auth_user"."date_joined" FROM "auth_user" WHERE "auth_user"."id" = 2 LIMIT 21; args=(2,); alias=default
DEBUG 2024-12-17 02:56:19,432 utils 15700 9992 [127.0.0.1] (0.000) SELECT "django_session"."session_key", "django_session"."session_data", "django_session"."expire_date" FROM "django_session" WHERE "django_session"."session_key" = '6gjh1bdsqjo0luqmcx05a3mol37homfg' LIMIT 21; args=('6gjh1bdsqjo0luqmcx05a3mol37homfg',); alias=default
DEBUG 2024-12-17 02:56:19,439 utils 15700 9992 [127.0.0.1] (0.000) DELETE FROM "django_session" WHERE "django_session"."session_key" IN ('6gjh1bdsqjo0luqmcx05a3mol37homfg'); args=('6gjh1bdsqjo0luqmcx05a3mol37homfg',); alias=default
INFO 2024-12-17 02:56:19,440 basehttp 15700 9992 [127.0.0.1] "GET /logout/ HTTP/1.1" 302 0
INFO 2024-12-17 02:56:19,455 basehttp 15700 9992 [127.0.0.1] "GET / HTTP/1.1" 200 2597
DEBUG 2024-12-17 02:57:34,443 utils 15228 14552 [-] (0.000) 
            SELECT name, type FROM sqlite_master
            WHERE type in ('table', 'view') AND NOT name='sqlite_sequence'
            ORDER BY name; args=None; alias=default
DEBUG 2024-12-17 02:57:34,447 utils 15228 14552 [-] (0.000) SELECT "django_migrations"."id", "django_migrations"."app", "django_migrations"."name", "django_migrations"."applied" FROM "django_migrations"; args=(); alias=default
INFO 2024-12-17 02:57:36,742 basehttp 15228 15724 [127.0.0.1] "GET / HTTP/1.1" 200 2597
INFO 2024-12-17 02:58:25,592 basehttp 15228 15724 [127.0.0.1] "GET /login/ HTTP/1.1" 200 2674
DEBUG 2024-12-17 02:58:32,327 utils 15228 15724 [127.0.0.1] (0.000) SELECT "auth_user"."id", "auth_user"."password", "auth_user"."last_login", "auth_user"."is_superuser", "auth_user"."username", "auth_user"."first_name", "auth_user"."last_name", "auth_user"."email", "auth_user"."is_staff", "auth_user"."is_active", "auth_user"."date_joined" FROM "auth_user" WHERE "auth_user"."username" = '<script>alert(''XSS Test'')</script>' LIMIT 21; args=("<script>alert('XSS Test')</script>",); alias=default
INFO 2024-12-17 02:58:32,732 basehttp 15228 15724 [127.0.0.1] "POST /login/ HTTP/1.1" 200 3023
DEBUG 2024-12-17 03:17:09,134 utils 10136 4832 [-] (0.000) 
            SELECT name, type FROM sqlite_master
            WHERE type in ('table', 'view') AND NOT name='sqlite_sequence'
            ORDER BY name; args=None; alias=default
DEBUG 2024-12-17 03:17:09,138 utils 10136 4832 [-] (0.000) SELECT "django_migrations"."id", "django_migrations"."app", "django_migrations"."name", "django_migrations"."applied" FROM "django_migrations"; args=(); alias=default
INFO 2024-12-17 03:17:10,570 basehttp 10136 1588 [127.0.0.1] "GET / HTTP/1.1" 200 2597
INFO 2024-12-17 03:17:14,245 basehttp 10136 1588 [127.0.0.1] "GET /login/ HTTP/1.1" 200 2674
DEBUG 2024-12-17 03:17:15,284 utils 10136 1588 [127.0.0.1] (0.000) SELECT "auth_user"."id", "auth_user"."password", "auth_user"."last_login", "auth_user"."is_superuser", "auth_user"."username", "auth_user"."first_name", "auth_user"."last_name", "auth_user"."email", "auth_user"."is_staff", "auth_user"."is_active", "auth_user"."date_joined" FROM "auth_user" WHERE "auth_user"."username" = 'admin' LIMIT 21; args=('admin',); alias=default
DEBUG 2024-12-17 03:17:15,694 utils 10136 1588 [127.0.0.1] (0.000) SELECT 1 AS "a" FROM "django_session" WHERE "django_session"."session_key" = 'rksilwnet2silq1k1xqzgp6ycxc7qrio' LIMIT 1; args=(1, 'rksilwnet2silq1k1xqzgp6ycxc7qrio'); alias=default
DEBUG 2024-12-17 03:17:15,694 utils 10136 1588 [127.0.0.1] (0.000) BEGIN; args=None; alias=default
DEBUG 2024-12-17 03:17:15,696 utils 10136 1588 [127.0.0.1] (0.000) INSERT INTO "django_session" ("session_key", "session_data", "expire_date") VALUES ('rksilwnet2silq1k1xqzgp6ycxc7qrio', 'e30:1tNHWl:k6uUBEhCV8zEPNXFQ9mltT7gsdWlWc5RWeG3SL4WrOE', '2024-12-30 20:17:15.694468'); args=('rksilwnet2silq1k1xqzgp6ycxc7qrio', 'e30:1tNHWl:k6uUBEhCV8zEPNXFQ9mltT7gsdWlWc5RWeG3SL4WrOE', '2024-12-30 20:17:15.694468'); alias=default
DEBUG 2024-12-17 03:17:15,699 utils 10136 1588 [127.0.0.1] (0.016) COMMIT; args=None; alias=default
DEBUG 2024-12-17 03:17:15,704 utils 10136 1588 [127.0.0.1] (0.000) UPDATE "auth_user" SET "last_login" = '2024-12-16 20:17:15.700451' WHERE "auth_user"."id" = 2; args=('2024-12-16 20:17:15.700451', 2); alias=default
DEBUG 2024-12-17 03:17:15,705 utils 10136 1588 [127.0.0.1] (0.000) BEGIN; args=None; alias=default
DEBUG 2024-12-17 03:17:15,706 utils 10136 1588 [127.0.0.1] (0.000) UPDATE "django_session" SET "session_data" = '.eJxVjMsOwiAQRf-FtSEdCgx16d5vIDM8pGogKe3K-O_apAvd3nPOfQlP21r81tPi5yjOQonT78YUHqnuIN6p3poMra7LzHJX5EG7vLaYnpfD_Tso1Mu3zsGZZPToyMBgoiIdQCFkzNaqDADMTDAaTtohWwesERMPaCNOUxzF-wPV_zdz:1tNHWl:3jiKFzUxcr5OWUpehJb07vrh8j1POUsMKeD8p97MQEk', "expire_date" = '2024-12-30 20:17:15.705392' WHERE "django_session"."session_key" = 'rksilwnet2silq1k1xqzgp6ycxc7qrio'; args=('.eJxVjMsOwiAQRf-FtSEdCgx16d5vIDM8pGogKe3K-O_apAvd3nPOfQlP21r81tPi5yjOQonT78YUHqnuIN6p3poMra7LzHJX5EG7vLaYnpfD_Tso1Mu3zsGZZPToyMBgoiIdQCFkzNaqDADMTDAaTtohWwesERMPaCNOUxzF-wPV_zdz:1tNHWl:3jiKFzUxcr5OWUpehJb07vrh8j1POUsMKeD8p97MQEk', '2024-12-30 20:17:15.705392', 'rksilwnet2silq1k1xqzgp6ycxc7qrio'); alias=default
DEBUG 2024-12-17 03:17:15,709 utils 10136 1588 [127.0.0.1] (0.000) COMMIT; args=None; alias=default
INFO 2024-12-17 03:17:15,710 basehttp 10136 1588 [127.0.0.1] "POST /login/ HTTP/1.1" 302 0
DEBUG 2024-12-17 03:17:15,721 utils 10136 1588 [127.0.0.1] (0.000) SELECT "django_session"."session_key", "django_session"."session_data", "django_session"."expire_date" FROM "django_session" WHERE ("django_session"."expire_date" > '2024-12-16 20:17:15.719580' AND "django_session"."session_key" = 'rksilwnet2silq1k1xqzgp6ycxc7qrio') LIMIT 21; args=('2024-12-16 20:17:15.719580', 'rksilwnet2silq1k1xqzgp6ycxc7qrio'); alias=default
DEBUG 2024-12-17 03:17:15,722 utils 10136 1588 [127.0.0.1] (0.000) SELECT "auth_user"."id", "auth_user"."password", "auth_user"."last_login", "auth_user"."is_superuser", "auth_user"."username", "auth_user"."first_name", "auth_user"."last_name", "auth_user"."email", "auth_user"."is_staff", "auth_user"."is_active", "auth_user"."date_joined" FROM "auth_user" WHERE "auth_user"."id" = 2 LIMIT 21; args=(2,); alias=default
DEBUG 2024-12-17 03:17:15,723 utils 10136 1588 [127.0.0.1] (0.000) SELECT "app_customerinfo"."id", "app_customerinfo"."user_id", "app_customerinfo"."name", "app_customerinfo"."phone", "app_customerinfo"."address", "app_customerinfo"."date_of_birth", "app_customerinfo"."profile_picture" FROM "app_customerinfo" WHERE "app_customerinfo"."user_id" = 2 LIMIT 21; args=(2,); alias=default
INFO 2024-12-17 03:17:15,724 basehttp 10136 1588 [127.0.0.1] "GET / HTTP/1.1" 200 2919
DEBUG 2024-12-17 03:17:16,997 utils 10136 1588 [127.0.0.1] (0.000) SELECT "django_session"."session_key", "django_session"."session_data", "django_session"."expire_date" FROM "django_session" WHERE ("django_session"."expire_date" > '2024-12-16 20:17:16.996278' AND "django_session"."session_key" = 'rksilwnet2silq1k1xqzgp6ycxc7qrio') LIMIT 21; args=('2024-12-16 20:17:16.996278', 'rksilwnet2silq1k1xqzgp6ycxc7qrio'); alias=default
DEBUG 2024-12-17 03:17:16,998 utils 10136 1588 [127.0.0.1] (0.000) SELECT "auth_user"."id", "auth_user"."password", "auth_user"."last_login", "auth_user"."is_superuser", "auth_user"."username", "auth_user"."first_name", "auth_user"."last_name", "auth_user"."email", "auth_user"."is_staff", "auth_user"."is_active", "auth_user"."date_joined" FROM "auth_user" WHERE "auth_user"."id" = 2 LIMIT 21; args=(2,); alias=default
DEBUG 2024-12-17 03:17:17,000 utils 10136 1588 [127.0.0.1] (0.000) SELECT "app_customerinfo"."id", "app_customerinfo"."user_id", "app_customerinfo"."name", "app_customerinfo"."phone", "app_customerinfo"."address", "app_customerinfo"."date_of_birth", "app_customerinfo"."profile_picture" FROM "app_customerinfo" WHERE "app_customerinfo"."user_id" = 2 LIMIT 21; args=(2,); alias=default
DEBUG 2024-12-17 03:17:17,001 utils 10136 1588 [127.0.0.1] (0.000) SELECT "app_product"."id", "app_product"."owner_id", "app_product"."name", "app_product"."price", "app_product"."image", "app_product"."description" FROM "app_product"; args=(); alias=default
INFO 2024-12-17 03:17:17,010 basehttp 10136 1588 [127.0.0.1] "GET /products/ HTTP/1.1" 200 4022
DEBUG 2024-12-17 03:17:47,149 utils 10136 1588 [127.0.0.1] (0.000) SELECT "django_session"."session_key", "django_session"."session_data", "django_session"."expire_date" FROM "django_session" WHERE ("django_session"."expire_date" > '2024-12-16 20:17:47.147555' AND "django_session"."session_key" = 'rksilwnet2silq1k1xqzgp6ycxc7qrio') LIMIT 21; args=('2024-12-16 20:17:47.147555', 'rksilwnet2silq1k1xqzgp6ycxc7qrio'); alias=default
DEBUG 2024-12-17 03:17:47,149 utils 10136 1588 [127.0.0.1] (0.000) SELECT "auth_user"."id", "auth_user"."password", "auth_user"."last_login", "auth_user"."is_superuser", "auth_user"."username", "auth_user"."first_name", "auth_user"."last_name", "auth_user"."email", "auth_user"."is_staff", "auth_user"."is_active", "auth_user"."date_joined" FROM "auth_user" WHERE "auth_user"."id" = 2 LIMIT 21; args=(2,); alias=default
DEBUG 2024-12-17 03:17:47,150 utils 10136 1588 [127.0.0.1] (0.000) SELECT "app_cart"."id", "app_cart"."user_id" FROM "app_cart" WHERE "app_cart"."user_id" = 2 LIMIT 21; args=(2,); alias=default
DEBUG 2024-12-17 03:17:47,151 utils 10136 1588 [127.0.0.1] (0.000) SELECT "app_cartitem"."id", "app_cartitem"."cart_id", "app_cartitem"."product_id", "app_cartitem"."quantity" FROM "app_cartitem" WHERE "app_cartitem"."cart_id" = 2; args=(2,); alias=default
DEBUG 2024-12-17 03:17:47,152 utils 10136 1588 [127.0.0.1] (0.000) SELECT "app_product"."id", "app_product"."owner_id", "app_product"."name", "app_product"."price", "app_product"."image", "app_product"."description" FROM "app_product" WHERE "app_product"."id" = 8 LIMIT 21; args=(8,); alias=default
DEBUG 2024-12-17 03:17:47,155 utils 10136 1588 [127.0.0.1] (0.000) SELECT "app_customerinfo"."id", "app_customerinfo"."user_id", "app_customerinfo"."name", "app_customerinfo"."phone", "app_customerinfo"."address", "app_customerinfo"."date_of_birth", "app_customerinfo"."profile_picture" FROM "app_customerinfo" WHERE "app_customerinfo"."user_id" = 2 LIMIT 21; args=(2,); alias=default
DEBUG 2024-12-17 03:17:47,156 utils 10136 1588 [127.0.0.1] (0.000) SELECT "app_cartitem"."id", "app_cartitem"."cart_id", "app_cartitem"."product_id", "app_cartitem"."quantity" FROM "app_cartitem" WHERE "app_cartitem"."cart_id" = 2; args=(2,); alias=default
DEBUG 2024-12-17 03:17:47,157 utils 10136 1588 [127.0.0.1] (0.000) SELECT "app_product"."id", "app_product"."owner_id", "app_product"."name", "app_product"."price", "app_product"."image", "app_product"."description" FROM "app_product" WHERE "app_product"."id" = 8 LIMIT 21; args=(8,); alias=default
DEBUG 2024-12-17 03:17:47,159 utils 10136 1588 [127.0.0.1] (0.000) BEGIN; args=None; alias=default
DEBUG 2024-12-17 03:17:47,161 utils 10136 1588 [127.0.0.1] (0.000) UPDATE "django_session" SET "session_data" = '.eJxVjDsOgzAQRO_iOrJY4x-U6XMGa9deBxKEIzBVlLsHJIpE0828eW8RcKtD2FZewphEL5S4_HaE8cnzMaQHzvciY5nrMpI8EHmuq7yVxNP1ZP8EA67D_s7RGza69WigMUmhjqAcZJetVRkAiAihNcTaO7IeSDvH1DibXNeldpfWUnEKr2WMLPrOH5HN5wspTj5k:1tNHXH:ZOOmmRjXy6K3o8ppnmHoPykIz4_9PVsfgZFR2XCqX3s', "expire_date" = '2024-12-30 20:17:47.159765' WHERE "django_session"."session_key" = 'rksilwnet2silq1k1xqzgp6ycxc7qrio'; args=('.eJxVjDsOgzAQRO_iOrJY4x-U6XMGa9deBxKEIzBVlLsHJIpE0828eW8RcKtD2FZewphEL5S4_HaE8cnzMaQHzvciY5nrMpI8EHmuq7yVxNP1ZP8EA67D_s7RGza69WigMUmhjqAcZJetVRkAiAihNcTaO7IeSDvH1DibXNeldpfWUnEKr2WMLPrOH5HN5wspTj5k:1tNHXH:ZOOmmRjXy6K3o8ppnmHoPykIz4_9PVsfgZFR2XCqX3s', '2024-12-30 20:17:47.159765', 'rksilwnet2silq1k1xqzgp6ycxc7qrio'); alias=default
DEBUG 2024-12-17 03:17:47,165 utils 10136 1588 [127.0.0.1] (0.000) COMMIT; args=None; alias=default
INFO 2024-12-17 03:17:47,165 basehttp 10136 1588 [127.0.0.1] "GET /cart/ HTTP/1.1" 200 3229
DEBUG 2024-12-17 03:17:47,831 utils 10136 1588 [127.0.0.1] (0.000) SELECT "django_session"."session_key", "django_session"."session_data", "django_session"."expire_date" FROM "django_session" WHERE ("django_session"."expire_date" > '2024-12-16 20:17:47.829239' AND "django_session"."session_key" = 'rksilwnet2silq1k1xqzgp6ycxc7qrio') LIMIT 21; args=('2024-12-16 20:17:47.829239', 'rksilwnet2silq1k1xqzgp6ycxc7qrio'); alias=default
DEBUG 2024-12-17 03:17:47,832 utils 10136 1588 [127.0.0.1] (0.000) SELECT "auth_user"."id", "auth_user"."password", "auth_user"."last_login", "auth_user"."is_superuser", "auth_user"."username", "auth_user"."first_name", "auth_user"."last_name", "auth_user"."email", "auth_user"."is_staff", "auth_user"."is_active", "auth_user"."date_joined" FROM "auth_user" WHERE "auth_user"."id" = 2 LIMIT 21; args=(2,); alias=default
DEBUG 2024-12-17 03:17:47,835 utils 10136 1588 [127.0.0.1] (0.000) SELECT "app_customerinfo"."id", "app_customerinfo"."user_id", "app_customerinfo"."name", "app_customerinfo"."phone", "app_customerinfo"."address", "app_customerinfo"."date_of_birth", "app_customerinfo"."profile_picture" FROM "app_customerinfo" WHERE "app_customerinfo"."user_id" = 2 LIMIT 21; args=(2,); alias=default
DEBUG 2024-12-17 03:17:47,837 utils 10136 1588 [127.0.0.1] (0.015) SELECT "app_product"."id", "app_product"."owner_id", "app_product"."name", "app_product"."price", "app_product"."image", "app_product"."description" FROM "app_product" WHERE "app_product"."owner_id" = 2; args=(2,); alias=default
INFO 2024-12-17 03:17:47,838 basehttp 10136 1588 [127.0.0.1] "GET /your-products/ HTTP/1.1" 200 2419
DEBUG 2024-12-17 03:17:48,468 utils 10136 1588 [127.0.0.1] (0.000) SELECT "django_session"."session_key", "django_session"."session_data", "django_session"."expire_date" FROM "django_session" WHERE ("django_session"."expire_date" > '2024-12-16 20:17:48.467970' AND "django_session"."session_key" = 'rksilwnet2silq1k1xqzgp6ycxc7qrio') LIMIT 21; args=('2024-12-16 20:17:48.467970', 'rksilwnet2silq1k1xqzgp6ycxc7qrio'); alias=default
DEBUG 2024-12-17 03:17:48,469 utils 10136 1588 [127.0.0.1] (0.000) SELECT "auth_user"."id", "auth_user"."password", "auth_user"."last_login", "auth_user"."is_superuser", "auth_user"."username", "auth_user"."first_name", "auth_user"."last_name", "auth_user"."email", "auth_user"."is_staff", "auth_user"."is_active", "auth_user"."date_joined" FROM "auth_user" WHERE "auth_user"."id" = 2 LIMIT 21; args=(2,); alias=default
DEBUG 2024-12-17 03:17:48,470 utils 10136 1588 [127.0.0.1] (0.000) SELECT "app_cart"."id", "app_cart"."user_id" FROM "app_cart" WHERE "app_cart"."user_id" = 2 LIMIT 21; args=(2,); alias=default
DEBUG 2024-12-17 03:17:48,471 utils 10136 1588 [127.0.0.1] (0.000) SELECT "app_cartitem"."id", "app_cartitem"."cart_id", "app_cartitem"."product_id", "app_cartitem"."quantity" FROM "app_cartitem" WHERE "app_cartitem"."cart_id" = 2; args=(2,); alias=default
DEBUG 2024-12-17 03:17:48,471 utils 10136 1588 [127.0.0.1] (0.000) SELECT "app_product"."id", "app_product"."owner_id", "app_product"."name", "app_product"."price", "app_product"."image", "app_product"."description" FROM "app_product" WHERE "app_product"."id" = 8 LIMIT 21; args=(8,); alias=default
DEBUG 2024-12-17 03:17:48,474 utils 10136 1588 [127.0.0.1] (0.000) SELECT "app_customerinfo"."id", "app_customerinfo"."user_id", "app_customerinfo"."name", "app_customerinfo"."phone", "app_customerinfo"."address", "app_customerinfo"."date_of_birth", "app_customerinfo"."profile_picture" FROM "app_customerinfo" WHERE "app_customerinfo"."user_id" = 2 LIMIT 21; args=(2,); alias=default
DEBUG 2024-12-17 03:17:48,475 utils 10136 1588 [127.0.0.1] (0.000) SELECT "app_cartitem"."id", "app_cartitem"."cart_id", "app_cartitem"."product_id", "app_cartitem"."quantity" FROM "app_cartitem" WHERE "app_cartitem"."cart_id" = 2; args=(2,); alias=default
DEBUG 2024-12-17 03:17:48,476 utils 10136 1588 [127.0.0.1] (0.000) SELECT "app_product"."id", "app_product"."owner_id", "app_product"."name", "app_product"."price", "app_product"."image", "app_product"."description" FROM "app_product" WHERE "app_product"."id" = 8 LIMIT 21; args=(8,); alias=default
DEBUG 2024-12-17 03:17:48,477 utils 10136 1588 [127.0.0.1] (0.000) BEGIN; args=None; alias=default
DEBUG 2024-12-17 03:17:48,478 utils 10136 1588 [127.0.0.1] (0.016) UPDATE "django_session" SET "session_data" = '.eJxVjDsOgzAQRO_iOrJY4x-U6XMGa9deBxKEIzBVlLsHJIpE0828eW8RcKtD2FZewphEL5S4_HaE8cnzMaQHzvciY5nrMpI8EHmuq7yVxNP1ZP8EA67D_s7RGza69WigMUmhjqAcZJetVRkAiAihNcTaO7IeSDvH1DibXNeldpfWUnEKr2WMLPrOH5HN5wspTj5k:1tNHXI:VM4uDHG0f00mm-WxGCLMPo2b1ChDGASRNatYWljU4SQ', "expire_date" = '2024-12-30 20:17:48.477670' WHERE "django_session"."session_key" = 'rksilwnet2silq1k1xqzgp6ycxc7qrio'; args=('.eJxVjDsOgzAQRO_iOrJY4x-U6XMGa9deBxKEIzBVlLsHJIpE0828eW8RcKtD2FZewphEL5S4_HaE8cnzMaQHzvciY5nrMpI8EHmuq7yVxNP1ZP8EA67D_s7RGza69WigMUmhjqAcZJetVRkAiAihNcTaO7IeSDvH1DibXNeldpfWUnEKr2WMLPrOH5HN5wspTj5k:1tNHXI:VM4uDHG0f00mm-WxGCLMPo2b1ChDGASRNatYWljU4SQ', '2024-12-30 20:17:48.477670', 'rksilwnet2silq1k1xqzgp6ycxc7qrio'); alias=default
DEBUG 2024-12-17 03:17:48,482 utils 10136 1588 [127.0.0.1] (0.000) COMMIT; args=None; alias=default
INFO 2024-12-17 03:17:48,483 basehttp 10136 1588 [127.0.0.1] "GET /cart/ HTTP/1.1" 200 3229
DEBUG 2024-12-17 03:17:48,920 utils 10136 1588 [127.0.0.1] (0.000) SELECT "django_session"."session_key", "django_session"."session_data", "django_session"."expire_date" FROM "django_session" WHERE ("django_session"."expire_date" > '2024-12-16 20:17:48.917720' AND "django_session"."session_key" = 'rksilwnet2silq1k1xqzgp6ycxc7qrio') LIMIT 21; args=('2024-12-16 20:17:48.917720', 'rksilwnet2silq1k1xqzgp6ycxc7qrio'); alias=default
DEBUG 2024-12-17 03:17:48,921 utils 10136 1588 [127.0.0.1] (0.000) SELECT "auth_user"."id", "auth_user"."password", "auth_user"."last_login", "auth_user"."is_superuser", "auth_user"."username", "auth_user"."first_name", "auth_user"."last_name", "auth_user"."email", "auth_user"."is_staff", "auth_user"."is_active", "auth_user"."date_joined" FROM "auth_user" WHERE "auth_user"."id" = 2 LIMIT 21; args=(2,); alias=default
DEBUG 2024-12-17 03:17:48,925 utils 10136 1588 [127.0.0.1] (0.000) SELECT "app_customerinfo"."id", "app_customerinfo"."user_id", "app_customerinfo"."name", "app_customerinfo"."phone", "app_customerinfo"."address", "app_customerinfo"."date_of_birth", "app_customerinfo"."profile_picture" FROM "app_customerinfo" WHERE "app_customerinfo"."user_id" = 2 LIMIT 21; args=(2,); alias=default
DEBUG 2024-12-17 03:17:48,927 utils 10136 1588 [127.0.0.1] (0.000) SELECT "app_product"."id", "app_product"."owner_id", "app_product"."name", "app_product"."price", "app_product"."image", "app_product"."description" FROM "app_product"; args=(); alias=default
INFO 2024-12-17 03:17:48,929 basehttp 10136 1588 [127.0.0.1] "GET /products/ HTTP/1.1" 200 4022
DEBUG 2024-12-17 03:17:49,385 utils 10136 1588 [127.0.0.1] (0.016) SELECT "django_session"."session_key", "django_session"."session_data", "django_session"."expire_date" FROM "django_session" WHERE ("django_session"."expire_date" > '2024-12-16 20:17:49.384000' AND "django_session"."session_key" = 'rksilwnet2silq1k1xqzgp6ycxc7qrio') LIMIT 21; args=('2024-12-16 20:17:49.384000', 'rksilwnet2silq1k1xqzgp6ycxc7qrio'); alias=default
DEBUG 2024-12-17 03:17:49,386 utils 10136 1588 [127.0.0.1] (0.000) SELECT "auth_user"."id", "auth_user"."password", "auth_user"."last_login", "auth_user"."is_superuser", "auth_user"."username", "auth_user"."first_name", "auth_user"."last_name", "auth_user"."email", "auth_user"."is_staff", "auth_user"."is_active", "auth_user"."date_joined" FROM "auth_user" WHERE "auth_user"."id" = 2 LIMIT 21; args=(2,); alias=default
DEBUG 2024-12-17 03:17:49,386 utils 10136 1588 [127.0.0.1] (0.000) SELECT "app_cart"."id", "app_cart"."user_id" FROM "app_cart" WHERE "app_cart"."user_id" = 2 LIMIT 21; args=(2,); alias=default
DEBUG 2024-12-17 03:17:49,386 utils 10136 1588 [127.0.0.1] (0.000) SELECT "app_cartitem"."id", "app_cartitem"."cart_id", "app_cartitem"."product_id", "app_cartitem"."quantity" FROM "app_cartitem" WHERE "app_cartitem"."cart_id" = 2; args=(2,); alias=default
DEBUG 2024-12-17 03:17:49,387 utils 10136 1588 [127.0.0.1] (0.000) SELECT "app_product"."id", "app_product"."owner_id", "app_product"."name", "app_product"."price", "app_product"."image", "app_product"."description" FROM "app_product" WHERE "app_product"."id" = 8 LIMIT 21; args=(8,); alias=default
DEBUG 2024-12-17 03:17:49,389 utils 10136 1588 [127.0.0.1] (0.000) SELECT "app_customerinfo"."id", "app_customerinfo"."user_id", "app_customerinfo"."name", "app_customerinfo"."phone", "app_customerinfo"."address", "app_customerinfo"."date_of_birth", "app_customerinfo"."profile_picture" FROM "app_customerinfo" WHERE "app_customerinfo"."user_id" = 2 LIMIT 21; args=(2,); alias=default
DEBUG 2024-12-17 03:17:49,391 utils 10136 1588 [127.0.0.1] (0.000) SELECT "app_cartitem"."id", "app_cartitem"."cart_id", "app_cartitem"."product_id", "app_cartitem"."quantity" FROM "app_cartitem" WHERE "app_cartitem"."cart_id" = 2; args=(2,); alias=default
DEBUG 2024-12-17 03:17:49,392 utils 10136 1588 [127.0.0.1] (0.000) SELECT "app_product"."id", "app_product"."owner_id", "app_product"."name", "app_product"."price", "app_product"."image", "app_product"."description" FROM "app_product" WHERE "app_product"."id" = 8 LIMIT 21; args=(8,); alias=default
DEBUG 2024-12-17 03:17:49,393 utils 10136 1588 [127.0.0.1] (0.000) BEGIN; args=None; alias=default
DEBUG 2024-12-17 03:17:49,393 utils 10136 1588 [127.0.0.1] (0.000) UPDATE "django_session" SET "session_data" = '.eJxVjDsOgzAQRO_iOrJY4x-U6XMGa9deBxKEIzBVlLsHJIpE0828eW8RcKtD2FZewphEL5S4_HaE8cnzMaQHzvciY5nrMpI8EHmuq7yVxNP1ZP8EA67D_s7RGza69WigMUmhjqAcZJetVRkAiAihNcTaO7IeSDvH1DibXNeldpfWUnEKr2WMLPrOH5HN5wspTj5k:1tNHXJ:_XTfXkWKdKU55XNu_PuphN9KZ4EXEv38dQzzenSsW9I', "expire_date" = '2024-12-30 20:17:49.393017' WHERE "django_session"."session_key" = 'rksilwnet2silq1k1xqzgp6ycxc7qrio'; args=('.eJxVjDsOgzAQRO_iOrJY4x-U6XMGa9deBxKEIzBVlLsHJIpE0828eW8RcKtD2FZewphEL5S4_HaE8cnzMaQHzvciY5nrMpI8EHmuq7yVxNP1ZP8EA67D_s7RGza69WigMUmhjqAcZJetVRkAiAihNcTaO7IeSDvH1DibXNeldpfWUnEKr2WMLPrOH5HN5wspTj5k:1tNHXJ:_XTfXkWKdKU55XNu_PuphN9KZ4EXEv38dQzzenSsW9I', '2024-12-30 20:17:49.393017', 'rksilwnet2silq1k1xqzgp6ycxc7qrio'); alias=default
DEBUG 2024-12-17 03:17:49,399 utils 10136 1588 [127.0.0.1] (0.000) COMMIT; args=None; alias=default
INFO 2024-12-17 03:17:49,400 basehttp 10136 1588 [127.0.0.1] "GET /cart/ HTTP/1.1" 200 3229
DEBUG 2024-12-17 03:17:49,834 utils 10136 1588 [127.0.0.1] (0.000) SELECT "django_session"."session_key", "django_session"."session_data", "django_session"."expire_date" FROM "django_session" WHERE ("django_session"."expire_date" > '2024-12-16 20:17:49.830764' AND "django_session"."session_key" = 'rksilwnet2silq1k1xqzgp6ycxc7qrio') LIMIT 21; args=('2024-12-16 20:17:49.830764', 'rksilwnet2silq1k1xqzgp6ycxc7qrio'); alias=default
DEBUG 2024-12-17 03:17:49,835 utils 10136 1588 [127.0.0.1] (0.000) SELECT "auth_user"."id", "auth_user"."password", "auth_user"."last_login", "auth_user"."is_superuser", "auth_user"."username", "auth_user"."first_name", "auth_user"."last_name", "auth_user"."email", "auth_user"."is_staff", "auth_user"."is_active", "auth_user"."date_joined" FROM "auth_user" WHERE "auth_user"."id" = 2 LIMIT 21; args=(2,); alias=default
DEBUG 2024-12-17 03:17:49,837 utils 10136 1588 [127.0.0.1] (0.000) SELECT "app_customerinfo"."id", "app_customerinfo"."user_id", "app_customerinfo"."name", "app_customerinfo"."phone", "app_customerinfo"."address", "app_customerinfo"."date_of_birth", "app_customerinfo"."profile_picture" FROM "app_customerinfo" WHERE "app_customerinfo"."user_id" = 2 LIMIT 21; args=(2,); alias=default
DEBUG 2024-12-17 03:17:49,838 utils 10136 1588 [127.0.0.1] (0.000) SELECT "app_product"."id", "app_product"."owner_id", "app_product"."name", "app_product"."price", "app_product"."image", "app_product"."description" FROM "app_product" WHERE "app_product"."owner_id" = 2; args=(2,); alias=default
INFO 2024-12-17 03:17:49,839 basehttp 10136 1588 [127.0.0.1] "GET /your-products/ HTTP/1.1" 200 2419
DEBUG 2024-12-17 03:17:51,324 utils 10136 1588 [127.0.0.1] (0.000) SELECT "django_session"."session_key", "django_session"."session_data", "django_session"."expire_date" FROM "django_session" WHERE ("django_session"."expire_date" > '2024-12-16 20:17:51.322915' AND "django_session"."session_key" = 'rksilwnet2silq1k1xqzgp6ycxc7qrio') LIMIT 21; args=('2024-12-16 20:17:51.322915', 'rksilwnet2silq1k1xqzgp6ycxc7qrio'); alias=default
DEBUG 2024-12-17 03:17:51,325 utils 10136 1588 [127.0.0.1] (0.000) SELECT "auth_user"."id", "auth_user"."password", "auth_user"."last_login", "auth_user"."is_superuser", "auth_user"."username", "auth_user"."first_name", "auth_user"."last_name", "auth_user"."email", "auth_user"."is_staff", "auth_user"."is_active", "auth_user"."date_joined" FROM "auth_user" WHERE "auth_user"."id" = 2 LIMIT 21; args=(2,); alias=default
DEBUG 2024-12-17 03:17:51,327 utils 10136 1588 [127.0.0.1] (0.000) SELECT "app_customerinfo"."id", "app_customerinfo"."user_id", "app_customerinfo"."name", "app_customerinfo"."phone", "app_customerinfo"."address", "app_customerinfo"."date_of_birth", "app_customerinfo"."profile_picture" FROM "app_customerinfo" WHERE "app_customerinfo"."user_id" = 2 LIMIT 21; args=(2,); alias=default
INFO 2024-12-17 03:17:51,416 basehttp 10136 1588 [127.0.0.1] "GET /add-product/ HTTP/1.1" 200 3038
DEBUG 2024-12-17 03:17:52,534 utils 10136 1588 [127.0.0.1] (0.000) SELECT "django_session"."session_key", "django_session"."session_data", "django_session"."expire_date" FROM "django_session" WHERE ("django_session"."expire_date" > '2024-12-16 20:17:52.532998' AND "django_session"."session_key" = 'rksilwnet2silq1k1xqzgp6ycxc7qrio') LIMIT 21; args=('2024-12-16 20:17:52.532998', 'rksilwnet2silq1k1xqzgp6ycxc7qrio'); alias=default
DEBUG 2024-12-17 03:17:52,535 utils 10136 1588 [127.0.0.1] (0.000) SELECT "auth_user"."id", "auth_user"."password", "auth_user"."last_login", "auth_user"."is_superuser", "auth_user"."username", "auth_user"."first_name", "auth_user"."last_name", "auth_user"."email", "auth_user"."is_staff", "auth_user"."is_active", "auth_user"."date_joined" FROM "auth_user" WHERE "auth_user"."id" = 2 LIMIT 21; args=(2,); alias=default
DEBUG 2024-12-17 03:17:52,536 utils 10136 1588 [127.0.0.1] (0.000) SELECT "app_customerinfo"."id", "app_customerinfo"."user_id", "app_customerinfo"."name", "app_customerinfo"."phone", "app_customerinfo"."address", "app_customerinfo"."date_of_birth", "app_customerinfo"."profile_picture" FROM "app_customerinfo" WHERE "app_customerinfo"."user_id" = 2 LIMIT 21; args=(2,); alias=default
INFO 2024-12-17 03:17:52,538 basehttp 10136 1588 [127.0.0.1] "GET / HTTP/1.1" 200 2919
DEBUG 2024-12-17 03:17:53,044 utils 10136 1588 [127.0.0.1] (0.000) SELECT "django_session"."session_key", "django_session"."session_data", "django_session"."expire_date" FROM "django_session" WHERE ("django_session"."expire_date" > '2024-12-16 20:17:53.043894' AND "django_session"."session_key" = 'rksilwnet2silq1k1xqzgp6ycxc7qrio') LIMIT 21; args=('2024-12-16 20:17:53.043894', 'rksilwnet2silq1k1xqzgp6ycxc7qrio'); alias=default
DEBUG 2024-12-17 03:17:53,045 utils 10136 1588 [127.0.0.1] (0.000) SELECT "auth_user"."id", "auth_user"."password", "auth_user"."last_login", "auth_user"."is_superuser", "auth_user"."username", "auth_user"."first_name", "auth_user"."last_name", "auth_user"."email", "auth_user"."is_staff", "auth_user"."is_active", "auth_user"."date_joined" FROM "auth_user" WHERE "auth_user"."id" = 2 LIMIT 21; args=(2,); alias=default
DEBUG 2024-12-17 03:17:53,046 utils 10136 1588 [127.0.0.1] (0.000) SELECT "app_customerinfo"."id", "app_customerinfo"."user_id", "app_customerinfo"."name", "app_customerinfo"."phone", "app_customerinfo"."address", "app_customerinfo"."date_of_birth", "app_customerinfo"."profile_picture" FROM "app_customerinfo" WHERE "app_customerinfo"."user_id" = 2 LIMIT 21; args=(2,); alias=default
DEBUG 2024-12-17 03:17:53,047 utils 10136 1588 [127.0.0.1] (0.000) SELECT "app_product"."id", "app_product"."owner_id", "app_product"."name", "app_product"."price", "app_product"."image", "app_product"."description" FROM "app_product"; args=(); alias=default
INFO 2024-12-17 03:17:53,048 basehttp 10136 1588 [127.0.0.1] "GET /products/ HTTP/1.1" 200 4022
DEBUG 2024-12-17 03:17:53,415 utils 10136 1588 [127.0.0.1] (0.000) SELECT "django_session"."session_key", "django_session"."session_data", "django_session"."expire_date" FROM "django_session" WHERE ("django_session"."expire_date" > '2024-12-16 20:17:53.413290' AND "django_session"."session_key" = 'rksilwnet2silq1k1xqzgp6ycxc7qrio') LIMIT 21; args=('2024-12-16 20:17:53.413290', 'rksilwnet2silq1k1xqzgp6ycxc7qrio'); alias=default
DEBUG 2024-12-17 03:17:53,416 utils 10136 1588 [127.0.0.1] (0.015) SELECT "auth_user"."id", "auth_user"."password", "auth_user"."last_login", "auth_user"."is_superuser", "auth_user"."username", "auth_user"."first_name", "auth_user"."last_name", "auth_user"."email", "auth_user"."is_staff", "auth_user"."is_active", "auth_user"."date_joined" FROM "auth_user" WHERE "auth_user"."id" = 2 LIMIT 21; args=(2,); alias=default
DEBUG 2024-12-17 03:17:53,417 utils 10136 1588 [127.0.0.1] (0.000) SELECT "app_customerinfo"."id", "app_customerinfo"."user_id", "app_customerinfo"."name", "app_customerinfo"."phone", "app_customerinfo"."address", "app_customerinfo"."date_of_birth", "app_customerinfo"."profile_picture" FROM "app_customerinfo" WHERE "app_customerinfo"."user_id" = 2 LIMIT 21; args=(2,); alias=default
DEBUG 2024-12-17 03:17:53,418 utils 10136 1588 [127.0.0.1] (0.000) SELECT "app_product"."id", "app_product"."owner_id", "app_product"."name", "app_product"."price", "app_product"."image", "app_product"."description" FROM "app_product" WHERE "app_product"."owner_id" = 2; args=(2,); alias=default
INFO 2024-12-17 03:17:53,419 basehttp 10136 1588 [127.0.0.1] "GET /your-products/ HTTP/1.1" 200 2419
DEBUG 2024-12-17 03:17:54,231 utils 10136 1588 [127.0.0.1] (0.000) SELECT "django_session"."session_key", "django_session"."session_data", "django_session"."expire_date" FROM "django_session" WHERE ("django_session"."expire_date" > '2024-12-16 20:17:54.229356' AND "django_session"."session_key" = 'rksilwnet2silq1k1xqzgp6ycxc7qrio') LIMIT 21; args=('2024-12-16 20:17:54.229356', 'rksilwnet2silq1k1xqzgp6ycxc7qrio'); alias=default
DEBUG 2024-12-17 03:17:54,232 utils 10136 1588 [127.0.0.1] (0.000) SELECT "auth_user"."id", "auth_user"."password", "auth_user"."last_login", "auth_user"."is_superuser", "auth_user"."username", "auth_user"."first_name", "auth_user"."last_name", "auth_user"."email", "auth_user"."is_staff", "auth_user"."is_active", "auth_user"."date_joined" FROM "auth_user" WHERE "auth_user"."id" = 2 LIMIT 21; args=(2,); alias=default
DEBUG 2024-12-17 03:17:54,234 utils 10136 1588 [127.0.0.1] (0.000) SELECT "app_customerinfo"."id", "app_customerinfo"."user_id", "app_customerinfo"."name", "app_customerinfo"."phone", "app_customerinfo"."address", "app_customerinfo"."date_of_birth", "app_customerinfo"."profile_picture" FROM "app_customerinfo" WHERE "app_customerinfo"."user_id" = 2 LIMIT 21; args=(2,); alias=default
INFO 2024-12-17 03:17:54,238 basehttp 10136 1588 [127.0.0.1] "GET /add-product/ HTTP/1.1" 200 3038
DEBUG 2024-12-17 03:18:01,667 utils 10136 1588 [127.0.0.1] (0.000) SELECT "django_session"."session_key", "django_session"."session_data", "django_session"."expire_date" FROM "django_session" WHERE ("django_session"."expire_date" > '2024-12-16 20:18:01.666730' AND "django_session"."session_key" = 'rksilwnet2silq1k1xqzgp6ycxc7qrio') LIMIT 21; args=('2024-12-16 20:18:01.666730', 'rksilwnet2silq1k1xqzgp6ycxc7qrio'); alias=default
DEBUG 2024-12-17 03:18:01,668 utils 10136 1588 [127.0.0.1] (0.000) SELECT "auth_user"."id", "auth_user"."password", "auth_user"."last_login", "auth_user"."is_superuser", "auth_user"."username", "auth_user"."first_name", "auth_user"."last_name", "auth_user"."email", "auth_user"."is_staff", "auth_user"."is_active", "auth_user"."date_joined" FROM "auth_user" WHERE "auth_user"."id" = 2 LIMIT 21; args=(2,); alias=default
DEBUG 2024-12-17 03:18:01,669 utils 10136 1588 [127.0.0.1] (0.000) SELECT "app_cart"."id", "app_cart"."user_id" FROM "app_cart" WHERE "app_cart"."user_id" = 2 LIMIT 21; args=(2,); alias=default
DEBUG 2024-12-17 03:18:01,670 utils 10136 1588 [127.0.0.1] (0.000) SELECT "app_cartitem"."id", "app_cartitem"."cart_id", "app_cartitem"."product_id", "app_cartitem"."quantity" FROM "app_cartitem" WHERE "app_cartitem"."cart_id" = 2; args=(2,); alias=default
DEBUG 2024-12-17 03:18:01,671 utils 10136 1588 [127.0.0.1] (0.000) SELECT "app_product"."id", "app_product"."owner_id", "app_product"."name", "app_product"."price", "app_product"."image", "app_product"."description" FROM "app_product" WHERE "app_product"."id" = 8 LIMIT 21; args=(8,); alias=default
DEBUG 2024-12-17 03:18:01,673 utils 10136 1588 [127.0.0.1] (0.000) SELECT "app_customerinfo"."id", "app_customerinfo"."user_id", "app_customerinfo"."name", "app_customerinfo"."phone", "app_customerinfo"."address", "app_customerinfo"."date_of_birth", "app_customerinfo"."profile_picture" FROM "app_customerinfo" WHERE "app_customerinfo"."user_id" = 2 LIMIT 21; args=(2,); alias=default
DEBUG 2024-12-17 03:18:01,675 utils 10136 1588 [127.0.0.1] (0.000) SELECT "app_cartitem"."id", "app_cartitem"."cart_id", "app_cartitem"."product_id", "app_cartitem"."quantity" FROM "app_cartitem" WHERE "app_cartitem"."cart_id" = 2; args=(2,); alias=default
DEBUG 2024-12-17 03:18:01,676 utils 10136 1588 [127.0.0.1] (0.000) SELECT "app_product"."id", "app_product"."owner_id", "app_product"."name", "app_product"."price", "app_product"."image", "app_product"."description" FROM "app_product" WHERE "app_product"."id" = 8 LIMIT 21; args=(8,); alias=default
DEBUG 2024-12-17 03:18:01,677 utils 10136 1588 [127.0.0.1] (0.000) BEGIN; args=None; alias=default
DEBUG 2024-12-17 03:18:01,679 utils 10136 1588 [127.0.0.1] (0.000) UPDATE "django_session" SET "session_data" = '.eJxVjDsOgzAQRO_iOrJY4x-U6XMGa9deBxKEIzBVlLsHJIpE0828eW8RcKtD2FZewphEL5S4_HaE8cnzMaQHzvciY5nrMpI8EHmuq7yVxNP1ZP8EA67D_s7RGza69WigMUmhjqAcZJetVRkAiAihNcTaO7IeSDvH1DibXNeldpfWUnEKr2WMLPrOH5HN5wspTj5k:1tNHXV:RfjwsWqu6mJHKPf05XZf9Zy4XyQ48RcJUVDQeDtV_G8', "expire_date" = '2024-12-30 20:18:01.677472' WHERE "django_session"."session_key" = 'rksilwnet2silq1k1xqzgp6ycxc7qrio'; args=('.eJxVjDsOgzAQRO_iOrJY4x-U6XMGa9deBxKEIzBVlLsHJIpE0828eW8RcKtD2FZewphEL5S4_HaE8cnzMaQHzvciY5nrMpI8EHmuq7yVxNP1ZP8EA67D_s7RGza69WigMUmhjqAcZJetVRkAiAihNcTaO7IeSDvH1DibXNeldpfWUnEKr2WMLPrOH5HN5wspTj5k:1tNHXV:RfjwsWqu6mJHKPf05XZf9Zy4XyQ48RcJUVDQeDtV_G8', '2024-12-30 20:18:01.677472', 'rksilwnet2silq1k1xqzgp6ycxc7qrio'); alias=default
DEBUG 2024-12-17 03:18:01,683 utils 10136 1588 [127.0.0.1] (0.016) COMMIT; args=None; alias=default
INFO 2024-12-17 03:18:01,683 basehttp 10136 1588 [127.0.0.1] "GET /cart/ HTTP/1.1" 200 3229
DEBUG 2024-12-17 03:18:02,374 utils 10136 1588 [127.0.0.1] (0.000) SELECT "django_session"."session_key", "django_session"."session_data", "django_session"."expire_date" FROM "django_session" WHERE ("django_session"."expire_date" > '2024-12-16 20:18:02.372062' AND "django_session"."session_key" = 'rksilwnet2silq1k1xqzgp6ycxc7qrio') LIMIT 21; args=('2024-12-16 20:18:02.372062', 'rksilwnet2silq1k1xqzgp6ycxc7qrio'); alias=default
DEBUG 2024-12-17 03:18:02,375 utils 10136 1588 [127.0.0.1] (0.000) SELECT "auth_user"."id", "auth_user"."password", "auth_user"."last_login", "auth_user"."is_superuser", "auth_user"."username", "auth_user"."first_name", "auth_user"."last_name", "auth_user"."email", "auth_user"."is_staff", "auth_user"."is_active", "auth_user"."date_joined" FROM "auth_user" WHERE "auth_user"."id" = 2 LIMIT 21; args=(2,); alias=default
DEBUG 2024-12-17 03:18:02,376 utils 10136 1588 [127.0.0.1] (0.000) SELECT "app_customerinfo"."id", "app_customerinfo"."user_id", "app_customerinfo"."name", "app_customerinfo"."phone", "app_customerinfo"."address", "app_customerinfo"."date_of_birth", "app_customerinfo"."profile_picture" FROM "app_customerinfo" WHERE "app_customerinfo"."user_id" = 2 LIMIT 21; args=(2,); alias=default
INFO 2024-12-17 03:18:02,381 basehttp 10136 1588 [127.0.0.1] "GET /profile/edit/ HTTP/1.1" 200 5019
DEBUG 2024-12-17 03:18:03,380 utils 10136 1588 [127.0.0.1] (0.000) SELECT "django_session"."session_key", "django_session"."session_data", "django_session"."expire_date" FROM "django_session" WHERE ("django_session"."expire_date" > '2024-12-16 20:18:03.379254' AND "django_session"."session_key" = 'rksilwnet2silq1k1xqzgp6ycxc7qrio') LIMIT 21; args=('2024-12-16 20:18:03.379254', 'rksilwnet2silq1k1xqzgp6ycxc7qrio'); alias=default
DEBUG 2024-12-17 03:18:03,381 utils 10136 1588 [127.0.0.1] (0.000) SELECT "auth_user"."id", "auth_user"."password", "auth_user"."last_login", "auth_user"."is_superuser", "auth_user"."username", "auth_user"."first_name", "auth_user"."last_name", "auth_user"."email", "auth_user"."is_staff", "auth_user"."is_active", "auth_user"."date_joined" FROM "auth_user" WHERE "auth_user"."id" = 2 LIMIT 21; args=(2,); alias=default
DEBUG 2024-12-17 03:18:03,384 utils 10136 1588 [127.0.0.1] (0.000) SELECT "app_customerinfo"."id", "app_customerinfo"."user_id", "app_customerinfo"."name", "app_customerinfo"."phone", "app_customerinfo"."address", "app_customerinfo"."date_of_birth", "app_customerinfo"."profile_picture" FROM "app_customerinfo" WHERE "app_customerinfo"."user_id" = 2 LIMIT 21; args=(2,); alias=default
DEBUG 2024-12-17 03:18:03,385 utils 10136 1588 [127.0.0.1] (0.000) SELECT "app_product"."id", "app_product"."owner_id", "app_product"."name", "app_product"."price", "app_product"."image", "app_product"."description" FROM "app_product" WHERE "app_product"."owner_id" = 2; args=(2,); alias=default
INFO 2024-12-17 03:18:03,386 basehttp 10136 1588 [127.0.0.1] "GET /your-products/ HTTP/1.1" 200 2419
DEBUG 2024-12-17 03:18:04,114 utils 10136 1588 [127.0.0.1] (0.000) SELECT "django_session"."session_key", "django_session"."session_data", "django_session"."expire_date" FROM "django_session" WHERE ("django_session"."expire_date" > '2024-12-16 20:18:04.112360' AND "django_session"."session_key" = 'rksilwnet2silq1k1xqzgp6ycxc7qrio') LIMIT 21; args=('2024-12-16 20:18:04.112360', 'rksilwnet2silq1k1xqzgp6ycxc7qrio'); alias=default
DEBUG 2024-12-17 03:18:04,114 utils 10136 1588 [127.0.0.1] (0.000) SELECT "auth_user"."id", "auth_user"."password", "auth_user"."last_login", "auth_user"."is_superuser", "auth_user"."username", "auth_user"."first_name", "auth_user"."last_name", "auth_user"."email", "auth_user"."is_staff", "auth_user"."is_active", "auth_user"."date_joined" FROM "auth_user" WHERE "auth_user"."id" = 2 LIMIT 21; args=(2,); alias=default
DEBUG 2024-12-17 03:18:04,115 utils 10136 1588 [127.0.0.1] (0.000) SELECT "app_customerinfo"."id", "app_customerinfo"."user_id", "app_customerinfo"."name", "app_customerinfo"."phone", "app_customerinfo"."address", "app_customerinfo"."date_of_birth", "app_customerinfo"."profile_picture" FROM "app_customerinfo" WHERE "app_customerinfo"."user_id" = 2 LIMIT 21; args=(2,); alias=default
INFO 2024-12-17 03:18:04,117 basehttp 10136 1588 [127.0.0.1] "GET /profile/edit/ HTTP/1.1" 200 5019
DEBUG 2024-12-17 03:18:57,044 utils 10136 1588 [127.0.0.1] (0.000) SELECT "django_session"."session_key", "django_session"."session_data", "django_session"."expire_date" FROM "django_session" WHERE ("django_session"."expire_date" > '2024-12-16 20:18:57.042617' AND "django_session"."session_key" = 'rksilwnet2silq1k1xqzgp6ycxc7qrio') LIMIT 21; args=('2024-12-16 20:18:57.042617', 'rksilwnet2silq1k1xqzgp6ycxc7qrio'); alias=default
DEBUG 2024-12-17 03:18:57,046 utils 10136 1588 [127.0.0.1] (0.000) SELECT "auth_user"."id", "auth_user"."password", "auth_user"."last_login", "auth_user"."is_superuser", "auth_user"."username", "auth_user"."first_name", "auth_user"."last_name", "auth_user"."email", "auth_user"."is_staff", "auth_user"."is_active", "auth_user"."date_joined" FROM "auth_user" WHERE "auth_user"."id" = 2 LIMIT 21; args=(2,); alias=default
DEBUG 2024-12-17 03:18:57,047 utils 10136 1588 [127.0.0.1] (0.000) SELECT "django_session"."session_key", "django_session"."session_data", "django_session"."expire_date" FROM "django_session" WHERE "django_session"."session_key" = 'rksilwnet2silq1k1xqzgp6ycxc7qrio' LIMIT 21; args=('rksilwnet2silq1k1xqzgp6ycxc7qrio',); alias=default
DEBUG 2024-12-17 03:18:57,053 utils 10136 1588 [127.0.0.1] (0.000) DELETE FROM "django_session" WHERE "django_session"."session_key" IN ('rksilwnet2silq1k1xqzgp6ycxc7qrio'); args=('rksilwnet2silq1k1xqzgp6ycxc7qrio',); alias=default
INFO 2024-12-17 03:18:57,054 basehttp 10136 1588 [127.0.0.1] "GET /logout/ HTTP/1.1" 302 0
INFO 2024-12-17 03:18:57,064 basehttp 10136 1588 [127.0.0.1] "GET / HTTP/1.1" 200 2597
INFO 2024-12-17 03:18:57,555 basehttp 10136 1588 [127.0.0.1] "GET /login/ HTTP/1.1" 200 2674
DEBUG 2024-12-17 03:19:01,823 utils 10136 1588 [127.0.0.1] (0.000) SELECT "auth_user"."id", "auth_user"."password", "auth_user"."last_login", "auth_user"."is_superuser", "auth_user"."username", "auth_user"."first_name", "auth_user"."last_name", "auth_user"."email", "auth_user"."is_staff", "auth_user"."is_active", "auth_user"."date_joined" FROM "auth_user" WHERE "auth_user"."username" = 'UNION --' LIMIT 21; args=('UNION --',); alias=default
INFO 2024-12-17 03:19:02,236 basehttp 10136 1588 [127.0.0.1] "POST /login/ HTTP/1.1" 200 3023
DEBUG 2024-12-17 03:19:11,033 utils 10136 1588 [127.0.0.1] (0.000) SELECT "auth_user"."id", "auth_user"."password", "auth_user"."last_login", "auth_user"."is_superuser", "auth_user"."username", "auth_user"."first_name", "auth_user"."last_name", "auth_user"."email", "auth_user"."is_staff", "auth_user"."is_active", "auth_user"."date_joined" FROM "auth_user" WHERE "auth_user"."username" = '<script>alert(''XSS Test'')</script>' LIMIT 21; args=("<script>alert('XSS Test')</script>",); alias=default
INFO 2024-12-17 03:19:11,443 basehttp 10136 1588 [127.0.0.1] "POST /login/ HTTP/1.1" 200 3023
DEBUG 2024-12-17 03:31:58,008 utils 14712 19204 [-] (0.000) 
            SELECT name, type FROM sqlite_master
            WHERE type in ('table', 'view') AND NOT name='sqlite_sequence'
            ORDER BY name; args=None; alias=default
DEBUG 2024-12-17 03:31:58,012 utils 14712 19204 [-] (0.000) SELECT "django_migrations"."id", "django_migrations"."app", "django_migrations"."name", "django_migrations"."applied" FROM "django_migrations"; args=(); alias=default
DEBUG 2024-12-17 03:47:20,291 utils 7524 16640 [-] (0.000) 
            SELECT name, type FROM sqlite_master
            WHERE type in ('table', 'view') AND NOT name='sqlite_sequence'
            ORDER BY name; args=None; alias=default
DEBUG 2024-12-17 03:47:20,294 utils 7524 16640 [-] (0.000) SELECT "django_migrations"."id", "django_migrations"."app", "django_migrations"."name", "django_migrations"."applied" FROM "django_migrations"; args=(); alias=default
INFO 2024-12-17 03:47:21,816 basehttp 7524 3664 [127.0.0.1] "GET / HTTP/1.1" 200 2597
INFO 2024-12-17 03:47:24,785 basehttp 7524 3664 [127.0.0.1] "GET /login/ HTTP/1.1" 200 2674
DEBUG 2024-12-17 03:47:59,854 utils 7524 3664 [127.0.0.1] (0.000) SELECT "auth_user"."id", "auth_user"."password", "auth_user"."last_login", "auth_user"."is_superuser", "auth_user"."username", "auth_user"."first_name", "auth_user"."last_name", "auth_user"."email", "auth_user"."is_staff", "auth_user"."is_active", "auth_user"."date_joined" FROM "auth_user" WHERE "auth_user"."username" = '<script>alert(''XSS Test'')</script>' LIMIT 21; args=("<script>alert('XSS Test')</script>",); alias=default
INFO 2024-12-17 03:48:00,260 basehttp 7524 3664 [127.0.0.1] "POST /login/ HTTP/1.1" 200 3023
DEBUG 2024-12-17 03:48:10,233 utils 7524 3664 [127.0.0.1] (0.000) SELECT "auth_user"."id", "auth_user"."password", "auth_user"."last_login", "auth_user"."is_superuser", "auth_user"."username", "auth_user"."first_name", "auth_user"."last_name", "auth_user"."email", "auth_user"."is_staff", "auth_user"."is_active", "auth_user"."date_joined" FROM "auth_user" WHERE "auth_user"."username" = '<script>alert(''XSS Test'')</script>' LIMIT 21; args=("<script>alert('XSS Test')</script>",); alias=default
INFO 2024-12-17 03:48:10,646 basehttp 7524 3664 [127.0.0.1] "POST /login/ HTTP/1.1" 200 3023
DEBUG 2024-12-17 05:17:13,409 utils 17976 15948 [-] (0.000) 
            SELECT name, type FROM sqlite_master
            WHERE type in ('table', 'view') AND NOT name='sqlite_sequence'
            ORDER BY name; args=None; alias=default
DEBUG 2024-12-17 05:17:13,413 utils 17976 15948 [-] (0.000) SELECT "django_migrations"."id", "django_migrations"."app", "django_migrations"."name", "django_migrations"."applied" FROM "django_migrations"; args=(); alias=default
DEBUG 2024-12-17 05:18:32,956 utils 14596 15972 [-] (0.000) 
            SELECT name, type FROM sqlite_master
            WHERE type in ('table', 'view') AND NOT name='sqlite_sequence'
            ORDER BY name; args=None; alias=default
DEBUG 2024-12-17 05:18:32,960 utils 14596 15972 [-] (0.000) SELECT "django_migrations"."id", "django_migrations"."app", "django_migrations"."name", "django_migrations"."applied" FROM "django_migrations"; args=(); alias=default
DEBUG 2024-12-17 05:19:38,171 utils 2468 13752 [-] (0.000) 
            SELECT name, type FROM sqlite_master
            WHERE type in ('table', 'view') AND NOT name='sqlite_sequence'
            ORDER BY name; args=None; alias=default
DEBUG 2024-12-17 05:19:38,175 utils 2468 13752 [-] (0.000) SELECT "django_migrations"."id", "django_migrations"."app", "django_migrations"."name", "django_migrations"."applied" FROM "django_migrations"; args=(); alias=default
ERROR 2024-12-17 05:19:41,520 exception 2468 5360 [192.168.11.7] Invalid HTTP_HOST header: '192.168.11.7:8000'. You may need to add '192.168.11.7' to ALLOWED_HOSTS.
Traceback (most recent call last):
  File "C:\Users\SuperiorBpro\AppData\Local\Programs\Python\Python38\lib\site-packages\django\core\handlers\exception.py", line 55, in inner
    response = get_response(request)
  File "C:\Users\SuperiorBpro\AppData\Local\Programs\Python\Python38\lib\site-packages\django\utils\deprecation.py", line 133, in __call__
    response = self.process_request(request)
  File "C:\Users\SuperiorBpro\AppData\Local\Programs\Python\Python38\lib\site-packages\django\middleware\common.py", line 48, in process_request
    host = request.get_host()
  File "C:\Users\SuperiorBpro\AppData\Local\Programs\Python\Python38\lib\site-packages\django\http\request.py", line 150, in get_host
    raise DisallowedHost(msg)
django.core.exceptions.DisallowedHost: Invalid HTTP_HOST header: '192.168.11.7:8000'. You may need to add '192.168.11.7' to ALLOWED_HOSTS.
DEBUG 2024-12-17 05:19:41,632 base 2468 5360 [192.168.11.7] Exception while resolving variable 'exception_notes' in template 'unknown'.
Traceback (most recent call last):
  File "C:\Users\SuperiorBpro\AppData\Local\Programs\Python\Python38\lib\site-packages\django\core\handlers\exception.py", line 55, in inner
    response = get_response(request)
  File "C:\Users\SuperiorBpro\AppData\Local\Programs\Python\Python38\lib\site-packages\django\utils\deprecation.py", line 133, in __call__
    response = self.process_request(request)
  File "C:\Users\SuperiorBpro\AppData\Local\Programs\Python\Python38\lib\site-packages\django\middleware\common.py", line 48, in process_request
    host = request.get_host()
  File "C:\Users\SuperiorBpro\AppData\Local\Programs\Python\Python38\lib\site-packages\django\http\request.py", line 150, in get_host
    raise DisallowedHost(msg)
django.core.exceptions.DisallowedHost: Invalid HTTP_HOST header: '192.168.11.7:8000'. You may need to add '192.168.11.7' to ALLOWED_HOSTS.

During handling of the above exception, another exception occurred:

Traceback (most recent call last):
  File "C:\Users\SuperiorBpro\AppData\Local\Programs\Python\Python38\lib\site-packages\django\template\base.py", line 880, in _resolve_lookup
    current = current[bit]
  File "C:\Users\SuperiorBpro\AppData\Local\Programs\Python\Python38\lib\site-packages\django\template\context.py", line 83, in __getitem__
    raise KeyError(key)
KeyError: 'exception_notes'

During handling of the above exception, another exception occurred:

Traceback (most recent call last):
  File "C:\Users\SuperiorBpro\AppData\Local\Programs\Python\Python38\lib\site-packages\django\template\base.py", line 886, in _resolve_lookup
    if isinstance(current, BaseContext) and getattr(
AttributeError: type object 'Context' has no attribute 'exception_notes'

During handling of the above exception, another exception occurred:

Traceback (most recent call last):
  File "C:\Users\SuperiorBpro\AppData\Local\Programs\Python\Python38\lib\site-packages\django\template\base.py", line 896, in _resolve_lookup
    current = current[int(bit)]
ValueError: invalid literal for int() with base 10: 'exception_notes'

During handling of the above exception, another exception occurred:

Traceback (most recent call last):
  File "C:\Users\SuperiorBpro\AppData\Local\Programs\Python\Python38\lib\site-packages\django\template\base.py", line 903, in _resolve_lookup
    raise VariableDoesNotExist(
django.template.base.VariableDoesNotExist: Failed lookup for key [exception_notes] in [{'True': True, 'False': False, 'None': None}, {'is_email': False, 'unicode_hint': '', 'frames': [{'exc_cause': None, 'exc_cause_explicit': None, 'tb': <traceback object at 0x000001D8E4D22C00>, 'type': 'django', 'filename': 'C:\\Users\\SuperiorBpro\\AppData\\Local\\Programs\\Python\\Python38\\lib\\site-packages\\django\\core\\handlers\\exception.py', 'function': 'inner', 'lineno': 55, 'vars': [('request', "<WSGIRequest: GET '/'>"), ('exc', 'DisallowedHost("Invalid HTTP_HOST header: \'192.168.11.7:8000\'. You may need to add \'192.168.11.7\' to ALLOWED_HOSTS.")'), ('get_response', '<CommonMiddleware get_response=convert_exception_to_response.<locals>.inner>')], 'id': 2031063542784, 'pre_context': ['', '        return inner', '    else:', '', '        @wraps(get_response)', '        def inner(request):', '            try:'], 'context_line': '                response = get_response(request)', 'post_context': ['            except Exception as exc:', '                response = response_for_exception(request, exc)', '            return response', '', '        return inner', ''], 'pre_context_lineno': 48, 'colno': '', 'tb_area_colno': ''}, {'exc_cause': None, 'exc_cause_explicit': None, 'tb': <traceback object at 0x000001D8E4D22BC0>, 'type': 'django', 'filename': 'C:\\Users\\SuperiorBpro\\AppData\\Local\\Programs\\Python\\Python38\\lib\\site-packages\\django\\utils\\deprecation.py', 'function': '__call__', 'lineno': 133, 'vars': [('self', '<CommonMiddleware get_response=convert_exception_to_response.<locals>.inner>'), ('request', "<WSGIRequest: GET '/'>"), ('response', 'None')], 'id': 2031063542720, 'pre_context': ['', '    def __call__(self, request):', '        # Exit out to async mode, if needed', '        if iscoroutinefunction(self):', '            return self.__acall__(request)', '        response = None', '        if hasattr(self, "process_request"):'], 'context_line': '            response = self.process_request(request)', 'post_context': ['        response = response or self.get_response(request)', '        if hasattr(self, "process_response"):', '            response = self.process_response(request, response)', '        return response', '', '    async def __acall__(self, request):'], 'pre_context_lineno': 126, 'colno': '', 'tb_area_colno': ''}, {'exc_cause': None, 'exc_cause_explicit': None, 'tb': <traceback object at 0x000001D8E4D22B80>, 'type': 'django', 'filename': 'C:\\Users\\SuperiorBpro\\AppData\\Local\\Programs\\Python\\Python38\\lib\\site-packages\\django\\middleware\\common.py', 'function': 'process_request', 'lineno': 48, 'vars': [('self', '<CommonMiddleware get_response=convert_exception_to_response.<locals>.inner>'), ('request', "<WSGIRequest: GET '/'>"), ('user_agent', "('Mozilla/5.0 (Windows NT 10.0; Win64; x64) AppleWebKit/537.36 (KHTML, like '\n 'Gecko) Chrome/131.0.0.0 Safari/537.36 Edg/131.0.0.0')")], 'id': 2031063542656, 'pre_context': ['        user_agent = request.META.get("HTTP_USER_AGENT")', '        if user_agent is not None:', '            for user_agent_regex in settings.DISALLOWED_USER_AGENTS:', '                if user_agent_regex.search(user_agent):', '                    raise PermissionDenied("Forbidden user agent")', '', '        # Check for a redirect based on settings.PREPEND_WWW'], 'context_line': '        host = request.get_host()', 'post_context': ['', '        if settings.PREPEND_WWW and host and not host.startswith("www."):', '            # Check if we also need to append a slash so we can do it all', '            # with a single redirect. (This check may be somewhat expensive,', "            # so we only do it if we already know we're sending a redirect,", '            # or in process_response if we get a 404.)'], 'pre_context_lineno': 41, 'colno': '', 'tb_area_colno': ''}, {'exc_cause': None, 'exc_cause_explicit': None, 'tb': <traceback object at 0x000001D8E4D22B40>, 'type': 'django', 'filename': 'C:\\Users\\SuperiorBpro\\AppData\\Local\\Programs\\Python\\Python38\\lib\\site-packages\\django\\http\\request.py', 'function': 'get_host', 'lineno': 150, 'vars': [('self', "<WSGIRequest: GET '/'>"), ('host', "'192.168.11.7:8000'"), ('allowed_hosts', "['PBLBpro.pythonanywhere.com', '127.0.0.1', 'localhost']"), ('domain', "'192.168.11.7'"), ('port', "'8000'"), ('msg', '("Invalid HTTP_HOST header: \'192.168.11.7:8000\'. You may need to add "\n "\'192.168.11.7\' to ALLOWED_HOSTS.")')], 'id': 2031063542592, 'pre_context': ['            msg = "Invalid HTTP_HOST header: %r." % host', '            if domain:', '                msg += " You may need to add %r to ALLOWED_HOSTS." % domain', '            else:', '                msg += (', '                    " The domain name provided is not valid according to RFC 1034/1035."', '                )'], 'context_line': '            raise DisallowedHost(msg)', 'post_context': ['', '    def get_port(self):', '        """Return the port number for the request as a string."""', '        if settings.USE_X_FORWARDED_PORT and "HTTP_X_FORWARDED_PORT" in self.META:', '            port = self.META["HTTP_X_FORWARDED_PORT"]', '        else:'], 'pre_context_lineno': 143, 'colno': '', 'tb_area_colno': ''}], 'request': <WSGIRequest: GET '/'>, 'request_meta': {'ALLUSERSPROFILE': 'C:\\ProgramData', 'APPDATA': 'C:\\Users\\SuperiorBpro\\AppData\\Roaming', 'ASL.LOG': 'Destination=file', 'CHROME_CRASHPAD_PIPE_NAME': '\\\\.\\pipe\\crashpad_8196_QDNGDHOPSVBPXPKG', 'COMMONPROGRAMFILES': 'C:\\Program Files\\Common Files', 'COMMONPROGRAMFILES(X86)': 'C:\\Program Files (x86)\\Common Files', 'COMMONPROGRAMW6432': 'C:\\Program Files\\Common Files', 'COMPUTERNAME': 'LENOVOBPRO', 'COMSPEC': 'C:\\WINDOWS\\system32\\cmd.exe', 'DRIVERDATA': 'C:\\Windows\\System32\\Drivers\\DriverData', 'FPS_BROWSER_APP_PROFILE_STRING': 'Internet Explorer', 'FPS_BROWSER_USER_PROFILE_STRING': 'Default', 'F_EM64T_REDIST11': 'C:\\Program Files (x86)\\Common Files\\Intel\\Shared Files\\fortran\\', 'HOMEDRIVE': 'C:', 'HOMEPATH': '\\Users\\SuperiorBpro', 'INTEL_DEV_REDIST': 'C:\\Program Files (x86)\\Common Files\\Intel\\Shared Libraries\\', 'LOCALAPPDATA': 'C:\\Users\\SuperiorBpro\\AppData\\Local', 'LOGONSERVER': '\\\\LENOVOBPRO', 'MIC_LD_LIBRARY_PATH': 'C:\\Program Files (x86)\\Common Files\\Intel\\Shared Libraries\\compiler\\lib\\intel64_win_mic', 'MOZ_PLUGIN_PATH': 'C:\\Program Files (x86)\\Foxit Software\\Foxit PDF Reader\\plugins\\', 'NUMBER_OF_PROCESSORS': '8', 'ONEDRIVE': 'C:\\Users\\SuperiorBpro\\OneDrive', 'OPENSSL_IA32CAP': '~0x200000200000000', 'ORIGINAL_XDG_CURRENT_DESKTOP': 'undefined', 'OS': 'Windows_NT', 'PATH': 'C:\\Program Files\\dotnet;E:\\DEFINITELY DATA\\VMware\\VMware Workstation\\bin\\;C:\\Program Files (x86)\\Common Files\\Intel\\Shared Files\\fortran\\bin\\Intel64;C:\\Program Files (x86)\\Common Files\\Intel\\Shared Libraries\\redist\\intel64_win\\mpirt;C:\\Program Files (x86)\\Common Files\\Intel\\Shared Libraries\\redist\\intel64_win\\compiler;C:\\Program Files\\Common Files\\Oracle\\Java\\javapath;C:\\Program Files (x86)\\Common Files\\Oracle\\Java\\java8path;C:\\Program Files (x86)\\Common Files\\Oracle\\Java\\javapath;C:\\WINDOWS\\system32;C:\\WINDOWS;C:\\WINDOWS\\System32\\Wbem;C:\\WINDOWS\\System32\\WindowsPowerShell\\v1.0\\;C:\\WINDOWS\\System32\\OpenSSH\\;C:\\Program Files\\Microsoft SQL Server\\130\\Tools\\Binn\\;C:\\Program Files\\Microsoft SQL Server\\Client SDK\\ODBC\\170\\Tools\\Binn\\;C:\\Program Files (x86)\\Microsoft SQL Server\\150\\Tools\\Binn\\;C:\\Program Files\\Microsoft SQL Server\\150\\Tools\\Binn\\;C:\\Program Files\\Microsoft SQL Server\\150\\DTS\\Binn\\;C:\\Program Files (x86)\\Microsoft SQL Server\\160\\DTS\\Binn\\;C:\\Program Files\\Azure Data Studio\\bin;C:\\Program Files\\Microsoft SQL Server\\110\\Tools\\Binn\\;C:\\Program Files\\Git\\cmd;C:\\Users\\SuperiorBpro\\AppData\\Local\\Programs\\Python\\Python38\\Scripts\\;C:\\Users\\SuperiorBpro\\AppData\\Local\\Programs\\Python\\Python38\\;C:\\Users\\SuperiorBpro;C:\\ffmpeg\\bin;D:\\Others\\XAMPP\\php;C:\\ProgramData\\ComposerSetup\\bin;D:\\Others\\MATLAB\\R2018b\\bin;C:\\Program Files\\dotnet\\sdk;C:\\Program Files\\dotnet\\sdk\\8.0.401;C:\\msys64\\ucrt64\\bin;C:\\Program Files\\Cloudflare\\Cloudflare WARP\\;C:\\Program Files\\NVIDIA Corporation\\NVIDIA app\\NvDLISR;C:\\Program Files (x86)\\NVIDIA Corporation\\PhysX\\Common;C:\\Users\\SuperiorBpro\\AppData\\Local\\Programs\\Python\\Python310\\Scripts\\;C:\\Users\\SuperiorBpro\\AppData\\Local\\Programs\\Python\\Python310\\;C:\\Users\\SuperiorBpro\\AppData\\Local\\Programs\\Python\\Python38\\Scripts\\;C:\\Users\\SuperiorBpro\\AppData\\Local\\Programs\\Python\\Python38\\;C:\\Program Files\\dotnet;C:\\Users\\SuperiorBpro\\AppData\\Local\\Microsoft\\WindowsApps;C:\\Users\\SuperiorBpro\\AppData\\Local\\GitHubDesktop\\bin;D:\\IDE\\Microsoft VS Code\\bin;C:\\Program Files\\Azure Data Studio\\bin;D:\\IDE\\PyCharm Community Edition 2023.3.4\\bin;;D:\\IDE\\PyCharm Community Edition 2023.3.4\\sqlite;C:\\ffmpeg\\bin;C:\\Users\\SuperiorBpro\\AppData\\Roaming\\Composer\\vendor\\bin;C:\\Users\\SuperiorBpro\\.dotnet\\tools;C:\\msys64\\ucrt64\\bin;', 'PATHEXT': '.COM;.EXE;.BAT;.CMD;.VBS;.VBE;.JS;.JSE;.WSF;.WSH;.MSC;.CPL', 'PROCESSOR_ARCHITECTURE': 'AMD64', 'PROCESSOR_IDENTIFIER': 'Intel64 Family 6 Model 158 Stepping 9, GenuineIntel', 'PROCESSOR_LEVEL': '6', 'PROCESSOR_REVISION': '9e09', 'PROGRAMDATA': 'C:\\ProgramData', 'PROGRAMFILES': 'C:\\Program Files', 'PROGRAMFILES(X86)': 'C:\\Program Files (x86)', 'PROGRAMW6432': 'C:\\Program Files', 'PSMODULEPATH': 'C:\\Users\\SuperiorBpro\\Documents\\WindowsPowerShell\\Modules;C:\\Program Files\\WindowsPowerShell\\Modules;C:\\WINDOWS\\system32\\WindowsPowerShell\\v1.0\\Modules;C:\\Program Files (x86)\\Microsoft SQL Server\\150\\Tools\\PowerShell\\Modules\\', 'PT8HOME': 'D:\\Security\\Cisco Packet Tracer 8.2.1', 'PUBLIC': 'C:\\Users\\Public', 'PYCHARM COMMUNITY EDITION': 'D:\\IDE\\PyCharm Community Edition 2023.3.4\\bin;', 'SESSIONNAME': 'Console', 'SYSTEMDRIVE': 'C:', 'SYSTEMROOT': 'C:\\WINDOWS', 'TEMP': 'C:\\Users\\SUPERI~1\\AppData\\Local\\Temp', 'TMP': 'C:\\Users\\SUPERI~1\\AppData\\Local\\Temp', 'USERDOMAIN': 'LENOVOBPRO', 'USERDOMAIN_ROAMINGPROFILE': 'LENOVOBPRO', 'USERNAME': 'SuperiorBpro', 'USERPROFILE': 'C:\\Users\\SuperiorBpro', 'VS120COMNTOOLS': 'D:\\IDE\\Microsoft Visual Studio\\2013\\Common7\\Tools\\', 'WINDIR': 'C:\\WINDOWS', '__PSLOCKDOWNPOLICY': '0', 'TERM_PROGRAM': 'vscode', 'TERM_PROGRAM_VERSION': '0.43.6', 'LANG': 'en_US.UTF-8', 'COLORTERM': 'truecolor', 'GIT_ASKPASS': '********************', 'VSCODE_GIT_ASKPASS_NODE': '********************', 'VSCODE_GIT_ASKPASS_EXTRA_ARGS': '********************', 'VSCODE_GIT_ASKPASS_MAIN': '********************', 'VSCODE_GIT_IPC_HANDLE': '\\\\.\\pipe\\vscode-git-60ff621517-sock', 'VSCODE_INJECTION': '1', 'VSCODE_NONCE': 'adf392f4-64d9-45fb-b1e7-c707583c6b81', 'VSCODE_STABLE': '1', 'DJANGO_SETTINGS_MODULE': 'sales_web.settings', 'RUN_MAIN': 'true', 'SERVER_NAME': 'LenovoBpro.domain.name', 'GATEWAY_INTERFACE': 'CGI/1.1', 'SERVER_PORT': '8000', 'REMOTE_HOST': '', 'CONTENT_LENGTH': '', 'SCRIPT_NAME': '', 'SERVER_PROTOCOL': 'HTTP/1.1', 'SERVER_SOFTWARE': 'WSGIServer/0.2', 'REQUEST_METHOD': 'GET', 'PATH_INFO': '/', 'QUERY_STRING': '', 'REMOTE_ADDR': '192.168.11.7', 'CONTENT_TYPE': 'text/plain', 'HTTP_HOST': '192.168.11.7:8000', 'HTTP_CONNECTION': 'keep-alive', 'HTTP_UPGRADE_INSECURE_REQUESTS': '1', 'HTTP_USER_AGENT': 'Mozilla/5.0 (Windows NT 10.0; Win64; x64) AppleWebKit/537.36 (KHTML, like Gecko) Chrome/131.0.0.0 Safari/537.36 Edg/131.0.0.0', 'HTTP_ACCEPT': 'text/html,application/xhtml+xml,application/xml;q=0.9,image/avif,image/webp,image/apng,*/*;q=0.8,application/signed-exchange;v=b3;q=0.7', 'HTTP_ACCEPT_ENCODING': 'gzip, deflate', 'HTTP_ACCEPT_LANGUAGE': 'en,vi;q=0.9,en-GB;q=0.8,en-US;q=0.7', 'wsgi.input': <django.core.handlers.wsgi.LimitedStream object at 0x000001D8E4D18730>, 'wsgi.errors': <_io.TextIOWrapper name='<stderr>' mode='w' encoding='utf-8'>, 'wsgi.version': (1, 0), 'wsgi.run_once': False, 'wsgi.url_scheme': 'http', 'wsgi.multithread': True, 'wsgi.multiprocess': False, 'wsgi.file_wrapper': <class 'wsgiref.util.FileWrapper'>}, 'request_COOKIES_items': dict_items([]), 'user_str': '[unable to retrieve the current user]', 'filtered_POST_items': [], 'settings': {'ABSOLUTE_URL_OVERRIDES': {}, 'ADMINS': [], 'ALLOWED_HOSTS': ['PBLBpro.pythonanywhere.com', '127.0.0.1', 'localhost'], 'APPEND_SLASH': True, 'AUTHENTICATION_BACKENDS': ['django.contrib.auth.backends.ModelBackend'], 'AUTH_PASSWORD_VALIDATORS': '********************', 'AUTH_USER_MODEL': 'auth.User', 'BASE_DIR': WindowsPath('D:/DaiHoc/PBL/PBL6/Web/sales_web'), 'CACHES': {'default': {'BACKEND': 'django.core.cache.backends.locmem.LocMemCache'}}, 'CACHE_MIDDLEWARE_ALIAS': 'default', 'CACHE_MIDDLEWARE_KEY_PREFIX': '********************', 'CACHE_MIDDLEWARE_SECONDS': 600, 'CSRF_COOKIE_AGE': 31449600, 'CSRF_COOKIE_DOMAIN': None, 'CSRF_COOKIE_HTTPONLY': False, 'CSRF_COOKIE_MASKED': False, 'CSRF_COOKIE_NAME': 'csrftoken', 'CSRF_COOKIE_PATH': '/', 'CSRF_COOKIE_SAMESITE': 'Lax', 'CSRF_COOKIE_SECURE': False, 'CSRF_FAILURE_VIEW': 'app.views.csrf_failure', 'CSRF_HEADER_NAME': 'HTTP_X_CSRFTOKEN', 'CSRF_TRUSTED_ORIGINS': [], 'CSRF_USE_SESSIONS': False, 'DATABASES': {'default': {'ENGINE': 'django.db.backends.sqlite3', 'NAME': WindowsPath('D:/DaiHoc/PBL/PBL6/Web/sales_web/db.sqlite3'), 'ATOMIC_REQUESTS': False, 'AUTOCOMMIT': True, 'CONN_MAX_AGE': 0, 'CONN_HEALTH_CHECKS': False, 'OPTIONS': {}, 'TIME_ZONE': None, 'USER': '', 'PASSWORD': '********************', 'HOST': '', 'PORT': '', 'TEST': {'CHARSET': None, 'COLLATION': None, 'MIGRATE': True, 'MIRROR': None, 'NAME': None}}}, 'DATABASE_ROUTERS': [], 'DATA_UPLOAD_MAX_MEMORY_SIZE': 2621440, 'DATA_UPLOAD_MAX_NUMBER_FIELDS': 1000, 'DATA_UPLOAD_MAX_NUMBER_FILES': 100, 'DATETIME_FORMAT': 'N j, Y, P', 'DATETIME_INPUT_FORMATS': ['%Y-%m-%d %H:%M:%S', '%Y-%m-%d %H:%M:%S.%f', '%Y-%m-%d %H:%M', '%m/%d/%Y %H:%M:%S', '%m/%d/%Y %H:%M:%S.%f', '%m/%d/%Y %H:%M', '%m/%d/%y %H:%M:%S', '%m/%d/%y %H:%M:%S.%f', '%m/%d/%y %H:%M'], 'DATE_FORMAT': 'N j, Y', 'DATE_INPUT_FORMATS': ['%Y-%m-%d', '%m/%d/%Y', '%m/%d/%y', '%b %d %Y', '%b %d, %Y', '%d %b %Y', '%d %b, %Y', '%B %d %Y', '%B %d, %Y', '%d %B %Y', '%d %B, %Y'], 'DEBUG': True, 'DEBUG_PROPAGATE_EXCEPTIONS': False, 'DECIMAL_SEPARATOR': '.', 'DEFAULT_AUTO_FIELD': 'django.db.models.BigAutoField', 'DEFAULT_CHARSET': 'utf-8', 'DEFAULT_EXCEPTION_REPORTER': 'django.views.debug.ExceptionReporter', 'DEFAULT_EXCEPTION_REPORTER_FILTER': 'django.views.debug.SafeExceptionReporterFilter', 'DEFAULT_FILE_STORAGE': 'django.core.files.storage.FileSystemStorage', 'DEFAULT_FROM_EMAIL': 'webmaster@localhost', 'DEFAULT_INDEX_TABLESPACE': '', 'DEFAULT_TABLESPACE': '', 'DISALLOWED_USER_AGENTS': [], 'EMAIL_BACKEND': 'django.core.mail.backends.smtp.EmailBackend', 'EMAIL_HOST': 'smtp.gmail.com', 'EMAIL_HOST_PASSWORD': '********************', 'EMAIL_HOST_USER': 'kieuduongtay@gmail.com', 'EMAIL_PORT': 587, 'EMAIL_SSL_CERTFILE': None, 'EMAIL_SSL_KEYFILE': '********************', 'EMAIL_SUBJECT_PREFIX': '[Django] ', 'EMAIL_TIMEOUT': None, 'EMAIL_USE_LOCALTIME': False, 'EMAIL_USE_SSL': False, 'EMAIL_USE_TLS': True, 'FILE_UPLOAD_DIRECTORY_PERMISSIONS': None, 'FILE_UPLOAD_HANDLERS': ['django.core.files.uploadhandler.MemoryFileUploadHandler', 'django.core.files.uploadhandler.TemporaryFileUploadHandler'], 'FILE_UPLOAD_MAX_MEMORY_SIZE': 2621440, 'FILE_UPLOAD_PERMISSIONS': 420, 'FILE_UPLOAD_TEMP_DIR': None, 'FIRST_DAY_OF_WEEK': 0, 'FIXTURE_DIRS': [], 'FORCE_SCRIPT_NAME': None, 'FORMAT_MODULE_PATH': None, 'FORM_RENDERER': 'django.forms.renderers.DjangoTemplates', 'IGNORABLE_404_URLS': [], 'INSTALLED_APPS': ['django.contrib.admin', 'django.contrib.auth', 'django.contrib.contenttypes', 'django.contrib.sessions', 'django.contrib.messages', 'django.contrib.staticfiles', 'app'], 'INTERNAL_IPS': [], 'LANGUAGES': [('af', 'Afrikaans'), ('ar', 'Arabic'), ('ar-dz', 'Algerian Arabic'), ('ast', 'Asturian'), ('az', 'Azerbaijani'), ('bg', 'Bulgarian'), ('be', 'Belarusian'), ('bn', 'Bengali'), ('br', 'Breton'), ('bs', 'Bosnian'), ('ca', 'Catalan'), ('ckb', 'Central Kurdish (Sorani)'), ('cs', 'Czech'), ('cy', 'Welsh'), ('da', 'Danish'), ('de', 'German'), ('dsb', 'Lower Sorbian'), ('el', 'Greek'), ('en', 'English'), ('en-au', 'Australian English'), ('en-gb', 'British English'), ('eo', 'Esperanto'), ('es', 'Spanish'), ('es-ar', 'Argentinian Spanish'), ('es-co', 'Colombian Spanish'), ('es-mx', 'Mexican Spanish'), ('es-ni', 'Nicaraguan Spanish'), ('es-ve', 'Venezuelan Spanish'), ('et', 'Estonian'), ('eu', 'Basque'), ('fa', 'Persian'), ('fi', 'Finnish'), ('fr', 'French'), ('fy', 'Frisian'), ('ga', 'Irish'), ('gd', 'Scottish Gaelic'), ('gl', 'Galician'), ('he', 'Hebrew'), ('hi', 'Hindi'), ('hr', 'Croatian'), ('hsb', 'Upper Sorbian'), ('hu', 'Hungarian'), ('hy', 'Armenian'), ('ia', 'Interlingua'), ('id', 'Indonesian'), ('ig', 'Igbo'), ('io', 'Ido'), ('is', 'Icelandic'), ('it', 'Italian'), ('ja', 'Japanese'), ('ka', 'Georgian'), ('kab', 'Kabyle'), ('kk', 'Kazakh'), ('km', 'Khmer'), ('kn', 'Kannada'), ('ko', 'Korean'), ('ky', 'Kyrgyz'), ('lb', 'Luxembourgish'), ('lt', 'Lithuanian'), ('lv', 'Latvian'), ('mk', 'Macedonian'), ('ml', 'Malayalam'), ('mn', 'Mongolian'), ('mr', 'Marathi'), ('ms', 'Malay'), ('my', 'Burmese'), ('nb', 'Norwegian Bokml'), ('ne', 'Nepali'), ('nl', 'Dutch'), ('nn', 'Norwegian Nynorsk'), ('os', 'Ossetic'), ('pa', 'Punjabi'), ('pl', 'Polish'), ('pt', 'Portuguese'), ('pt-br', 'Brazilian Portuguese'), ('ro', 'Romanian'), ('ru', 'Russian'), ('sk', 'Slovak'), ('sl', 'Slovenian'), ('sq', 'Albanian'), ('sr', 'Serbian'), ('sr-latn', 'Serbian Latin'), ('sv', 'Swedish'), ('sw', 'Swahili'), ('ta', 'Tamil'), ('te', 'Telugu'), ('tg', 'Tajik'), ('th', 'Thai'), ('tk', 'Turkmen'), ('tr', 'Turkish'), ('tt', 'Tatar'), ('udm', 'Udmurt'), ('uk', 'Ukrainian'), ('ur', 'Urdu'), ('uz', 'Uzbek'), ('vi', 'Vietnamese'), ('zh-hans', 'Simplified Chinese'), ('zh-hant', 'Traditional Chinese')], 'LANGUAGES_BIDI': ['he', 'ar', 'ar-dz', 'ckb', 'fa', 'ur'], 'LANGUAGE_CODE': 'en-us', 'LANGUAGE_COOKIE_AGE': None, 'LANGUAGE_COOKIE_DOMAIN': None, 'LANGUAGE_COOKIE_HTTPONLY': False, 'LANGUAGE_COOKIE_NAME': 'django_language', 'LANGUAGE_COOKIE_PATH': '/', 'LANGUAGE_COOKIE_SAMESITE': None, 'LANGUAGE_COOKIE_SECURE': False, 'LOCALE_PATHS': [], 'LOGGING': {'version': 1, 'disable_existing_loggers': False, 'formatters': {'verbose': {'format': '{levelname} {asctime} {module} {process:d} {thread:d} [{ip}] {message}', 'style': '{'}, 'simple': {'format': '{levelname} [{ip}] {message}', 'style': '{'}}, 'filters': {'remove_autoreload': {'()': 'sales_web.logging_filters.RemoveAutoreloadFilter'}, 'add_ip': {'()': 'sales_web.logging_filters.AddRequestIPFilter'}}, 'handlers': {'file': {'level': 'DEBUG', 'class': 'logging.handlers.TimedRotatingFileHandler', 'filename': 'D:\\DaiHoc\\PBL\\PBL6\\Web\\sales_web\\logs\\django.log', 'when': 'midnight', 'interval': 1, 'backupCount': 30, 'formatter': 'verbose', 'filters': ['add_ip', 'remove_autoreload']}, 'console': {'level': 'INFO', 'class': 'logging.StreamHandler', 'formatter': 'simple', 'filters': ['add_ip', 'remove_autoreload']}}, 'loggers': {'django': {'handlers': ['file', 'console'], 'level': 'DEBUG', 'propagate': True}, 'django.server': {'handlers': ['file', 'console'], 'level': 'INFO', 'propagate': False}, 'django.request': {'handlers': ['file'], 'level': 'DEBUG', 'propagate': False}, 'django.db.backends': {'handlers': ['file'], 'level': 'DEBUG', 'propagate': False}}}, 'LOGGING_CONFIG': 'logging.config.dictConfig', 'LOGIN_REDIRECT_URL': '/accounts/profile/', 'LOGIN_URL': '/accounts/login/', 'LOGOUT_REDIRECT_URL': None, 'LOG_DIR': 'D:\\DaiHoc\\PBL\\PBL6\\Web\\sales_web\\logs', 'MANAGERS': [], 'MEDIA_ROOT': 'D:\\DaiHoc\\PBL\\PBL6\\Web\\sales_web\\app\\media', 'MEDIA_URL': '/app/media/', 'MESSAGE_STORAGE': 'django.contrib.messages.storage.fallback.FallbackStorage', 'MIDDLEWARE': ['sales_web.logging_filters.RequestIPMiddleware', 'django.middleware.security.SecurityMiddleware', 'django.contrib.sessions.middleware.SessionMiddleware', 'django.middleware.common.CommonMiddleware', 'django.middleware.csrf.CsrfViewMiddleware', 'django.contrib.auth.middleware.AuthenticationMiddleware', 'django.contrib.messages.middleware.MessageMiddleware', 'django.middleware.clickjacking.XFrameOptionsMiddleware'], 'MIGRATION_MODULES': {}, 'MONTH_DAY_FORMAT': 'F j', 'NUMBER_GROUPING': 0, 'PASSWORD_HASHERS': '********************', 'PASSWORD_RESET_TIMEOUT': '********************', 'PREPEND_WWW': False, 'ROOT_URLCONF': 'sales_web.urls', 'SECRET_KEY': '********************', 'SECRET_KEY_FALLBACKS': '********************', 'SECURE_CONTENT_TYPE_NOSNIFF': True, 'SECURE_CROSS_ORIGIN_OPENER_POLICY': 'same-origin', 'SECURE_HSTS_INCLUDE_SUBDOMAINS': False, 'SECURE_HSTS_PRELOAD': False, 'SECURE_HSTS_SECONDS': 0, 'SECURE_PROXY_SSL_HEADER': None, 'SECURE_REDIRECT_EXEMPT': [], 'SECURE_REFERRER_POLICY': 'same-origin', 'SECURE_SSL_HOST': None, 'SECURE_SSL_REDIRECT': False, 'SERVER_EMAIL': 'root@localhost', 'SESSION_CACHE_ALIAS': 'default', 'SESSION_COOKIE_AGE': 1209600, 'SESSION_COOKIE_DOMAIN': None, 'SESSION_COOKIE_HTTPONLY': True, 'SESSION_COOKIE_NAME': 'sessionid', 'SESSION_COOKIE_PATH': '/', 'SESSION_COOKIE_SAMESITE': 'Lax', 'SESSION_COOKIE_SECURE': False, 'SESSION_ENGINE': 'django.contrib.sessions.backends.db', 'SESSION_EXPIRE_AT_BROWSER_CLOSE': False, 'SESSION_FILE_PATH': None, 'SESSION_SAVE_EVERY_REQUEST': False, 'SESSION_SERIALIZER': 'django.contrib.sessions.serializers.JSONSerializer', 'SETTINGS_MODULE': 'sales_web.settings', 'SHORT_DATETIME_FORMAT': 'm/d/Y P', 'SHORT_DATE_FORMAT': 'm/d/Y', 'SIGNING_BACKEND': 'django.core.signing.TimestampSigner', 'SILENCED_SYSTEM_CHECKS': [], 'STATICFILES_DIRS': [WindowsPath('D:/DaiHoc/PBL/PBL6/Web/sales_web/app/static')], 'STATICFILES_FINDERS': ['django.contrib.staticfiles.finders.FileSystemFinder', 'django.contrib.staticfiles.finders.AppDirectoriesFinder'], 'STATICFILES_STORAGE': 'django.contrib.staticfiles.storage.StaticFilesStorage', 'STATIC_ROOT': None, 'STATIC_URL': '/static/', 'STORAGES': {'default': {'BACKEND': 'django.core.files.storage.FileSystemStorage'}, 'staticfiles': {'BACKEND': 'django.contrib.staticfiles.storage.StaticFilesStorage'}}, 'TEMPLATES': [{'BACKEND': 'django.template.backends.django.DjangoTemplates', 'DIRS': [], 'APP_DIRS': True, 'OPTIONS': {'context_processors': ['django.template.context_processors.debug', 'django.template.context_processors.request', 'django.contrib.auth.context_processors.auth', 'django.contrib.messages.context_processors.messages']}}], 'TEST_NON_SERIALIZED_APPS': [], 'TEST_RUNNER': 'django.test.runner.DiscoverRunner', 'THOUSAND_SEPARATOR': ',', 'TIME_FORMAT': 'P', 'TIME_INPUT_FORMATS': ['%H:%M:%S', '%H:%M:%S.%f', '%H:%M'], 'TIME_ZONE': 'UTC', 'USE_DEPRECATED_PYTZ': False, 'USE_I18N': True, 'USE_L10N': True, 'USE_THOUSAND_SEPARATOR': False, 'USE_TZ': True, 'USE_X_FORWARDED_HOST': False, 'USE_X_FORWARDED_PORT': False, 'WSGI_APPLICATION': 'sales_web.wsgi.application', 'X_FRAME_OPTIONS': 'DENY', 'YEAR_MONTH_FORMAT': 'F Y'}, 'sys_executable': 'C:\\Users\\SuperiorBpro\\AppData\\Local\\Programs\\Python\\Python38\\python.exe', 'sys_version_info': '3.8.0', 'server_time': datetime.datetime(2024, 12, 16, 22, 19, 41, 632617, tzinfo=datetime.timezone.utc), 'django_version_info': '4.2.13', 'sys_path': ['D:\\DaiHoc\\PBL\\PBL6\\Web\\sales_web', 'C:\\Users\\SuperiorBpro\\AppData\\Local\\Programs\\Python\\Python38\\python38.zip', 'C:\\Users\\SuperiorBpro\\AppData\\Local\\Programs\\Python\\Python38\\DLLs', 'C:\\Users\\SuperiorBpro\\AppData\\Local\\Programs\\Python\\Python38\\lib', 'C:\\Users\\SuperiorBpro\\AppData\\Local\\Programs\\Python\\Python38', 'C:\\Users\\SuperiorBpro\\AppData\\Roaming\\Python\\Python38\\site-packages', 'C:\\Users\\SuperiorBpro\\AppData\\Local\\Programs\\Python\\Python38\\lib\\site-packages', 'C:\\Users\\SuperiorBpro\\AppData\\Local\\Programs\\Python\\Python38\\lib\\site-packages\\win32', 'C:\\Users\\SuperiorBpro\\AppData\\Local\\Programs\\Python\\Python38\\lib\\site-packages\\win32\\lib', 'C:\\Users\\SuperiorBpro\\AppData\\Local\\Programs\\Python\\Python38\\lib\\site-packages\\Pythonwin'], 'template_info': None, 'template_does_not_exist': False, 'postmortem': None, 'request_GET_items': <generator object MultiValueDict.items at 0x000001D8E4E96C80>, 'request_FILES_items': <generator object MultiValueDict.items at 0x000001D8E4EB74A0>, 'request_insecure_uri': 'http://192.168.11.7:8000/', 'raising_view_name': 'app.views.home', 'exception_type': 'DisallowedHost', 'exception_value': "Invalid HTTP_HOST header: '192.168.11.7:8000'. You may need to add '192.168.11.7' to ALLOWED_HOSTS.", 'lastframe': {'exc_cause': None, 'exc_cause_explicit': None, 'tb': <traceback object at 0x000001D8E4D22B40>, 'type': 'django', 'filename': 'C:\\Users\\SuperiorBpro\\AppData\\Local\\Programs\\Python\\Python38\\lib\\site-packages\\django\\http\\request.py', 'function': 'get_host', 'lineno': 150, 'vars': [('self', "<WSGIRequest: GET '/'>"), ('host', "'192.168.11.7:8000'"), ('allowed_hosts', "['PBLBpro.pythonanywhere.com', '127.0.0.1', 'localhost']"), ('domain', "'192.168.11.7'"), ('port', "'8000'"), ('msg', '("Invalid HTTP_HOST header: \'192.168.11.7:8000\'. You may need to add "\n "\'192.168.11.7\' to ALLOWED_HOSTS.")')], 'id': 2031063542592, 'pre_context': ['            msg = "Invalid HTTP_HOST header: %r." % host', '            if domain:', '                msg += " You may need to add %r to ALLOWED_HOSTS." % domain', '            else:', '                msg += (', '                    " The domain name provided is not valid according to RFC 1034/1035."', '                )'], 'context_line': '            raise DisallowedHost(msg)', 'post_context': ['', '    def get_port(self):', '        """Return the port number for the request as a string."""', '        if settings.USE_X_FORWARDED_PORT and "HTTP_X_FORWARDED_PORT" in self.META:', '            port = self.META["HTTP_X_FORWARDED_PORT"]', '        else:'], 'pre_context_lineno': 143, 'colno': '', 'tb_area_colno': ''}}]
DEBUG 2024-12-17 05:19:41,676 base 2468 5360 [192.168.11.7] Exception while resolving variable 'exception_notes' in template 'unknown'.
Traceback (most recent call last):
  File "C:\Users\SuperiorBpro\AppData\Local\Programs\Python\Python38\lib\site-packages\django\core\handlers\exception.py", line 55, in inner
    response = get_response(request)
  File "C:\Users\SuperiorBpro\AppData\Local\Programs\Python\Python38\lib\site-packages\django\utils\deprecation.py", line 133, in __call__
    response = self.process_request(request)
  File "C:\Users\SuperiorBpro\AppData\Local\Programs\Python\Python38\lib\site-packages\django\middleware\common.py", line 48, in process_request
    host = request.get_host()
  File "C:\Users\SuperiorBpro\AppData\Local\Programs\Python\Python38\lib\site-packages\django\http\request.py", line 150, in get_host
    raise DisallowedHost(msg)
django.core.exceptions.DisallowedHost: Invalid HTTP_HOST header: '192.168.11.7:8000'. You may need to add '192.168.11.7' to ALLOWED_HOSTS.

During handling of the above exception, another exception occurred:

Traceback (most recent call last):
  File "C:\Users\SuperiorBpro\AppData\Local\Programs\Python\Python38\lib\site-packages\django\template\base.py", line 880, in _resolve_lookup
    current = current[bit]
  File "C:\Users\SuperiorBpro\AppData\Local\Programs\Python\Python38\lib\site-packages\django\template\context.py", line 83, in __getitem__
    raise KeyError(key)
KeyError: 'exception_notes'

During handling of the above exception, another exception occurred:

Traceback (most recent call last):
  File "C:\Users\SuperiorBpro\AppData\Local\Programs\Python\Python38\lib\site-packages\django\template\base.py", line 886, in _resolve_lookup
    if isinstance(current, BaseContext) and getattr(
AttributeError: type object 'Context' has no attribute 'exception_notes'

During handling of the above exception, another exception occurred:

Traceback (most recent call last):
  File "C:\Users\SuperiorBpro\AppData\Local\Programs\Python\Python38\lib\site-packages\django\template\base.py", line 896, in _resolve_lookup
    current = current[int(bit)]
ValueError: invalid literal for int() with base 10: 'exception_notes'

During handling of the above exception, another exception occurred:

Traceback (most recent call last):
  File "C:\Users\SuperiorBpro\AppData\Local\Programs\Python\Python38\lib\site-packages\django\template\base.py", line 903, in _resolve_lookup
    raise VariableDoesNotExist(
django.template.base.VariableDoesNotExist: Failed lookup for key [exception_notes] in [{'True': True, 'False': False, 'None': None}, {'is_email': False, 'unicode_hint': '', 'frames': [{'exc_cause': None, 'exc_cause_explicit': None, 'tb': <traceback object at 0x000001D8E4D22C00>, 'type': 'django', 'filename': 'C:\\Users\\SuperiorBpro\\AppData\\Local\\Programs\\Python\\Python38\\lib\\site-packages\\django\\core\\handlers\\exception.py', 'function': 'inner', 'lineno': 55, 'vars': [('request', "<WSGIRequest: GET '/'>"), ('exc', 'DisallowedHost("Invalid HTTP_HOST header: \'192.168.11.7:8000\'. You may need to add \'192.168.11.7\' to ALLOWED_HOSTS.")'), ('get_response', '<CommonMiddleware get_response=convert_exception_to_response.<locals>.inner>')], 'id': 2031063542784, 'pre_context': ['', '        return inner', '    else:', '', '        @wraps(get_response)', '        def inner(request):', '            try:'], 'context_line': '                response = get_response(request)', 'post_context': ['            except Exception as exc:', '                response = response_for_exception(request, exc)', '            return response', '', '        return inner', ''], 'pre_context_lineno': 48, 'colno': '', 'tb_area_colno': ''}, {'exc_cause': None, 'exc_cause_explicit': None, 'tb': <traceback object at 0x000001D8E4D22BC0>, 'type': 'django', 'filename': 'C:\\Users\\SuperiorBpro\\AppData\\Local\\Programs\\Python\\Python38\\lib\\site-packages\\django\\utils\\deprecation.py', 'function': '__call__', 'lineno': 133, 'vars': [('self', '<CommonMiddleware get_response=convert_exception_to_response.<locals>.inner>'), ('request', "<WSGIRequest: GET '/'>"), ('response', 'None')], 'id': 2031063542720, 'pre_context': ['', '    def __call__(self, request):', '        # Exit out to async mode, if needed', '        if iscoroutinefunction(self):', '            return self.__acall__(request)', '        response = None', '        if hasattr(self, "process_request"):'], 'context_line': '            response = self.process_request(request)', 'post_context': ['        response = response or self.get_response(request)', '        if hasattr(self, "process_response"):', '            response = self.process_response(request, response)', '        return response', '', '    async def __acall__(self, request):'], 'pre_context_lineno': 126, 'colno': '', 'tb_area_colno': ''}, {'exc_cause': None, 'exc_cause_explicit': None, 'tb': <traceback object at 0x000001D8E4D22B80>, 'type': 'django', 'filename': 'C:\\Users\\SuperiorBpro\\AppData\\Local\\Programs\\Python\\Python38\\lib\\site-packages\\django\\middleware\\common.py', 'function': 'process_request', 'lineno': 48, 'vars': [('self', '<CommonMiddleware get_response=convert_exception_to_response.<locals>.inner>'), ('request', "<WSGIRequest: GET '/'>"), ('user_agent', "('Mozilla/5.0 (Windows NT 10.0; Win64; x64) AppleWebKit/537.36 (KHTML, like '\n 'Gecko) Chrome/131.0.0.0 Safari/537.36 Edg/131.0.0.0')")], 'id': 2031063542656, 'pre_context': ['        user_agent = request.META.get("HTTP_USER_AGENT")', '        if user_agent is not None:', '            for user_agent_regex in settings.DISALLOWED_USER_AGENTS:', '                if user_agent_regex.search(user_agent):', '                    raise PermissionDenied("Forbidden user agent")', '', '        # Check for a redirect based on settings.PREPEND_WWW'], 'context_line': '        host = request.get_host()', 'post_context': ['', '        if settings.PREPEND_WWW and host and not host.startswith("www."):', '            # Check if we also need to append a slash so we can do it all', '            # with a single redirect. (This check may be somewhat expensive,', "            # so we only do it if we already know we're sending a redirect,", '            # or in process_response if we get a 404.)'], 'pre_context_lineno': 41, 'colno': '', 'tb_area_colno': ''}, {'exc_cause': None, 'exc_cause_explicit': None, 'tb': <traceback object at 0x000001D8E4D22B40>, 'type': 'django', 'filename': 'C:\\Users\\SuperiorBpro\\AppData\\Local\\Programs\\Python\\Python38\\lib\\site-packages\\django\\http\\request.py', 'function': 'get_host', 'lineno': 150, 'vars': [('self', "<WSGIRequest: GET '/'>"), ('host', "'192.168.11.7:8000'"), ('allowed_hosts', "['PBLBpro.pythonanywhere.com', '127.0.0.1', 'localhost']"), ('domain', "'192.168.11.7'"), ('port', "'8000'"), ('msg', '("Invalid HTTP_HOST header: \'192.168.11.7:8000\'. You may need to add "\n "\'192.168.11.7\' to ALLOWED_HOSTS.")')], 'id': 2031063542592, 'pre_context': ['            msg = "Invalid HTTP_HOST header: %r." % host', '            if domain:', '                msg += " You may need to add %r to ALLOWED_HOSTS." % domain', '            else:', '                msg += (', '                    " The domain name provided is not valid according to RFC 1034/1035."', '                )'], 'context_line': '            raise DisallowedHost(msg)', 'post_context': ['', '    def get_port(self):', '        """Return the port number for the request as a string."""', '        if settings.USE_X_FORWARDED_PORT and "HTTP_X_FORWARDED_PORT" in self.META:', '            port = self.META["HTTP_X_FORWARDED_PORT"]', '        else:'], 'pre_context_lineno': 143, 'colno': '', 'tb_area_colno': ''}], 'request': <WSGIRequest: GET '/'>, 'request_meta': {'ALLUSERSPROFILE': 'C:\\ProgramData', 'APPDATA': 'C:\\Users\\SuperiorBpro\\AppData\\Roaming', 'ASL.LOG': 'Destination=file', 'CHROME_CRASHPAD_PIPE_NAME': '\\\\.\\pipe\\crashpad_8196_QDNGDHOPSVBPXPKG', 'COMMONPROGRAMFILES': 'C:\\Program Files\\Common Files', 'COMMONPROGRAMFILES(X86)': 'C:\\Program Files (x86)\\Common Files', 'COMMONPROGRAMW6432': 'C:\\Program Files\\Common Files', 'COMPUTERNAME': 'LENOVOBPRO', 'COMSPEC': 'C:\\WINDOWS\\system32\\cmd.exe', 'DRIVERDATA': 'C:\\Windows\\System32\\Drivers\\DriverData', 'FPS_BROWSER_APP_PROFILE_STRING': 'Internet Explorer', 'FPS_BROWSER_USER_PROFILE_STRING': 'Default', 'F_EM64T_REDIST11': 'C:\\Program Files (x86)\\Common Files\\Intel\\Shared Files\\fortran\\', 'HOMEDRIVE': 'C:', 'HOMEPATH': '\\Users\\SuperiorBpro', 'INTEL_DEV_REDIST': 'C:\\Program Files (x86)\\Common Files\\Intel\\Shared Libraries\\', 'LOCALAPPDATA': 'C:\\Users\\SuperiorBpro\\AppData\\Local', 'LOGONSERVER': '\\\\LENOVOBPRO', 'MIC_LD_LIBRARY_PATH': 'C:\\Program Files (x86)\\Common Files\\Intel\\Shared Libraries\\compiler\\lib\\intel64_win_mic', 'MOZ_PLUGIN_PATH': 'C:\\Program Files (x86)\\Foxit Software\\Foxit PDF Reader\\plugins\\', 'NUMBER_OF_PROCESSORS': '8', 'ONEDRIVE': 'C:\\Users\\SuperiorBpro\\OneDrive', 'OPENSSL_IA32CAP': '~0x200000200000000', 'ORIGINAL_XDG_CURRENT_DESKTOP': 'undefined', 'OS': 'Windows_NT', 'PATH': 'C:\\Program Files\\dotnet;E:\\DEFINITELY DATA\\VMware\\VMware Workstation\\bin\\;C:\\Program Files (x86)\\Common Files\\Intel\\Shared Files\\fortran\\bin\\Intel64;C:\\Program Files (x86)\\Common Files\\Intel\\Shared Libraries\\redist\\intel64_win\\mpirt;C:\\Program Files (x86)\\Common Files\\Intel\\Shared Libraries\\redist\\intel64_win\\compiler;C:\\Program Files\\Common Files\\Oracle\\Java\\javapath;C:\\Program Files (x86)\\Common Files\\Oracle\\Java\\java8path;C:\\Program Files (x86)\\Common Files\\Oracle\\Java\\javapath;C:\\WINDOWS\\system32;C:\\WINDOWS;C:\\WINDOWS\\System32\\Wbem;C:\\WINDOWS\\System32\\WindowsPowerShell\\v1.0\\;C:\\WINDOWS\\System32\\OpenSSH\\;C:\\Program Files\\Microsoft SQL Server\\130\\Tools\\Binn\\;C:\\Program Files\\Microsoft SQL Server\\Client SDK\\ODBC\\170\\Tools\\Binn\\;C:\\Program Files (x86)\\Microsoft SQL Server\\150\\Tools\\Binn\\;C:\\Program Files\\Microsoft SQL Server\\150\\Tools\\Binn\\;C:\\Program Files\\Microsoft SQL Server\\150\\DTS\\Binn\\;C:\\Program Files (x86)\\Microsoft SQL Server\\160\\DTS\\Binn\\;C:\\Program Files\\Azure Data Studio\\bin;C:\\Program Files\\Microsoft SQL Server\\110\\Tools\\Binn\\;C:\\Program Files\\Git\\cmd;C:\\Users\\SuperiorBpro\\AppData\\Local\\Programs\\Python\\Python38\\Scripts\\;C:\\Users\\SuperiorBpro\\AppData\\Local\\Programs\\Python\\Python38\\;C:\\Users\\SuperiorBpro;C:\\ffmpeg\\bin;D:\\Others\\XAMPP\\php;C:\\ProgramData\\ComposerSetup\\bin;D:\\Others\\MATLAB\\R2018b\\bin;C:\\Program Files\\dotnet\\sdk;C:\\Program Files\\dotnet\\sdk\\8.0.401;C:\\msys64\\ucrt64\\bin;C:\\Program Files\\Cloudflare\\Cloudflare WARP\\;C:\\Program Files\\NVIDIA Corporation\\NVIDIA app\\NvDLISR;C:\\Program Files (x86)\\NVIDIA Corporation\\PhysX\\Common;C:\\Users\\SuperiorBpro\\AppData\\Local\\Programs\\Python\\Python310\\Scripts\\;C:\\Users\\SuperiorBpro\\AppData\\Local\\Programs\\Python\\Python310\\;C:\\Users\\SuperiorBpro\\AppData\\Local\\Programs\\Python\\Python38\\Scripts\\;C:\\Users\\SuperiorBpro\\AppData\\Local\\Programs\\Python\\Python38\\;C:\\Program Files\\dotnet;C:\\Users\\SuperiorBpro\\AppData\\Local\\Microsoft\\WindowsApps;C:\\Users\\SuperiorBpro\\AppData\\Local\\GitHubDesktop\\bin;D:\\IDE\\Microsoft VS Code\\bin;C:\\Program Files\\Azure Data Studio\\bin;D:\\IDE\\PyCharm Community Edition 2023.3.4\\bin;;D:\\IDE\\PyCharm Community Edition 2023.3.4\\sqlite;C:\\ffmpeg\\bin;C:\\Users\\SuperiorBpro\\AppData\\Roaming\\Composer\\vendor\\bin;C:\\Users\\SuperiorBpro\\.dotnet\\tools;C:\\msys64\\ucrt64\\bin;', 'PATHEXT': '.COM;.EXE;.BAT;.CMD;.VBS;.VBE;.JS;.JSE;.WSF;.WSH;.MSC;.CPL', 'PROCESSOR_ARCHITECTURE': 'AMD64', 'PROCESSOR_IDENTIFIER': 'Intel64 Family 6 Model 158 Stepping 9, GenuineIntel', 'PROCESSOR_LEVEL': '6', 'PROCESSOR_REVISION': '9e09', 'PROGRAMDATA': 'C:\\ProgramData', 'PROGRAMFILES': 'C:\\Program Files', 'PROGRAMFILES(X86)': 'C:\\Program Files (x86)', 'PROGRAMW6432': 'C:\\Program Files', 'PSMODULEPATH': 'C:\\Users\\SuperiorBpro\\Documents\\WindowsPowerShell\\Modules;C:\\Program Files\\WindowsPowerShell\\Modules;C:\\WINDOWS\\system32\\WindowsPowerShell\\v1.0\\Modules;C:\\Program Files (x86)\\Microsoft SQL Server\\150\\Tools\\PowerShell\\Modules\\', 'PT8HOME': 'D:\\Security\\Cisco Packet Tracer 8.2.1', 'PUBLIC': 'C:\\Users\\Public', 'PYCHARM COMMUNITY EDITION': 'D:\\IDE\\PyCharm Community Edition 2023.3.4\\bin;', 'SESSIONNAME': 'Console', 'SYSTEMDRIVE': 'C:', 'SYSTEMROOT': 'C:\\WINDOWS', 'TEMP': 'C:\\Users\\SUPERI~1\\AppData\\Local\\Temp', 'TMP': 'C:\\Users\\SUPERI~1\\AppData\\Local\\Temp', 'USERDOMAIN': 'LENOVOBPRO', 'USERDOMAIN_ROAMINGPROFILE': 'LENOVOBPRO', 'USERNAME': 'SuperiorBpro', 'USERPROFILE': 'C:\\Users\\SuperiorBpro', 'VS120COMNTOOLS': 'D:\\IDE\\Microsoft Visual Studio\\2013\\Common7\\Tools\\', 'WINDIR': 'C:\\WINDOWS', '__PSLOCKDOWNPOLICY': '0', 'TERM_PROGRAM': 'vscode', 'TERM_PROGRAM_VERSION': '0.43.6', 'LANG': 'en_US.UTF-8', 'COLORTERM': 'truecolor', 'GIT_ASKPASS': '********************', 'VSCODE_GIT_ASKPASS_NODE': '********************', 'VSCODE_GIT_ASKPASS_EXTRA_ARGS': '********************', 'VSCODE_GIT_ASKPASS_MAIN': '********************', 'VSCODE_GIT_IPC_HANDLE': '\\\\.\\pipe\\vscode-git-60ff621517-sock', 'VSCODE_INJECTION': '1', 'VSCODE_NONCE': 'adf392f4-64d9-45fb-b1e7-c707583c6b81', 'VSCODE_STABLE': '1', 'DJANGO_SETTINGS_MODULE': 'sales_web.settings', 'RUN_MAIN': 'true', 'SERVER_NAME': 'LenovoBpro.domain.name', 'GATEWAY_INTERFACE': 'CGI/1.1', 'SERVER_PORT': '8000', 'REMOTE_HOST': '', 'CONTENT_LENGTH': '', 'SCRIPT_NAME': '', 'SERVER_PROTOCOL': 'HTTP/1.1', 'SERVER_SOFTWARE': 'WSGIServer/0.2', 'REQUEST_METHOD': 'GET', 'PATH_INFO': '/', 'QUERY_STRING': '', 'REMOTE_ADDR': '192.168.11.7', 'CONTENT_TYPE': 'text/plain', 'HTTP_HOST': '192.168.11.7:8000', 'HTTP_CONNECTION': 'keep-alive', 'HTTP_UPGRADE_INSECURE_REQUESTS': '1', 'HTTP_USER_AGENT': 'Mozilla/5.0 (Windows NT 10.0; Win64; x64) AppleWebKit/537.36 (KHTML, like Gecko) Chrome/131.0.0.0 Safari/537.36 Edg/131.0.0.0', 'HTTP_ACCEPT': 'text/html,application/xhtml+xml,application/xml;q=0.9,image/avif,image/webp,image/apng,*/*;q=0.8,application/signed-exchange;v=b3;q=0.7', 'HTTP_ACCEPT_ENCODING': 'gzip, deflate', 'HTTP_ACCEPT_LANGUAGE': 'en,vi;q=0.9,en-GB;q=0.8,en-US;q=0.7', 'wsgi.input': <django.core.handlers.wsgi.LimitedStream object at 0x000001D8E4D18730>, 'wsgi.errors': <_io.TextIOWrapper name='<stderr>' mode='w' encoding='utf-8'>, 'wsgi.version': (1, 0), 'wsgi.run_once': False, 'wsgi.url_scheme': 'http', 'wsgi.multithread': True, 'wsgi.multiprocess': False, 'wsgi.file_wrapper': <class 'wsgiref.util.FileWrapper'>}, 'request_COOKIES_items': dict_items([]), 'user_str': '[unable to retrieve the current user]', 'filtered_POST_items': [], 'settings': {'ABSOLUTE_URL_OVERRIDES': {}, 'ADMINS': [], 'ALLOWED_HOSTS': ['PBLBpro.pythonanywhere.com', '127.0.0.1', 'localhost'], 'APPEND_SLASH': True, 'AUTHENTICATION_BACKENDS': ['django.contrib.auth.backends.ModelBackend'], 'AUTH_PASSWORD_VALIDATORS': '********************', 'AUTH_USER_MODEL': 'auth.User', 'BASE_DIR': WindowsPath('D:/DaiHoc/PBL/PBL6/Web/sales_web'), 'CACHES': {'default': {'BACKEND': 'django.core.cache.backends.locmem.LocMemCache'}}, 'CACHE_MIDDLEWARE_ALIAS': 'default', 'CACHE_MIDDLEWARE_KEY_PREFIX': '********************', 'CACHE_MIDDLEWARE_SECONDS': 600, 'CSRF_COOKIE_AGE': 31449600, 'CSRF_COOKIE_DOMAIN': None, 'CSRF_COOKIE_HTTPONLY': False, 'CSRF_COOKIE_MASKED': False, 'CSRF_COOKIE_NAME': 'csrftoken', 'CSRF_COOKIE_PATH': '/', 'CSRF_COOKIE_SAMESITE': 'Lax', 'CSRF_COOKIE_SECURE': False, 'CSRF_FAILURE_VIEW': 'app.views.csrf_failure', 'CSRF_HEADER_NAME': 'HTTP_X_CSRFTOKEN', 'CSRF_TRUSTED_ORIGINS': [], 'CSRF_USE_SESSIONS': False, 'DATABASES': {'default': {'ENGINE': 'django.db.backends.sqlite3', 'NAME': WindowsPath('D:/DaiHoc/PBL/PBL6/Web/sales_web/db.sqlite3'), 'ATOMIC_REQUESTS': False, 'AUTOCOMMIT': True, 'CONN_MAX_AGE': 0, 'CONN_HEALTH_CHECKS': False, 'OPTIONS': {}, 'TIME_ZONE': None, 'USER': '', 'PASSWORD': '********************', 'HOST': '', 'PORT': '', 'TEST': {'CHARSET': None, 'COLLATION': None, 'MIGRATE': True, 'MIRROR': None, 'NAME': None}}}, 'DATABASE_ROUTERS': [], 'DATA_UPLOAD_MAX_MEMORY_SIZE': 2621440, 'DATA_UPLOAD_MAX_NUMBER_FIELDS': 1000, 'DATA_UPLOAD_MAX_NUMBER_FILES': 100, 'DATETIME_FORMAT': 'N j, Y, P', 'DATETIME_INPUT_FORMATS': ['%Y-%m-%d %H:%M:%S', '%Y-%m-%d %H:%M:%S.%f', '%Y-%m-%d %H:%M', '%m/%d/%Y %H:%M:%S', '%m/%d/%Y %H:%M:%S.%f', '%m/%d/%Y %H:%M', '%m/%d/%y %H:%M:%S', '%m/%d/%y %H:%M:%S.%f', '%m/%d/%y %H:%M'], 'DATE_FORMAT': 'N j, Y', 'DATE_INPUT_FORMATS': ['%Y-%m-%d', '%m/%d/%Y', '%m/%d/%y', '%b %d %Y', '%b %d, %Y', '%d %b %Y', '%d %b, %Y', '%B %d %Y', '%B %d, %Y', '%d %B %Y', '%d %B, %Y'], 'DEBUG': True, 'DEBUG_PROPAGATE_EXCEPTIONS': False, 'DECIMAL_SEPARATOR': '.', 'DEFAULT_AUTO_FIELD': 'django.db.models.BigAutoField', 'DEFAULT_CHARSET': 'utf-8', 'DEFAULT_EXCEPTION_REPORTER': 'django.views.debug.ExceptionReporter', 'DEFAULT_EXCEPTION_REPORTER_FILTER': 'django.views.debug.SafeExceptionReporterFilter', 'DEFAULT_FILE_STORAGE': 'django.core.files.storage.FileSystemStorage', 'DEFAULT_FROM_EMAIL': 'webmaster@localhost', 'DEFAULT_INDEX_TABLESPACE': '', 'DEFAULT_TABLESPACE': '', 'DISALLOWED_USER_AGENTS': [], 'EMAIL_BACKEND': 'django.core.mail.backends.smtp.EmailBackend', 'EMAIL_HOST': 'smtp.gmail.com', 'EMAIL_HOST_PASSWORD': '********************', 'EMAIL_HOST_USER': 'kieuduongtay@gmail.com', 'EMAIL_PORT': 587, 'EMAIL_SSL_CERTFILE': None, 'EMAIL_SSL_KEYFILE': '********************', 'EMAIL_SUBJECT_PREFIX': '[Django] ', 'EMAIL_TIMEOUT': None, 'EMAIL_USE_LOCALTIME': False, 'EMAIL_USE_SSL': False, 'EMAIL_USE_TLS': True, 'FILE_UPLOAD_DIRECTORY_PERMISSIONS': None, 'FILE_UPLOAD_HANDLERS': ['django.core.files.uploadhandler.MemoryFileUploadHandler', 'django.core.files.uploadhandler.TemporaryFileUploadHandler'], 'FILE_UPLOAD_MAX_MEMORY_SIZE': 2621440, 'FILE_UPLOAD_PERMISSIONS': 420, 'FILE_UPLOAD_TEMP_DIR': None, 'FIRST_DAY_OF_WEEK': 0, 'FIXTURE_DIRS': [], 'FORCE_SCRIPT_NAME': None, 'FORMAT_MODULE_PATH': None, 'FORM_RENDERER': 'django.forms.renderers.DjangoTemplates', 'IGNORABLE_404_URLS': [], 'INSTALLED_APPS': ['django.contrib.admin', 'django.contrib.auth', 'django.contrib.contenttypes', 'django.contrib.sessions', 'django.contrib.messages', 'django.contrib.staticfiles', 'app'], 'INTERNAL_IPS': [], 'LANGUAGES': [('af', 'Afrikaans'), ('ar', 'Arabic'), ('ar-dz', 'Algerian Arabic'), ('ast', 'Asturian'), ('az', 'Azerbaijani'), ('bg', 'Bulgarian'), ('be', 'Belarusian'), ('bn', 'Bengali'), ('br', 'Breton'), ('bs', 'Bosnian'), ('ca', 'Catalan'), ('ckb', 'Central Kurdish (Sorani)'), ('cs', 'Czech'), ('cy', 'Welsh'), ('da', 'Danish'), ('de', 'German'), ('dsb', 'Lower Sorbian'), ('el', 'Greek'), ('en', 'English'), ('en-au', 'Australian English'), ('en-gb', 'British English'), ('eo', 'Esperanto'), ('es', 'Spanish'), ('es-ar', 'Argentinian Spanish'), ('es-co', 'Colombian Spanish'), ('es-mx', 'Mexican Spanish'), ('es-ni', 'Nicaraguan Spanish'), ('es-ve', 'Venezuelan Spanish'), ('et', 'Estonian'), ('eu', 'Basque'), ('fa', 'Persian'), ('fi', 'Finnish'), ('fr', 'French'), ('fy', 'Frisian'), ('ga', 'Irish'), ('gd', 'Scottish Gaelic'), ('gl', 'Galician'), ('he', 'Hebrew'), ('hi', 'Hindi'), ('hr', 'Croatian'), ('hsb', 'Upper Sorbian'), ('hu', 'Hungarian'), ('hy', 'Armenian'), ('ia', 'Interlingua'), ('id', 'Indonesian'), ('ig', 'Igbo'), ('io', 'Ido'), ('is', 'Icelandic'), ('it', 'Italian'), ('ja', 'Japanese'), ('ka', 'Georgian'), ('kab', 'Kabyle'), ('kk', 'Kazakh'), ('km', 'Khmer'), ('kn', 'Kannada'), ('ko', 'Korean'), ('ky', 'Kyrgyz'), ('lb', 'Luxembourgish'), ('lt', 'Lithuanian'), ('lv', 'Latvian'), ('mk', 'Macedonian'), ('ml', 'Malayalam'), ('mn', 'Mongolian'), ('mr', 'Marathi'), ('ms', 'Malay'), ('my', 'Burmese'), ('nb', 'Norwegian Bokml'), ('ne', 'Nepali'), ('nl', 'Dutch'), ('nn', 'Norwegian Nynorsk'), ('os', 'Ossetic'), ('pa', 'Punjabi'), ('pl', 'Polish'), ('pt', 'Portuguese'), ('pt-br', 'Brazilian Portuguese'), ('ro', 'Romanian'), ('ru', 'Russian'), ('sk', 'Slovak'), ('sl', 'Slovenian'), ('sq', 'Albanian'), ('sr', 'Serbian'), ('sr-latn', 'Serbian Latin'), ('sv', 'Swedish'), ('sw', 'Swahili'), ('ta', 'Tamil'), ('te', 'Telugu'), ('tg', 'Tajik'), ('th', 'Thai'), ('tk', 'Turkmen'), ('tr', 'Turkish'), ('tt', 'Tatar'), ('udm', 'Udmurt'), ('uk', 'Ukrainian'), ('ur', 'Urdu'), ('uz', 'Uzbek'), ('vi', 'Vietnamese'), ('zh-hans', 'Simplified Chinese'), ('zh-hant', 'Traditional Chinese')], 'LANGUAGES_BIDI': ['he', 'ar', 'ar-dz', 'ckb', 'fa', 'ur'], 'LANGUAGE_CODE': 'en-us', 'LANGUAGE_COOKIE_AGE': None, 'LANGUAGE_COOKIE_DOMAIN': None, 'LANGUAGE_COOKIE_HTTPONLY': False, 'LANGUAGE_COOKIE_NAME': 'django_language', 'LANGUAGE_COOKIE_PATH': '/', 'LANGUAGE_COOKIE_SAMESITE': None, 'LANGUAGE_COOKIE_SECURE': False, 'LOCALE_PATHS': [], 'LOGGING': {'version': 1, 'disable_existing_loggers': False, 'formatters': {'verbose': {'format': '{levelname} {asctime} {module} {process:d} {thread:d} [{ip}] {message}', 'style': '{'}, 'simple': {'format': '{levelname} [{ip}] {message}', 'style': '{'}}, 'filters': {'remove_autoreload': {'()': 'sales_web.logging_filters.RemoveAutoreloadFilter'}, 'add_ip': {'()': 'sales_web.logging_filters.AddRequestIPFilter'}}, 'handlers': {'file': {'level': 'DEBUG', 'class': 'logging.handlers.TimedRotatingFileHandler', 'filename': 'D:\\DaiHoc\\PBL\\PBL6\\Web\\sales_web\\logs\\django.log', 'when': 'midnight', 'interval': 1, 'backupCount': 30, 'formatter': 'verbose', 'filters': ['add_ip', 'remove_autoreload']}, 'console': {'level': 'INFO', 'class': 'logging.StreamHandler', 'formatter': 'simple', 'filters': ['add_ip', 'remove_autoreload']}}, 'loggers': {'django': {'handlers': ['file', 'console'], 'level': 'DEBUG', 'propagate': True}, 'django.server': {'handlers': ['file', 'console'], 'level': 'INFO', 'propagate': False}, 'django.request': {'handlers': ['file'], 'level': 'DEBUG', 'propagate': False}, 'django.db.backends': {'handlers': ['file'], 'level': 'DEBUG', 'propagate': False}}}, 'LOGGING_CONFIG': 'logging.config.dictConfig', 'LOGIN_REDIRECT_URL': '/accounts/profile/', 'LOGIN_URL': '/accounts/login/', 'LOGOUT_REDIRECT_URL': None, 'LOG_DIR': 'D:\\DaiHoc\\PBL\\PBL6\\Web\\sales_web\\logs', 'MANAGERS': [], 'MEDIA_ROOT': 'D:\\DaiHoc\\PBL\\PBL6\\Web\\sales_web\\app\\media', 'MEDIA_URL': '/app/media/', 'MESSAGE_STORAGE': 'django.contrib.messages.storage.fallback.FallbackStorage', 'MIDDLEWARE': ['sales_web.logging_filters.RequestIPMiddleware', 'django.middleware.security.SecurityMiddleware', 'django.contrib.sessions.middleware.SessionMiddleware', 'django.middleware.common.CommonMiddleware', 'django.middleware.csrf.CsrfViewMiddleware', 'django.contrib.auth.middleware.AuthenticationMiddleware', 'django.contrib.messages.middleware.MessageMiddleware', 'django.middleware.clickjacking.XFrameOptionsMiddleware'], 'MIGRATION_MODULES': {}, 'MONTH_DAY_FORMAT': 'F j', 'NUMBER_GROUPING': 0, 'PASSWORD_HASHERS': '********************', 'PASSWORD_RESET_TIMEOUT': '********************', 'PREPEND_WWW': False, 'ROOT_URLCONF': 'sales_web.urls', 'SECRET_KEY': '********************', 'SECRET_KEY_FALLBACKS': '********************', 'SECURE_CONTENT_TYPE_NOSNIFF': True, 'SECURE_CROSS_ORIGIN_OPENER_POLICY': 'same-origin', 'SECURE_HSTS_INCLUDE_SUBDOMAINS': False, 'SECURE_HSTS_PRELOAD': False, 'SECURE_HSTS_SECONDS': 0, 'SECURE_PROXY_SSL_HEADER': None, 'SECURE_REDIRECT_EXEMPT': [], 'SECURE_REFERRER_POLICY': 'same-origin', 'SECURE_SSL_HOST': None, 'SECURE_SSL_REDIRECT': False, 'SERVER_EMAIL': 'root@localhost', 'SESSION_CACHE_ALIAS': 'default', 'SESSION_COOKIE_AGE': 1209600, 'SESSION_COOKIE_DOMAIN': None, 'SESSION_COOKIE_HTTPONLY': True, 'SESSION_COOKIE_NAME': 'sessionid', 'SESSION_COOKIE_PATH': '/', 'SESSION_COOKIE_SAMESITE': 'Lax', 'SESSION_COOKIE_SECURE': False, 'SESSION_ENGINE': 'django.contrib.sessions.backends.db', 'SESSION_EXPIRE_AT_BROWSER_CLOSE': False, 'SESSION_FILE_PATH': None, 'SESSION_SAVE_EVERY_REQUEST': False, 'SESSION_SERIALIZER': 'django.contrib.sessions.serializers.JSONSerializer', 'SETTINGS_MODULE': 'sales_web.settings', 'SHORT_DATETIME_FORMAT': 'm/d/Y P', 'SHORT_DATE_FORMAT': 'm/d/Y', 'SIGNING_BACKEND': 'django.core.signing.TimestampSigner', 'SILENCED_SYSTEM_CHECKS': [], 'STATICFILES_DIRS': [WindowsPath('D:/DaiHoc/PBL/PBL6/Web/sales_web/app/static')], 'STATICFILES_FINDERS': ['django.contrib.staticfiles.finders.FileSystemFinder', 'django.contrib.staticfiles.finders.AppDirectoriesFinder'], 'STATICFILES_STORAGE': 'django.contrib.staticfiles.storage.StaticFilesStorage', 'STATIC_ROOT': None, 'STATIC_URL': '/static/', 'STORAGES': {'default': {'BACKEND': 'django.core.files.storage.FileSystemStorage'}, 'staticfiles': {'BACKEND': 'django.contrib.staticfiles.storage.StaticFilesStorage'}}, 'TEMPLATES': [{'BACKEND': 'django.template.backends.django.DjangoTemplates', 'DIRS': [], 'APP_DIRS': True, 'OPTIONS': {'context_processors': ['django.template.context_processors.debug', 'django.template.context_processors.request', 'django.contrib.auth.context_processors.auth', 'django.contrib.messages.context_processors.messages']}}], 'TEST_NON_SERIALIZED_APPS': [], 'TEST_RUNNER': 'django.test.runner.DiscoverRunner', 'THOUSAND_SEPARATOR': ',', 'TIME_FORMAT': 'P', 'TIME_INPUT_FORMATS': ['%H:%M:%S', '%H:%M:%S.%f', '%H:%M'], 'TIME_ZONE': 'UTC', 'USE_DEPRECATED_PYTZ': False, 'USE_I18N': True, 'USE_L10N': True, 'USE_THOUSAND_SEPARATOR': False, 'USE_TZ': True, 'USE_X_FORWARDED_HOST': False, 'USE_X_FORWARDED_PORT': False, 'WSGI_APPLICATION': 'sales_web.wsgi.application', 'X_FRAME_OPTIONS': 'DENY', 'YEAR_MONTH_FORMAT': 'F Y'}, 'sys_executable': 'C:\\Users\\SuperiorBpro\\AppData\\Local\\Programs\\Python\\Python38\\python.exe', 'sys_version_info': '3.8.0', 'server_time': datetime.datetime(2024, 12, 16, 22, 19, 41, 632617, tzinfo=datetime.timezone.utc), 'django_version_info': '4.2.13', 'sys_path': ['D:\\DaiHoc\\PBL\\PBL6\\Web\\sales_web', 'C:\\Users\\SuperiorBpro\\AppData\\Local\\Programs\\Python\\Python38\\python38.zip', 'C:\\Users\\SuperiorBpro\\AppData\\Local\\Programs\\Python\\Python38\\DLLs', 'C:\\Users\\SuperiorBpro\\AppData\\Local\\Programs\\Python\\Python38\\lib', 'C:\\Users\\SuperiorBpro\\AppData\\Local\\Programs\\Python\\Python38', 'C:\\Users\\SuperiorBpro\\AppData\\Roaming\\Python\\Python38\\site-packages', 'C:\\Users\\SuperiorBpro\\AppData\\Local\\Programs\\Python\\Python38\\lib\\site-packages', 'C:\\Users\\SuperiorBpro\\AppData\\Local\\Programs\\Python\\Python38\\lib\\site-packages\\win32', 'C:\\Users\\SuperiorBpro\\AppData\\Local\\Programs\\Python\\Python38\\lib\\site-packages\\win32\\lib', 'C:\\Users\\SuperiorBpro\\AppData\\Local\\Programs\\Python\\Python38\\lib\\site-packages\\Pythonwin'], 'template_info': None, 'template_does_not_exist': False, 'postmortem': None, 'request_GET_items': <generator object MultiValueDict.items at 0x000001D8E4E96C80>, 'request_FILES_items': <generator object MultiValueDict.items at 0x000001D8E4EB74A0>, 'request_insecure_uri': 'http://192.168.11.7:8000/', 'raising_view_name': 'app.views.home', 'exception_type': 'DisallowedHost', 'exception_value': "Invalid HTTP_HOST header: '192.168.11.7:8000'. You may need to add '192.168.11.7' to ALLOWED_HOSTS.", 'lastframe': {'exc_cause': None, 'exc_cause_explicit': None, 'tb': <traceback object at 0x000001D8E4D22B40>, 'type': 'django', 'filename': 'C:\\Users\\SuperiorBpro\\AppData\\Local\\Programs\\Python\\Python38\\lib\\site-packages\\django\\http\\request.py', 'function': 'get_host', 'lineno': 150, 'vars': [('self', "<WSGIRequest: GET '/'>"), ('host', "'192.168.11.7:8000'"), ('allowed_hosts', "['PBLBpro.pythonanywhere.com', '127.0.0.1', 'localhost']"), ('domain', "'192.168.11.7'"), ('port', "'8000'"), ('msg', '("Invalid HTTP_HOST header: \'192.168.11.7:8000\'. You may need to add "\n "\'192.168.11.7\' to ALLOWED_HOSTS.")')], 'id': 2031063542592, 'pre_context': ['            msg = "Invalid HTTP_HOST header: %r." % host', '            if domain:', '                msg += " You may need to add %r to ALLOWED_HOSTS." % domain', '            else:', '                msg += (', '                    " The domain name provided is not valid according to RFC 1034/1035."', '                )'], 'context_line': '            raise DisallowedHost(msg)', 'post_context': ['', '    def get_port(self):', '        """Return the port number for the request as a string."""', '        if settings.USE_X_FORWARDED_PORT and "HTTP_X_FORWARDED_PORT" in self.META:', '            port = self.META["HTTP_X_FORWARDED_PORT"]', '        else:'], 'pre_context_lineno': 143, 'colno': '', 'tb_area_colno': ''}}]
WARNING 2024-12-17 05:19:41,691 log 2468 5360 [192.168.11.7] Bad Request: /
WARNING 2024-12-17 05:19:41,692 basehttp 2468 5360 [192.168.11.7] "GET / HTTP/1.1" 400 74417
ERROR 2024-12-17 05:19:41,899 exception 2468 14816 [192.168.11.7] Invalid HTTP_HOST header: '192.168.11.7:8000'. You may need to add '192.168.11.7' to ALLOWED_HOSTS.
Traceback (most recent call last):
  File "C:\Users\SuperiorBpro\AppData\Local\Programs\Python\Python38\lib\site-packages\django\core\handlers\exception.py", line 55, in inner
    response = get_response(request)
  File "C:\Users\SuperiorBpro\AppData\Local\Programs\Python\Python38\lib\site-packages\django\utils\deprecation.py", line 133, in __call__
    response = self.process_request(request)
  File "C:\Users\SuperiorBpro\AppData\Local\Programs\Python\Python38\lib\site-packages\django\middleware\common.py", line 48, in process_request
    host = request.get_host()
  File "C:\Users\SuperiorBpro\AppData\Local\Programs\Python\Python38\lib\site-packages\django\http\request.py", line 150, in get_host
    raise DisallowedHost(msg)
django.core.exceptions.DisallowedHost: Invalid HTTP_HOST header: '192.168.11.7:8000'. You may need to add '192.168.11.7' to ALLOWED_HOSTS.
DEBUG 2024-12-17 05:19:41,925 base 2468 14816 [192.168.11.7] Exception while resolving variable 'exception_notes' in template 'unknown'.
Traceback (most recent call last):
  File "C:\Users\SuperiorBpro\AppData\Local\Programs\Python\Python38\lib\site-packages\django\core\handlers\exception.py", line 55, in inner
    response = get_response(request)
  File "C:\Users\SuperiorBpro\AppData\Local\Programs\Python\Python38\lib\site-packages\django\utils\deprecation.py", line 133, in __call__
    response = self.process_request(request)
  File "C:\Users\SuperiorBpro\AppData\Local\Programs\Python\Python38\lib\site-packages\django\middleware\common.py", line 48, in process_request
    host = request.get_host()
  File "C:\Users\SuperiorBpro\AppData\Local\Programs\Python\Python38\lib\site-packages\django\http\request.py", line 150, in get_host
    raise DisallowedHost(msg)
django.core.exceptions.DisallowedHost: Invalid HTTP_HOST header: '192.168.11.7:8000'. You may need to add '192.168.11.7' to ALLOWED_HOSTS.

During handling of the above exception, another exception occurred:

Traceback (most recent call last):
  File "C:\Users\SuperiorBpro\AppData\Local\Programs\Python\Python38\lib\site-packages\django\template\base.py", line 880, in _resolve_lookup
    current = current[bit]
  File "C:\Users\SuperiorBpro\AppData\Local\Programs\Python\Python38\lib\site-packages\django\template\context.py", line 83, in __getitem__
    raise KeyError(key)
KeyError: 'exception_notes'

During handling of the above exception, another exception occurred:

Traceback (most recent call last):
  File "C:\Users\SuperiorBpro\AppData\Local\Programs\Python\Python38\lib\site-packages\django\template\base.py", line 886, in _resolve_lookup
    if isinstance(current, BaseContext) and getattr(
AttributeError: type object 'Context' has no attribute 'exception_notes'

During handling of the above exception, another exception occurred:

Traceback (most recent call last):
  File "C:\Users\SuperiorBpro\AppData\Local\Programs\Python\Python38\lib\site-packages\django\template\base.py", line 896, in _resolve_lookup
    current = current[int(bit)]
ValueError: invalid literal for int() with base 10: 'exception_notes'

During handling of the above exception, another exception occurred:

Traceback (most recent call last):
  File "C:\Users\SuperiorBpro\AppData\Local\Programs\Python\Python38\lib\site-packages\django\template\base.py", line 903, in _resolve_lookup
    raise VariableDoesNotExist(
django.template.base.VariableDoesNotExist: Failed lookup for key [exception_notes] in [{'True': True, 'False': False, 'None': None}, {'is_email': False, 'unicode_hint': '', 'frames': [{'exc_cause': None, 'exc_cause_explicit': None, 'tb': <traceback object at 0x000001D8E4CABD40>, 'type': 'django', 'filename': 'C:\\Users\\SuperiorBpro\\AppData\\Local\\Programs\\Python\\Python38\\lib\\site-packages\\django\\core\\handlers\\exception.py', 'function': 'inner', 'lineno': 55, 'vars': [('request', "<WSGIRequest: GET '/favicon.ico'>"), ('exc', 'DisallowedHost("Invalid HTTP_HOST header: \'192.168.11.7:8000\'. You may need to add \'192.168.11.7\' to ALLOWED_HOSTS.")'), ('get_response', '<CommonMiddleware get_response=convert_exception_to_response.<locals>.inner>')], 'id': 2031063055680, 'pre_context': ['', '        return inner', '    else:', '', '        @wraps(get_response)', '        def inner(request):', '            try:'], 'context_line': '                response = get_response(request)', 'post_context': ['            except Exception as exc:', '                response = response_for_exception(request, exc)', '            return response', '', '        return inner', ''], 'pre_context_lineno': 48, 'colno': '', 'tb_area_colno': ''}, {'exc_cause': None, 'exc_cause_explicit': None, 'tb': <traceback object at 0x000001D8E4CAB780>, 'type': 'django', 'filename': 'C:\\Users\\SuperiorBpro\\AppData\\Local\\Programs\\Python\\Python38\\lib\\site-packages\\django\\utils\\deprecation.py', 'function': '__call__', 'lineno': 133, 'vars': [('self', '<CommonMiddleware get_response=convert_exception_to_response.<locals>.inner>'), ('request', "<WSGIRequest: GET '/favicon.ico'>"), ('response', 'None')], 'id': 2031063054208, 'pre_context': ['', '    def __call__(self, request):', '        # Exit out to async mode, if needed', '        if iscoroutinefunction(self):', '            return self.__acall__(request)', '        response = None', '        if hasattr(self, "process_request"):'], 'context_line': '            response = self.process_request(request)', 'post_context': ['        response = response or self.get_response(request)', '        if hasattr(self, "process_response"):', '            response = self.process_response(request, response)', '        return response', '', '    async def __acall__(self, request):'], 'pre_context_lineno': 126, 'colno': '', 'tb_area_colno': ''}, {'exc_cause': None, 'exc_cause_explicit': None, 'tb': <traceback object at 0x000001D8E4CABC40>, 'type': 'django', 'filename': 'C:\\Users\\SuperiorBpro\\AppData\\Local\\Programs\\Python\\Python38\\lib\\site-packages\\django\\middleware\\common.py', 'function': 'process_request', 'lineno': 48, 'vars': [('self', '<CommonMiddleware get_response=convert_exception_to_response.<locals>.inner>'), ('request', "<WSGIRequest: GET '/favicon.ico'>"), ('user_agent', "('Mozilla/5.0 (Windows NT 10.0; Win64; x64) AppleWebKit/537.36 (KHTML, like '\n 'Gecko) Chrome/131.0.0.0 Safari/537.36 Edg/131.0.0.0')")], 'id': 2031063055424, 'pre_context': ['        user_agent = request.META.get("HTTP_USER_AGENT")', '        if user_agent is not None:', '            for user_agent_regex in settings.DISALLOWED_USER_AGENTS:', '                if user_agent_regex.search(user_agent):', '                    raise PermissionDenied("Forbidden user agent")', '', '        # Check for a redirect based on settings.PREPEND_WWW'], 'context_line': '        host = request.get_host()', 'post_context': ['', '        if settings.PREPEND_WWW and host and not host.startswith("www."):', '            # Check if we also need to append a slash so we can do it all', '            # with a single redirect. (This check may be somewhat expensive,', "            # so we only do it if we already know we're sending a redirect,", '            # or in process_response if we get a 404.)'], 'pre_context_lineno': 41, 'colno': '', 'tb_area_colno': ''}, {'exc_cause': None, 'exc_cause_explicit': None, 'tb': <traceback object at 0x000001D8E4CAB3C0>, 'type': 'django', 'filename': 'C:\\Users\\SuperiorBpro\\AppData\\Local\\Programs\\Python\\Python38\\lib\\site-packages\\django\\http\\request.py', 'function': 'get_host', 'lineno': 150, 'vars': [('self', "<WSGIRequest: GET '/favicon.ico'>"), ('host', "'192.168.11.7:8000'"), ('allowed_hosts', "['PBLBpro.pythonanywhere.com', '127.0.0.1', 'localhost']"), ('domain', "'192.168.11.7'"), ('port', "'8000'"), ('msg', '("Invalid HTTP_HOST header: \'192.168.11.7:8000\'. You may need to add "\n "\'192.168.11.7\' to ALLOWED_HOSTS.")')], 'id': 2031063053248, 'pre_context': ['            msg = "Invalid HTTP_HOST header: %r." % host', '            if domain:', '                msg += " You may need to add %r to ALLOWED_HOSTS." % domain', '            else:', '                msg += (', '                    " The domain name provided is not valid according to RFC 1034/1035."', '                )'], 'context_line': '            raise DisallowedHost(msg)', 'post_context': ['', '    def get_port(self):', '        """Return the port number for the request as a string."""', '        if settings.USE_X_FORWARDED_PORT and "HTTP_X_FORWARDED_PORT" in self.META:', '            port = self.META["HTTP_X_FORWARDED_PORT"]', '        else:'], 'pre_context_lineno': 143, 'colno': '', 'tb_area_colno': ''}], 'request': <WSGIRequest: GET '/favicon.ico'>, 'request_meta': {'ALLUSERSPROFILE': 'C:\\ProgramData', 'APPDATA': 'C:\\Users\\SuperiorBpro\\AppData\\Roaming', 'ASL.LOG': 'Destination=file', 'CHROME_CRASHPAD_PIPE_NAME': '\\\\.\\pipe\\crashpad_8196_QDNGDHOPSVBPXPKG', 'COMMONPROGRAMFILES': 'C:\\Program Files\\Common Files', 'COMMONPROGRAMFILES(X86)': 'C:\\Program Files (x86)\\Common Files', 'COMMONPROGRAMW6432': 'C:\\Program Files\\Common Files', 'COMPUTERNAME': 'LENOVOBPRO', 'COMSPEC': 'C:\\WINDOWS\\system32\\cmd.exe', 'DRIVERDATA': 'C:\\Windows\\System32\\Drivers\\DriverData', 'FPS_BROWSER_APP_PROFILE_STRING': 'Internet Explorer', 'FPS_BROWSER_USER_PROFILE_STRING': 'Default', 'F_EM64T_REDIST11': 'C:\\Program Files (x86)\\Common Files\\Intel\\Shared Files\\fortran\\', 'HOMEDRIVE': 'C:', 'HOMEPATH': '\\Users\\SuperiorBpro', 'INTEL_DEV_REDIST': 'C:\\Program Files (x86)\\Common Files\\Intel\\Shared Libraries\\', 'LOCALAPPDATA': 'C:\\Users\\SuperiorBpro\\AppData\\Local', 'LOGONSERVER': '\\\\LENOVOBPRO', 'MIC_LD_LIBRARY_PATH': 'C:\\Program Files (x86)\\Common Files\\Intel\\Shared Libraries\\compiler\\lib\\intel64_win_mic', 'MOZ_PLUGIN_PATH': 'C:\\Program Files (x86)\\Foxit Software\\Foxit PDF Reader\\plugins\\', 'NUMBER_OF_PROCESSORS': '8', 'ONEDRIVE': 'C:\\Users\\SuperiorBpro\\OneDrive', 'OPENSSL_IA32CAP': '~0x200000200000000', 'ORIGINAL_XDG_CURRENT_DESKTOP': 'undefined', 'OS': 'Windows_NT', 'PATH': 'C:\\Program Files\\dotnet;E:\\DEFINITELY DATA\\VMware\\VMware Workstation\\bin\\;C:\\Program Files (x86)\\Common Files\\Intel\\Shared Files\\fortran\\bin\\Intel64;C:\\Program Files (x86)\\Common Files\\Intel\\Shared Libraries\\redist\\intel64_win\\mpirt;C:\\Program Files (x86)\\Common Files\\Intel\\Shared Libraries\\redist\\intel64_win\\compiler;C:\\Program Files\\Common Files\\Oracle\\Java\\javapath;C:\\Program Files (x86)\\Common Files\\Oracle\\Java\\java8path;C:\\Program Files (x86)\\Common Files\\Oracle\\Java\\javapath;C:\\WINDOWS\\system32;C:\\WINDOWS;C:\\WINDOWS\\System32\\Wbem;C:\\WINDOWS\\System32\\WindowsPowerShell\\v1.0\\;C:\\WINDOWS\\System32\\OpenSSH\\;C:\\Program Files\\Microsoft SQL Server\\130\\Tools\\Binn\\;C:\\Program Files\\Microsoft SQL Server\\Client SDK\\ODBC\\170\\Tools\\Binn\\;C:\\Program Files (x86)\\Microsoft SQL Server\\150\\Tools\\Binn\\;C:\\Program Files\\Microsoft SQL Server\\150\\Tools\\Binn\\;C:\\Program Files\\Microsoft SQL Server\\150\\DTS\\Binn\\;C:\\Program Files (x86)\\Microsoft SQL Server\\160\\DTS\\Binn\\;C:\\Program Files\\Azure Data Studio\\bin;C:\\Program Files\\Microsoft SQL Server\\110\\Tools\\Binn\\;C:\\Program Files\\Git\\cmd;C:\\Users\\SuperiorBpro\\AppData\\Local\\Programs\\Python\\Python38\\Scripts\\;C:\\Users\\SuperiorBpro\\AppData\\Local\\Programs\\Python\\Python38\\;C:\\Users\\SuperiorBpro;C:\\ffmpeg\\bin;D:\\Others\\XAMPP\\php;C:\\ProgramData\\ComposerSetup\\bin;D:\\Others\\MATLAB\\R2018b\\bin;C:\\Program Files\\dotnet\\sdk;C:\\Program Files\\dotnet\\sdk\\8.0.401;C:\\msys64\\ucrt64\\bin;C:\\Program Files\\Cloudflare\\Cloudflare WARP\\;C:\\Program Files\\NVIDIA Corporation\\NVIDIA app\\NvDLISR;C:\\Program Files (x86)\\NVIDIA Corporation\\PhysX\\Common;C:\\Users\\SuperiorBpro\\AppData\\Local\\Programs\\Python\\Python310\\Scripts\\;C:\\Users\\SuperiorBpro\\AppData\\Local\\Programs\\Python\\Python310\\;C:\\Users\\SuperiorBpro\\AppData\\Local\\Programs\\Python\\Python38\\Scripts\\;C:\\Users\\SuperiorBpro\\AppData\\Local\\Programs\\Python\\Python38\\;C:\\Program Files\\dotnet;C:\\Users\\SuperiorBpro\\AppData\\Local\\Microsoft\\WindowsApps;C:\\Users\\SuperiorBpro\\AppData\\Local\\GitHubDesktop\\bin;D:\\IDE\\Microsoft VS Code\\bin;C:\\Program Files\\Azure Data Studio\\bin;D:\\IDE\\PyCharm Community Edition 2023.3.4\\bin;;D:\\IDE\\PyCharm Community Edition 2023.3.4\\sqlite;C:\\ffmpeg\\bin;C:\\Users\\SuperiorBpro\\AppData\\Roaming\\Composer\\vendor\\bin;C:\\Users\\SuperiorBpro\\.dotnet\\tools;C:\\msys64\\ucrt64\\bin;', 'PATHEXT': '.COM;.EXE;.BAT;.CMD;.VBS;.VBE;.JS;.JSE;.WSF;.WSH;.MSC;.CPL', 'PROCESSOR_ARCHITECTURE': 'AMD64', 'PROCESSOR_IDENTIFIER': 'Intel64 Family 6 Model 158 Stepping 9, GenuineIntel', 'PROCESSOR_LEVEL': '6', 'PROCESSOR_REVISION': '9e09', 'PROGRAMDATA': 'C:\\ProgramData', 'PROGRAMFILES': 'C:\\Program Files', 'PROGRAMFILES(X86)': 'C:\\Program Files (x86)', 'PROGRAMW6432': 'C:\\Program Files', 'PSMODULEPATH': 'C:\\Users\\SuperiorBpro\\Documents\\WindowsPowerShell\\Modules;C:\\Program Files\\WindowsPowerShell\\Modules;C:\\WINDOWS\\system32\\WindowsPowerShell\\v1.0\\Modules;C:\\Program Files (x86)\\Microsoft SQL Server\\150\\Tools\\PowerShell\\Modules\\', 'PT8HOME': 'D:\\Security\\Cisco Packet Tracer 8.2.1', 'PUBLIC': 'C:\\Users\\Public', 'PYCHARM COMMUNITY EDITION': 'D:\\IDE\\PyCharm Community Edition 2023.3.4\\bin;', 'SESSIONNAME': 'Console', 'SYSTEMDRIVE': 'C:', 'SYSTEMROOT': 'C:\\WINDOWS', 'TEMP': 'C:\\Users\\SUPERI~1\\AppData\\Local\\Temp', 'TMP': 'C:\\Users\\SUPERI~1\\AppData\\Local\\Temp', 'USERDOMAIN': 'LENOVOBPRO', 'USERDOMAIN_ROAMINGPROFILE': 'LENOVOBPRO', 'USERNAME': 'SuperiorBpro', 'USERPROFILE': 'C:\\Users\\SuperiorBpro', 'VS120COMNTOOLS': 'D:\\IDE\\Microsoft Visual Studio\\2013\\Common7\\Tools\\', 'WINDIR': 'C:\\WINDOWS', '__PSLOCKDOWNPOLICY': '0', 'TERM_PROGRAM': 'vscode', 'TERM_PROGRAM_VERSION': '0.43.6', 'LANG': 'en_US.UTF-8', 'COLORTERM': 'truecolor', 'GIT_ASKPASS': '********************', 'VSCODE_GIT_ASKPASS_NODE': '********************', 'VSCODE_GIT_ASKPASS_EXTRA_ARGS': '********************', 'VSCODE_GIT_ASKPASS_MAIN': '********************', 'VSCODE_GIT_IPC_HANDLE': '\\\\.\\pipe\\vscode-git-60ff621517-sock', 'VSCODE_INJECTION': '1', 'VSCODE_NONCE': 'adf392f4-64d9-45fb-b1e7-c707583c6b81', 'VSCODE_STABLE': '1', 'DJANGO_SETTINGS_MODULE': 'sales_web.settings', 'RUN_MAIN': 'true', 'SERVER_NAME': 'LenovoBpro.domain.name', 'GATEWAY_INTERFACE': 'CGI/1.1', 'SERVER_PORT': '8000', 'REMOTE_HOST': '', 'CONTENT_LENGTH': '', 'SCRIPT_NAME': '', 'SERVER_PROTOCOL': 'HTTP/1.1', 'SERVER_SOFTWARE': 'WSGIServer/0.2', 'REQUEST_METHOD': 'GET', 'PATH_INFO': '/favicon.ico', 'QUERY_STRING': '', 'REMOTE_ADDR': '192.168.11.7', 'CONTENT_TYPE': 'text/plain', 'HTTP_HOST': '192.168.11.7:8000', 'HTTP_CONNECTION': 'keep-alive', 'HTTP_USER_AGENT': 'Mozilla/5.0 (Windows NT 10.0; Win64; x64) AppleWebKit/537.36 (KHTML, like Gecko) Chrome/131.0.0.0 Safari/537.36 Edg/131.0.0.0', 'HTTP_ACCEPT': 'image/avif,image/webp,image/apng,image/svg+xml,image/*,*/*;q=0.8', 'HTTP_REFERER': 'http://192.168.11.7:8000/', 'HTTP_ACCEPT_ENCODING': 'gzip, deflate', 'HTTP_ACCEPT_LANGUAGE': 'en,vi;q=0.9,en-GB;q=0.8,en-US;q=0.7', 'wsgi.input': <django.core.handlers.wsgi.LimitedStream object at 0x000001D8E4D18400>, 'wsgi.errors': <_io.TextIOWrapper name='<stderr>' mode='w' encoding='utf-8'>, 'wsgi.version': (1, 0), 'wsgi.run_once': False, 'wsgi.url_scheme': 'http', 'wsgi.multithread': True, 'wsgi.multiprocess': False, 'wsgi.file_wrapper': <class 'wsgiref.util.FileWrapper'>}, 'request_COOKIES_items': dict_items([]), 'user_str': '[unable to retrieve the current user]', 'filtered_POST_items': [], 'settings': {'ABSOLUTE_URL_OVERRIDES': {}, 'ADMINS': [], 'ALLOWED_HOSTS': ['PBLBpro.pythonanywhere.com', '127.0.0.1', 'localhost'], 'APPEND_SLASH': True, 'AUTHENTICATION_BACKENDS': ['django.contrib.auth.backends.ModelBackend'], 'AUTH_PASSWORD_VALIDATORS': '********************', 'AUTH_USER_MODEL': 'auth.User', 'BASE_DIR': WindowsPath('D:/DaiHoc/PBL/PBL6/Web/sales_web'), 'CACHES': {'default': {'BACKEND': 'django.core.cache.backends.locmem.LocMemCache'}}, 'CACHE_MIDDLEWARE_ALIAS': 'default', 'CACHE_MIDDLEWARE_KEY_PREFIX': '********************', 'CACHE_MIDDLEWARE_SECONDS': 600, 'CSRF_COOKIE_AGE': 31449600, 'CSRF_COOKIE_DOMAIN': None, 'CSRF_COOKIE_HTTPONLY': False, 'CSRF_COOKIE_MASKED': False, 'CSRF_COOKIE_NAME': 'csrftoken', 'CSRF_COOKIE_PATH': '/', 'CSRF_COOKIE_SAMESITE': 'Lax', 'CSRF_COOKIE_SECURE': False, 'CSRF_FAILURE_VIEW': 'app.views.csrf_failure', 'CSRF_HEADER_NAME': 'HTTP_X_CSRFTOKEN', 'CSRF_TRUSTED_ORIGINS': [], 'CSRF_USE_SESSIONS': False, 'DATABASES': {'default': {'ENGINE': 'django.db.backends.sqlite3', 'NAME': WindowsPath('D:/DaiHoc/PBL/PBL6/Web/sales_web/db.sqlite3'), 'ATOMIC_REQUESTS': False, 'AUTOCOMMIT': True, 'CONN_MAX_AGE': 0, 'CONN_HEALTH_CHECKS': False, 'OPTIONS': {}, 'TIME_ZONE': None, 'USER': '', 'PASSWORD': '********************', 'HOST': '', 'PORT': '', 'TEST': {'CHARSET': None, 'COLLATION': None, 'MIGRATE': True, 'MIRROR': None, 'NAME': None}}}, 'DATABASE_ROUTERS': [], 'DATA_UPLOAD_MAX_MEMORY_SIZE': 2621440, 'DATA_UPLOAD_MAX_NUMBER_FIELDS': 1000, 'DATA_UPLOAD_MAX_NUMBER_FILES': 100, 'DATETIME_FORMAT': 'N j, Y, P', 'DATETIME_INPUT_FORMATS': ['%Y-%m-%d %H:%M:%S', '%Y-%m-%d %H:%M:%S.%f', '%Y-%m-%d %H:%M', '%m/%d/%Y %H:%M:%S', '%m/%d/%Y %H:%M:%S.%f', '%m/%d/%Y %H:%M', '%m/%d/%y %H:%M:%S', '%m/%d/%y %H:%M:%S.%f', '%m/%d/%y %H:%M'], 'DATE_FORMAT': 'N j, Y', 'DATE_INPUT_FORMATS': ['%Y-%m-%d', '%m/%d/%Y', '%m/%d/%y', '%b %d %Y', '%b %d, %Y', '%d %b %Y', '%d %b, %Y', '%B %d %Y', '%B %d, %Y', '%d %B %Y', '%d %B, %Y'], 'DEBUG': True, 'DEBUG_PROPAGATE_EXCEPTIONS': False, 'DECIMAL_SEPARATOR': '.', 'DEFAULT_AUTO_FIELD': 'django.db.models.BigAutoField', 'DEFAULT_CHARSET': 'utf-8', 'DEFAULT_EXCEPTION_REPORTER': 'django.views.debug.ExceptionReporter', 'DEFAULT_EXCEPTION_REPORTER_FILTER': 'django.views.debug.SafeExceptionReporterFilter', 'DEFAULT_FILE_STORAGE': 'django.core.files.storage.FileSystemStorage', 'DEFAULT_FROM_EMAIL': 'webmaster@localhost', 'DEFAULT_INDEX_TABLESPACE': '', 'DEFAULT_TABLESPACE': '', 'DISALLOWED_USER_AGENTS': [], 'EMAIL_BACKEND': 'django.core.mail.backends.smtp.EmailBackend', 'EMAIL_HOST': 'smtp.gmail.com', 'EMAIL_HOST_PASSWORD': '********************', 'EMAIL_HOST_USER': 'kieuduongtay@gmail.com', 'EMAIL_PORT': 587, 'EMAIL_SSL_CERTFILE': None, 'EMAIL_SSL_KEYFILE': '********************', 'EMAIL_SUBJECT_PREFIX': '[Django] ', 'EMAIL_TIMEOUT': None, 'EMAIL_USE_LOCALTIME': False, 'EMAIL_USE_SSL': False, 'EMAIL_USE_TLS': True, 'FILE_UPLOAD_DIRECTORY_PERMISSIONS': None, 'FILE_UPLOAD_HANDLERS': ['django.core.files.uploadhandler.MemoryFileUploadHandler', 'django.core.files.uploadhandler.TemporaryFileUploadHandler'], 'FILE_UPLOAD_MAX_MEMORY_SIZE': 2621440, 'FILE_UPLOAD_PERMISSIONS': 420, 'FILE_UPLOAD_TEMP_DIR': None, 'FIRST_DAY_OF_WEEK': 0, 'FIXTURE_DIRS': [], 'FORCE_SCRIPT_NAME': None, 'FORMAT_MODULE_PATH': None, 'FORM_RENDERER': 'django.forms.renderers.DjangoTemplates', 'IGNORABLE_404_URLS': [], 'INSTALLED_APPS': ['django.contrib.admin', 'django.contrib.auth', 'django.contrib.contenttypes', 'django.contrib.sessions', 'django.contrib.messages', 'django.contrib.staticfiles', 'app'], 'INTERNAL_IPS': [], 'LANGUAGES': [('af', 'Afrikaans'), ('ar', 'Arabic'), ('ar-dz', 'Algerian Arabic'), ('ast', 'Asturian'), ('az', 'Azerbaijani'), ('bg', 'Bulgarian'), ('be', 'Belarusian'), ('bn', 'Bengali'), ('br', 'Breton'), ('bs', 'Bosnian'), ('ca', 'Catalan'), ('ckb', 'Central Kurdish (Sorani)'), ('cs', 'Czech'), ('cy', 'Welsh'), ('da', 'Danish'), ('de', 'German'), ('dsb', 'Lower Sorbian'), ('el', 'Greek'), ('en', 'English'), ('en-au', 'Australian English'), ('en-gb', 'British English'), ('eo', 'Esperanto'), ('es', 'Spanish'), ('es-ar', 'Argentinian Spanish'), ('es-co', 'Colombian Spanish'), ('es-mx', 'Mexican Spanish'), ('es-ni', 'Nicaraguan Spanish'), ('es-ve', 'Venezuelan Spanish'), ('et', 'Estonian'), ('eu', 'Basque'), ('fa', 'Persian'), ('fi', 'Finnish'), ('fr', 'French'), ('fy', 'Frisian'), ('ga', 'Irish'), ('gd', 'Scottish Gaelic'), ('gl', 'Galician'), ('he', 'Hebrew'), ('hi', 'Hindi'), ('hr', 'Croatian'), ('hsb', 'Upper Sorbian'), ('hu', 'Hungarian'), ('hy', 'Armenian'), ('ia', 'Interlingua'), ('id', 'Indonesian'), ('ig', 'Igbo'), ('io', 'Ido'), ('is', 'Icelandic'), ('it', 'Italian'), ('ja', 'Japanese'), ('ka', 'Georgian'), ('kab', 'Kabyle'), ('kk', 'Kazakh'), ('km', 'Khmer'), ('kn', 'Kannada'), ('ko', 'Korean'), ('ky', 'Kyrgyz'), ('lb', 'Luxembourgish'), ('lt', 'Lithuanian'), ('lv', 'Latvian'), ('mk', 'Macedonian'), ('ml', 'Malayalam'), ('mn', 'Mongolian'), ('mr', 'Marathi'), ('ms', 'Malay'), ('my', 'Burmese'), ('nb', 'Norwegian Bokml'), ('ne', 'Nepali'), ('nl', 'Dutch'), ('nn', 'Norwegian Nynorsk'), ('os', 'Ossetic'), ('pa', 'Punjabi'), ('pl', 'Polish'), ('pt', 'Portuguese'), ('pt-br', 'Brazilian Portuguese'), ('ro', 'Romanian'), ('ru', 'Russian'), ('sk', 'Slovak'), ('sl', 'Slovenian'), ('sq', 'Albanian'), ('sr', 'Serbian'), ('sr-latn', 'Serbian Latin'), ('sv', 'Swedish'), ('sw', 'Swahili'), ('ta', 'Tamil'), ('te', 'Telugu'), ('tg', 'Tajik'), ('th', 'Thai'), ('tk', 'Turkmen'), ('tr', 'Turkish'), ('tt', 'Tatar'), ('udm', 'Udmurt'), ('uk', 'Ukrainian'), ('ur', 'Urdu'), ('uz', 'Uzbek'), ('vi', 'Vietnamese'), ('zh-hans', 'Simplified Chinese'), ('zh-hant', 'Traditional Chinese')], 'LANGUAGES_BIDI': ['he', 'ar', 'ar-dz', 'ckb', 'fa', 'ur'], 'LANGUAGE_CODE': 'en-us', 'LANGUAGE_COOKIE_AGE': None, 'LANGUAGE_COOKIE_DOMAIN': None, 'LANGUAGE_COOKIE_HTTPONLY': False, 'LANGUAGE_COOKIE_NAME': 'django_language', 'LANGUAGE_COOKIE_PATH': '/', 'LANGUAGE_COOKIE_SAMESITE': None, 'LANGUAGE_COOKIE_SECURE': False, 'LOCALE_PATHS': [], 'LOGGING': {'version': 1, 'disable_existing_loggers': False, 'formatters': {'verbose': {'format': '{levelname} {asctime} {module} {process:d} {thread:d} [{ip}] {message}', 'style': '{'}, 'simple': {'format': '{levelname} [{ip}] {message}', 'style': '{'}}, 'filters': {'remove_autoreload': {'()': 'sales_web.logging_filters.RemoveAutoreloadFilter'}, 'add_ip': {'()': 'sales_web.logging_filters.AddRequestIPFilter'}}, 'handlers': {'file': {'level': 'DEBUG', 'class': 'logging.handlers.TimedRotatingFileHandler', 'filename': 'D:\\DaiHoc\\PBL\\PBL6\\Web\\sales_web\\logs\\django.log', 'when': 'midnight', 'interval': 1, 'backupCount': 30, 'formatter': 'verbose', 'filters': ['add_ip', 'remove_autoreload']}, 'console': {'level': 'INFO', 'class': 'logging.StreamHandler', 'formatter': 'simple', 'filters': ['add_ip', 'remove_autoreload']}}, 'loggers': {'django': {'handlers': ['file', 'console'], 'level': 'DEBUG', 'propagate': True}, 'django.server': {'handlers': ['file', 'console'], 'level': 'INFO', 'propagate': False}, 'django.request': {'handlers': ['file'], 'level': 'DEBUG', 'propagate': False}, 'django.db.backends': {'handlers': ['file'], 'level': 'DEBUG', 'propagate': False}}}, 'LOGGING_CONFIG': 'logging.config.dictConfig', 'LOGIN_REDIRECT_URL': '/accounts/profile/', 'LOGIN_URL': '/accounts/login/', 'LOGOUT_REDIRECT_URL': None, 'LOG_DIR': 'D:\\DaiHoc\\PBL\\PBL6\\Web\\sales_web\\logs', 'MANAGERS': [], 'MEDIA_ROOT': 'D:\\DaiHoc\\PBL\\PBL6\\Web\\sales_web\\app\\media', 'MEDIA_URL': '/app/media/', 'MESSAGE_STORAGE': 'django.contrib.messages.storage.fallback.FallbackStorage', 'MIDDLEWARE': ['sales_web.logging_filters.RequestIPMiddleware', 'django.middleware.security.SecurityMiddleware', 'django.contrib.sessions.middleware.SessionMiddleware', 'django.middleware.common.CommonMiddleware', 'django.middleware.csrf.CsrfViewMiddleware', 'django.contrib.auth.middleware.AuthenticationMiddleware', 'django.contrib.messages.middleware.MessageMiddleware', 'django.middleware.clickjacking.XFrameOptionsMiddleware'], 'MIGRATION_MODULES': {}, 'MONTH_DAY_FORMAT': 'F j', 'NUMBER_GROUPING': 0, 'PASSWORD_HASHERS': '********************', 'PASSWORD_RESET_TIMEOUT': '********************', 'PREPEND_WWW': False, 'ROOT_URLCONF': 'sales_web.urls', 'SECRET_KEY': '********************', 'SECRET_KEY_FALLBACKS': '********************', 'SECURE_CONTENT_TYPE_NOSNIFF': True, 'SECURE_CROSS_ORIGIN_OPENER_POLICY': 'same-origin', 'SECURE_HSTS_INCLUDE_SUBDOMAINS': False, 'SECURE_HSTS_PRELOAD': False, 'SECURE_HSTS_SECONDS': 0, 'SECURE_PROXY_SSL_HEADER': None, 'SECURE_REDIRECT_EXEMPT': [], 'SECURE_REFERRER_POLICY': 'same-origin', 'SECURE_SSL_HOST': None, 'SECURE_SSL_REDIRECT': False, 'SERVER_EMAIL': 'root@localhost', 'SESSION_CACHE_ALIAS': 'default', 'SESSION_COOKIE_AGE': 1209600, 'SESSION_COOKIE_DOMAIN': None, 'SESSION_COOKIE_HTTPONLY': True, 'SESSION_COOKIE_NAME': 'sessionid', 'SESSION_COOKIE_PATH': '/', 'SESSION_COOKIE_SAMESITE': 'Lax', 'SESSION_COOKIE_SECURE': False, 'SESSION_ENGINE': 'django.contrib.sessions.backends.db', 'SESSION_EXPIRE_AT_BROWSER_CLOSE': False, 'SESSION_FILE_PATH': None, 'SESSION_SAVE_EVERY_REQUEST': False, 'SESSION_SERIALIZER': 'django.contrib.sessions.serializers.JSONSerializer', 'SETTINGS_MODULE': 'sales_web.settings', 'SHORT_DATETIME_FORMAT': 'm/d/Y P', 'SHORT_DATE_FORMAT': 'm/d/Y', 'SIGNING_BACKEND': 'django.core.signing.TimestampSigner', 'SILENCED_SYSTEM_CHECKS': [], 'STATICFILES_DIRS': [WindowsPath('D:/DaiHoc/PBL/PBL6/Web/sales_web/app/static')], 'STATICFILES_FINDERS': ['django.contrib.staticfiles.finders.FileSystemFinder', 'django.contrib.staticfiles.finders.AppDirectoriesFinder'], 'STATICFILES_STORAGE': 'django.contrib.staticfiles.storage.StaticFilesStorage', 'STATIC_ROOT': None, 'STATIC_URL': '/static/', 'STORAGES': {'default': {'BACKEND': 'django.core.files.storage.FileSystemStorage'}, 'staticfiles': {'BACKEND': 'django.contrib.staticfiles.storage.StaticFilesStorage'}}, 'TEMPLATES': [{'BACKEND': 'django.template.backends.django.DjangoTemplates', 'DIRS': [], 'APP_DIRS': True, 'OPTIONS': {'context_processors': ['django.template.context_processors.debug', 'django.template.context_processors.request', 'django.contrib.auth.context_processors.auth', 'django.contrib.messages.context_processors.messages']}}], 'TEST_NON_SERIALIZED_APPS': [], 'TEST_RUNNER': 'django.test.runner.DiscoverRunner', 'THOUSAND_SEPARATOR': ',', 'TIME_FORMAT': 'P', 'TIME_INPUT_FORMATS': ['%H:%M:%S', '%H:%M:%S.%f', '%H:%M'], 'TIME_ZONE': 'UTC', 'USE_DEPRECATED_PYTZ': False, 'USE_I18N': True, 'USE_L10N': True, 'USE_THOUSAND_SEPARATOR': False, 'USE_TZ': True, 'USE_X_FORWARDED_HOST': False, 'USE_X_FORWARDED_PORT': False, 'WSGI_APPLICATION': 'sales_web.wsgi.application', 'X_FRAME_OPTIONS': 'DENY', 'YEAR_MONTH_FORMAT': 'F Y'}, 'sys_executable': 'C:\\Users\\SuperiorBpro\\AppData\\Local\\Programs\\Python\\Python38\\python.exe', 'sys_version_info': '3.8.0', 'server_time': datetime.datetime(2024, 12, 16, 22, 19, 41, 925714, tzinfo=datetime.timezone.utc), 'django_version_info': '4.2.13', 'sys_path': ['D:\\DaiHoc\\PBL\\PBL6\\Web\\sales_web', 'C:\\Users\\SuperiorBpro\\AppData\\Local\\Programs\\Python\\Python38\\python38.zip', 'C:\\Users\\SuperiorBpro\\AppData\\Local\\Programs\\Python\\Python38\\DLLs', 'C:\\Users\\SuperiorBpro\\AppData\\Local\\Programs\\Python\\Python38\\lib', 'C:\\Users\\SuperiorBpro\\AppData\\Local\\Programs\\Python\\Python38', 'C:\\Users\\SuperiorBpro\\AppData\\Roaming\\Python\\Python38\\site-packages', 'C:\\Users\\SuperiorBpro\\AppData\\Local\\Programs\\Python\\Python38\\lib\\site-packages', 'C:\\Users\\SuperiorBpro\\AppData\\Local\\Programs\\Python\\Python38\\lib\\site-packages\\win32', 'C:\\Users\\SuperiorBpro\\AppData\\Local\\Programs\\Python\\Python38\\lib\\site-packages\\win32\\lib', 'C:\\Users\\SuperiorBpro\\AppData\\Local\\Programs\\Python\\Python38\\lib\\site-packages\\Pythonwin'], 'template_info': None, 'template_does_not_exist': False, 'postmortem': None, 'request_GET_items': <generator object MultiValueDict.items at 0x000001D8E4C5B040>, 'request_FILES_items': <generator object MultiValueDict.items at 0x000001D8E4D71890>, 'request_insecure_uri': 'http://192.168.11.7:8000/favicon.ico', 'raising_view_name': 'django.views.generic.base.RedirectView', 'exception_type': 'DisallowedHost', 'exception_value': "Invalid HTTP_HOST header: '192.168.11.7:8000'. You may need to add '192.168.11.7' to ALLOWED_HOSTS.", 'lastframe': {'exc_cause': None, 'exc_cause_explicit': None, 'tb': <traceback object at 0x000001D8E4CAB3C0>, 'type': 'django', 'filename': 'C:\\Users\\SuperiorBpro\\AppData\\Local\\Programs\\Python\\Python38\\lib\\site-packages\\django\\http\\request.py', 'function': 'get_host', 'lineno': 150, 'vars': [('self', "<WSGIRequest: GET '/favicon.ico'>"), ('host', "'192.168.11.7:8000'"), ('allowed_hosts', "['PBLBpro.pythonanywhere.com', '127.0.0.1', 'localhost']"), ('domain', "'192.168.11.7'"), ('port', "'8000'"), ('msg', '("Invalid HTTP_HOST header: \'192.168.11.7:8000\'. You may need to add "\n "\'192.168.11.7\' to ALLOWED_HOSTS.")')], 'id': 2031063053248, 'pre_context': ['            msg = "Invalid HTTP_HOST header: %r." % host', '            if domain:', '                msg += " You may need to add %r to ALLOWED_HOSTS." % domain', '            else:', '                msg += (', '                    " The domain name provided is not valid according to RFC 1034/1035."', '                )'], 'context_line': '            raise DisallowedHost(msg)', 'post_context': ['', '    def get_port(self):', '        """Return the port number for the request as a string."""', '        if settings.USE_X_FORWARDED_PORT and "HTTP_X_FORWARDED_PORT" in self.META:', '            port = self.META["HTTP_X_FORWARDED_PORT"]', '        else:'], 'pre_context_lineno': 143, 'colno': '', 'tb_area_colno': ''}}]
DEBUG 2024-12-17 05:19:41,930 base 2468 14816 [192.168.11.7] Exception while resolving variable 'exception_notes' in template 'unknown'.
Traceback (most recent call last):
  File "C:\Users\SuperiorBpro\AppData\Local\Programs\Python\Python38\lib\site-packages\django\core\handlers\exception.py", line 55, in inner
    response = get_response(request)
  File "C:\Users\SuperiorBpro\AppData\Local\Programs\Python\Python38\lib\site-packages\django\utils\deprecation.py", line 133, in __call__
    response = self.process_request(request)
  File "C:\Users\SuperiorBpro\AppData\Local\Programs\Python\Python38\lib\site-packages\django\middleware\common.py", line 48, in process_request
    host = request.get_host()
  File "C:\Users\SuperiorBpro\AppData\Local\Programs\Python\Python38\lib\site-packages\django\http\request.py", line 150, in get_host
    raise DisallowedHost(msg)
django.core.exceptions.DisallowedHost: Invalid HTTP_HOST header: '192.168.11.7:8000'. You may need to add '192.168.11.7' to ALLOWED_HOSTS.

During handling of the above exception, another exception occurred:

Traceback (most recent call last):
  File "C:\Users\SuperiorBpro\AppData\Local\Programs\Python\Python38\lib\site-packages\django\template\base.py", line 880, in _resolve_lookup
    current = current[bit]
  File "C:\Users\SuperiorBpro\AppData\Local\Programs\Python\Python38\lib\site-packages\django\template\context.py", line 83, in __getitem__
    raise KeyError(key)
KeyError: 'exception_notes'

During handling of the above exception, another exception occurred:

Traceback (most recent call last):
  File "C:\Users\SuperiorBpro\AppData\Local\Programs\Python\Python38\lib\site-packages\django\template\base.py", line 886, in _resolve_lookup
    if isinstance(current, BaseContext) and getattr(
AttributeError: type object 'Context' has no attribute 'exception_notes'

During handling of the above exception, another exception occurred:

Traceback (most recent call last):
  File "C:\Users\SuperiorBpro\AppData\Local\Programs\Python\Python38\lib\site-packages\django\template\base.py", line 896, in _resolve_lookup
    current = current[int(bit)]
ValueError: invalid literal for int() with base 10: 'exception_notes'

During handling of the above exception, another exception occurred:

Traceback (most recent call last):
  File "C:\Users\SuperiorBpro\AppData\Local\Programs\Python\Python38\lib\site-packages\django\template\base.py", line 903, in _resolve_lookup
    raise VariableDoesNotExist(
django.template.base.VariableDoesNotExist: Failed lookup for key [exception_notes] in [{'True': True, 'False': False, 'None': None}, {'is_email': False, 'unicode_hint': '', 'frames': [{'exc_cause': None, 'exc_cause_explicit': None, 'tb': <traceback object at 0x000001D8E4CABD40>, 'type': 'django', 'filename': 'C:\\Users\\SuperiorBpro\\AppData\\Local\\Programs\\Python\\Python38\\lib\\site-packages\\django\\core\\handlers\\exception.py', 'function': 'inner', 'lineno': 55, 'vars': [('request', "<WSGIRequest: GET '/favicon.ico'>"), ('exc', 'DisallowedHost("Invalid HTTP_HOST header: \'192.168.11.7:8000\'. You may need to add \'192.168.11.7\' to ALLOWED_HOSTS.")'), ('get_response', '<CommonMiddleware get_response=convert_exception_to_response.<locals>.inner>')], 'id': 2031063055680, 'pre_context': ['', '        return inner', '    else:', '', '        @wraps(get_response)', '        def inner(request):', '            try:'], 'context_line': '                response = get_response(request)', 'post_context': ['            except Exception as exc:', '                response = response_for_exception(request, exc)', '            return response', '', '        return inner', ''], 'pre_context_lineno': 48, 'colno': '', 'tb_area_colno': ''}, {'exc_cause': None, 'exc_cause_explicit': None, 'tb': <traceback object at 0x000001D8E4CAB780>, 'type': 'django', 'filename': 'C:\\Users\\SuperiorBpro\\AppData\\Local\\Programs\\Python\\Python38\\lib\\site-packages\\django\\utils\\deprecation.py', 'function': '__call__', 'lineno': 133, 'vars': [('self', '<CommonMiddleware get_response=convert_exception_to_response.<locals>.inner>'), ('request', "<WSGIRequest: GET '/favicon.ico'>"), ('response', 'None')], 'id': 2031063054208, 'pre_context': ['', '    def __call__(self, request):', '        # Exit out to async mode, if needed', '        if iscoroutinefunction(self):', '            return self.__acall__(request)', '        response = None', '        if hasattr(self, "process_request"):'], 'context_line': '            response = self.process_request(request)', 'post_context': ['        response = response or self.get_response(request)', '        if hasattr(self, "process_response"):', '            response = self.process_response(request, response)', '        return response', '', '    async def __acall__(self, request):'], 'pre_context_lineno': 126, 'colno': '', 'tb_area_colno': ''}, {'exc_cause': None, 'exc_cause_explicit': None, 'tb': <traceback object at 0x000001D8E4CABC40>, 'type': 'django', 'filename': 'C:\\Users\\SuperiorBpro\\AppData\\Local\\Programs\\Python\\Python38\\lib\\site-packages\\django\\middleware\\common.py', 'function': 'process_request', 'lineno': 48, 'vars': [('self', '<CommonMiddleware get_response=convert_exception_to_response.<locals>.inner>'), ('request', "<WSGIRequest: GET '/favicon.ico'>"), ('user_agent', "('Mozilla/5.0 (Windows NT 10.0; Win64; x64) AppleWebKit/537.36 (KHTML, like '\n 'Gecko) Chrome/131.0.0.0 Safari/537.36 Edg/131.0.0.0')")], 'id': 2031063055424, 'pre_context': ['        user_agent = request.META.get("HTTP_USER_AGENT")', '        if user_agent is not None:', '            for user_agent_regex in settings.DISALLOWED_USER_AGENTS:', '                if user_agent_regex.search(user_agent):', '                    raise PermissionDenied("Forbidden user agent")', '', '        # Check for a redirect based on settings.PREPEND_WWW'], 'context_line': '        host = request.get_host()', 'post_context': ['', '        if settings.PREPEND_WWW and host and not host.startswith("www."):', '            # Check if we also need to append a slash so we can do it all', '            # with a single redirect. (This check may be somewhat expensive,', "            # so we only do it if we already know we're sending a redirect,", '            # or in process_response if we get a 404.)'], 'pre_context_lineno': 41, 'colno': '', 'tb_area_colno': ''}, {'exc_cause': None, 'exc_cause_explicit': None, 'tb': <traceback object at 0x000001D8E4CAB3C0>, 'type': 'django', 'filename': 'C:\\Users\\SuperiorBpro\\AppData\\Local\\Programs\\Python\\Python38\\lib\\site-packages\\django\\http\\request.py', 'function': 'get_host', 'lineno': 150, 'vars': [('self', "<WSGIRequest: GET '/favicon.ico'>"), ('host', "'192.168.11.7:8000'"), ('allowed_hosts', "['PBLBpro.pythonanywhere.com', '127.0.0.1', 'localhost']"), ('domain', "'192.168.11.7'"), ('port', "'8000'"), ('msg', '("Invalid HTTP_HOST header: \'192.168.11.7:8000\'. You may need to add "\n "\'192.168.11.7\' to ALLOWED_HOSTS.")')], 'id': 2031063053248, 'pre_context': ['            msg = "Invalid HTTP_HOST header: %r." % host', '            if domain:', '                msg += " You may need to add %r to ALLOWED_HOSTS." % domain', '            else:', '                msg += (', '                    " The domain name provided is not valid according to RFC 1034/1035."', '                )'], 'context_line': '            raise DisallowedHost(msg)', 'post_context': ['', '    def get_port(self):', '        """Return the port number for the request as a string."""', '        if settings.USE_X_FORWARDED_PORT and "HTTP_X_FORWARDED_PORT" in self.META:', '            port = self.META["HTTP_X_FORWARDED_PORT"]', '        else:'], 'pre_context_lineno': 143, 'colno': '', 'tb_area_colno': ''}], 'request': <WSGIRequest: GET '/favicon.ico'>, 'request_meta': {'ALLUSERSPROFILE': 'C:\\ProgramData', 'APPDATA': 'C:\\Users\\SuperiorBpro\\AppData\\Roaming', 'ASL.LOG': 'Destination=file', 'CHROME_CRASHPAD_PIPE_NAME': '\\\\.\\pipe\\crashpad_8196_QDNGDHOPSVBPXPKG', 'COMMONPROGRAMFILES': 'C:\\Program Files\\Common Files', 'COMMONPROGRAMFILES(X86)': 'C:\\Program Files (x86)\\Common Files', 'COMMONPROGRAMW6432': 'C:\\Program Files\\Common Files', 'COMPUTERNAME': 'LENOVOBPRO', 'COMSPEC': 'C:\\WINDOWS\\system32\\cmd.exe', 'DRIVERDATA': 'C:\\Windows\\System32\\Drivers\\DriverData', 'FPS_BROWSER_APP_PROFILE_STRING': 'Internet Explorer', 'FPS_BROWSER_USER_PROFILE_STRING': 'Default', 'F_EM64T_REDIST11': 'C:\\Program Files (x86)\\Common Files\\Intel\\Shared Files\\fortran\\', 'HOMEDRIVE': 'C:', 'HOMEPATH': '\\Users\\SuperiorBpro', 'INTEL_DEV_REDIST': 'C:\\Program Files (x86)\\Common Files\\Intel\\Shared Libraries\\', 'LOCALAPPDATA': 'C:\\Users\\SuperiorBpro\\AppData\\Local', 'LOGONSERVER': '\\\\LENOVOBPRO', 'MIC_LD_LIBRARY_PATH': 'C:\\Program Files (x86)\\Common Files\\Intel\\Shared Libraries\\compiler\\lib\\intel64_win_mic', 'MOZ_PLUGIN_PATH': 'C:\\Program Files (x86)\\Foxit Software\\Foxit PDF Reader\\plugins\\', 'NUMBER_OF_PROCESSORS': '8', 'ONEDRIVE': 'C:\\Users\\SuperiorBpro\\OneDrive', 'OPENSSL_IA32CAP': '~0x200000200000000', 'ORIGINAL_XDG_CURRENT_DESKTOP': 'undefined', 'OS': 'Windows_NT', 'PATH': 'C:\\Program Files\\dotnet;E:\\DEFINITELY DATA\\VMware\\VMware Workstation\\bin\\;C:\\Program Files (x86)\\Common Files\\Intel\\Shared Files\\fortran\\bin\\Intel64;C:\\Program Files (x86)\\Common Files\\Intel\\Shared Libraries\\redist\\intel64_win\\mpirt;C:\\Program Files (x86)\\Common Files\\Intel\\Shared Libraries\\redist\\intel64_win\\compiler;C:\\Program Files\\Common Files\\Oracle\\Java\\javapath;C:\\Program Files (x86)\\Common Files\\Oracle\\Java\\java8path;C:\\Program Files (x86)\\Common Files\\Oracle\\Java\\javapath;C:\\WINDOWS\\system32;C:\\WINDOWS;C:\\WINDOWS\\System32\\Wbem;C:\\WINDOWS\\System32\\WindowsPowerShell\\v1.0\\;C:\\WINDOWS\\System32\\OpenSSH\\;C:\\Program Files\\Microsoft SQL Server\\130\\Tools\\Binn\\;C:\\Program Files\\Microsoft SQL Server\\Client SDK\\ODBC\\170\\Tools\\Binn\\;C:\\Program Files (x86)\\Microsoft SQL Server\\150\\Tools\\Binn\\;C:\\Program Files\\Microsoft SQL Server\\150\\Tools\\Binn\\;C:\\Program Files\\Microsoft SQL Server\\150\\DTS\\Binn\\;C:\\Program Files (x86)\\Microsoft SQL Server\\160\\DTS\\Binn\\;C:\\Program Files\\Azure Data Studio\\bin;C:\\Program Files\\Microsoft SQL Server\\110\\Tools\\Binn\\;C:\\Program Files\\Git\\cmd;C:\\Users\\SuperiorBpro\\AppData\\Local\\Programs\\Python\\Python38\\Scripts\\;C:\\Users\\SuperiorBpro\\AppData\\Local\\Programs\\Python\\Python38\\;C:\\Users\\SuperiorBpro;C:\\ffmpeg\\bin;D:\\Others\\XAMPP\\php;C:\\ProgramData\\ComposerSetup\\bin;D:\\Others\\MATLAB\\R2018b\\bin;C:\\Program Files\\dotnet\\sdk;C:\\Program Files\\dotnet\\sdk\\8.0.401;C:\\msys64\\ucrt64\\bin;C:\\Program Files\\Cloudflare\\Cloudflare WARP\\;C:\\Program Files\\NVIDIA Corporation\\NVIDIA app\\NvDLISR;C:\\Program Files (x86)\\NVIDIA Corporation\\PhysX\\Common;C:\\Users\\SuperiorBpro\\AppData\\Local\\Programs\\Python\\Python310\\Scripts\\;C:\\Users\\SuperiorBpro\\AppData\\Local\\Programs\\Python\\Python310\\;C:\\Users\\SuperiorBpro\\AppData\\Local\\Programs\\Python\\Python38\\Scripts\\;C:\\Users\\SuperiorBpro\\AppData\\Local\\Programs\\Python\\Python38\\;C:\\Program Files\\dotnet;C:\\Users\\SuperiorBpro\\AppData\\Local\\Microsoft\\WindowsApps;C:\\Users\\SuperiorBpro\\AppData\\Local\\GitHubDesktop\\bin;D:\\IDE\\Microsoft VS Code\\bin;C:\\Program Files\\Azure Data Studio\\bin;D:\\IDE\\PyCharm Community Edition 2023.3.4\\bin;;D:\\IDE\\PyCharm Community Edition 2023.3.4\\sqlite;C:\\ffmpeg\\bin;C:\\Users\\SuperiorBpro\\AppData\\Roaming\\Composer\\vendor\\bin;C:\\Users\\SuperiorBpro\\.dotnet\\tools;C:\\msys64\\ucrt64\\bin;', 'PATHEXT': '.COM;.EXE;.BAT;.CMD;.VBS;.VBE;.JS;.JSE;.WSF;.WSH;.MSC;.CPL', 'PROCESSOR_ARCHITECTURE': 'AMD64', 'PROCESSOR_IDENTIFIER': 'Intel64 Family 6 Model 158 Stepping 9, GenuineIntel', 'PROCESSOR_LEVEL': '6', 'PROCESSOR_REVISION': '9e09', 'PROGRAMDATA': 'C:\\ProgramData', 'PROGRAMFILES': 'C:\\Program Files', 'PROGRAMFILES(X86)': 'C:\\Program Files (x86)', 'PROGRAMW6432': 'C:\\Program Files', 'PSMODULEPATH': 'C:\\Users\\SuperiorBpro\\Documents\\WindowsPowerShell\\Modules;C:\\Program Files\\WindowsPowerShell\\Modules;C:\\WINDOWS\\system32\\WindowsPowerShell\\v1.0\\Modules;C:\\Program Files (x86)\\Microsoft SQL Server\\150\\Tools\\PowerShell\\Modules\\', 'PT8HOME': 'D:\\Security\\Cisco Packet Tracer 8.2.1', 'PUBLIC': 'C:\\Users\\Public', 'PYCHARM COMMUNITY EDITION': 'D:\\IDE\\PyCharm Community Edition 2023.3.4\\bin;', 'SESSIONNAME': 'Console', 'SYSTEMDRIVE': 'C:', 'SYSTEMROOT': 'C:\\WINDOWS', 'TEMP': 'C:\\Users\\SUPERI~1\\AppData\\Local\\Temp', 'TMP': 'C:\\Users\\SUPERI~1\\AppData\\Local\\Temp', 'USERDOMAIN': 'LENOVOBPRO', 'USERDOMAIN_ROAMINGPROFILE': 'LENOVOBPRO', 'USERNAME': 'SuperiorBpro', 'USERPROFILE': 'C:\\Users\\SuperiorBpro', 'VS120COMNTOOLS': 'D:\\IDE\\Microsoft Visual Studio\\2013\\Common7\\Tools\\', 'WINDIR': 'C:\\WINDOWS', '__PSLOCKDOWNPOLICY': '0', 'TERM_PROGRAM': 'vscode', 'TERM_PROGRAM_VERSION': '0.43.6', 'LANG': 'en_US.UTF-8', 'COLORTERM': 'truecolor', 'GIT_ASKPASS': '********************', 'VSCODE_GIT_ASKPASS_NODE': '********************', 'VSCODE_GIT_ASKPASS_EXTRA_ARGS': '********************', 'VSCODE_GIT_ASKPASS_MAIN': '********************', 'VSCODE_GIT_IPC_HANDLE': '\\\\.\\pipe\\vscode-git-60ff621517-sock', 'VSCODE_INJECTION': '1', 'VSCODE_NONCE': 'adf392f4-64d9-45fb-b1e7-c707583c6b81', 'VSCODE_STABLE': '1', 'DJANGO_SETTINGS_MODULE': 'sales_web.settings', 'RUN_MAIN': 'true', 'SERVER_NAME': 'LenovoBpro.domain.name', 'GATEWAY_INTERFACE': 'CGI/1.1', 'SERVER_PORT': '8000', 'REMOTE_HOST': '', 'CONTENT_LENGTH': '', 'SCRIPT_NAME': '', 'SERVER_PROTOCOL': 'HTTP/1.1', 'SERVER_SOFTWARE': 'WSGIServer/0.2', 'REQUEST_METHOD': 'GET', 'PATH_INFO': '/favicon.ico', 'QUERY_STRING': '', 'REMOTE_ADDR': '192.168.11.7', 'CONTENT_TYPE': 'text/plain', 'HTTP_HOST': '192.168.11.7:8000', 'HTTP_CONNECTION': 'keep-alive', 'HTTP_USER_AGENT': 'Mozilla/5.0 (Windows NT 10.0; Win64; x64) AppleWebKit/537.36 (KHTML, like Gecko) Chrome/131.0.0.0 Safari/537.36 Edg/131.0.0.0', 'HTTP_ACCEPT': 'image/avif,image/webp,image/apng,image/svg+xml,image/*,*/*;q=0.8', 'HTTP_REFERER': 'http://192.168.11.7:8000/', 'HTTP_ACCEPT_ENCODING': 'gzip, deflate', 'HTTP_ACCEPT_LANGUAGE': 'en,vi;q=0.9,en-GB;q=0.8,en-US;q=0.7', 'wsgi.input': <django.core.handlers.wsgi.LimitedStream object at 0x000001D8E4D18400>, 'wsgi.errors': <_io.TextIOWrapper name='<stderr>' mode='w' encoding='utf-8'>, 'wsgi.version': (1, 0), 'wsgi.run_once': False, 'wsgi.url_scheme': 'http', 'wsgi.multithread': True, 'wsgi.multiprocess': False, 'wsgi.file_wrapper': <class 'wsgiref.util.FileWrapper'>}, 'request_COOKIES_items': dict_items([]), 'user_str': '[unable to retrieve the current user]', 'filtered_POST_items': [], 'settings': {'ABSOLUTE_URL_OVERRIDES': {}, 'ADMINS': [], 'ALLOWED_HOSTS': ['PBLBpro.pythonanywhere.com', '127.0.0.1', 'localhost'], 'APPEND_SLASH': True, 'AUTHENTICATION_BACKENDS': ['django.contrib.auth.backends.ModelBackend'], 'AUTH_PASSWORD_VALIDATORS': '********************', 'AUTH_USER_MODEL': 'auth.User', 'BASE_DIR': WindowsPath('D:/DaiHoc/PBL/PBL6/Web/sales_web'), 'CACHES': {'default': {'BACKEND': 'django.core.cache.backends.locmem.LocMemCache'}}, 'CACHE_MIDDLEWARE_ALIAS': 'default', 'CACHE_MIDDLEWARE_KEY_PREFIX': '********************', 'CACHE_MIDDLEWARE_SECONDS': 600, 'CSRF_COOKIE_AGE': 31449600, 'CSRF_COOKIE_DOMAIN': None, 'CSRF_COOKIE_HTTPONLY': False, 'CSRF_COOKIE_MASKED': False, 'CSRF_COOKIE_NAME': 'csrftoken', 'CSRF_COOKIE_PATH': '/', 'CSRF_COOKIE_SAMESITE': 'Lax', 'CSRF_COOKIE_SECURE': False, 'CSRF_FAILURE_VIEW': 'app.views.csrf_failure', 'CSRF_HEADER_NAME': 'HTTP_X_CSRFTOKEN', 'CSRF_TRUSTED_ORIGINS': [], 'CSRF_USE_SESSIONS': False, 'DATABASES': {'default': {'ENGINE': 'django.db.backends.sqlite3', 'NAME': WindowsPath('D:/DaiHoc/PBL/PBL6/Web/sales_web/db.sqlite3'), 'ATOMIC_REQUESTS': False, 'AUTOCOMMIT': True, 'CONN_MAX_AGE': 0, 'CONN_HEALTH_CHECKS': False, 'OPTIONS': {}, 'TIME_ZONE': None, 'USER': '', 'PASSWORD': '********************', 'HOST': '', 'PORT': '', 'TEST': {'CHARSET': None, 'COLLATION': None, 'MIGRATE': True, 'MIRROR': None, 'NAME': None}}}, 'DATABASE_ROUTERS': [], 'DATA_UPLOAD_MAX_MEMORY_SIZE': 2621440, 'DATA_UPLOAD_MAX_NUMBER_FIELDS': 1000, 'DATA_UPLOAD_MAX_NUMBER_FILES': 100, 'DATETIME_FORMAT': 'N j, Y, P', 'DATETIME_INPUT_FORMATS': ['%Y-%m-%d %H:%M:%S', '%Y-%m-%d %H:%M:%S.%f', '%Y-%m-%d %H:%M', '%m/%d/%Y %H:%M:%S', '%m/%d/%Y %H:%M:%S.%f', '%m/%d/%Y %H:%M', '%m/%d/%y %H:%M:%S', '%m/%d/%y %H:%M:%S.%f', '%m/%d/%y %H:%M'], 'DATE_FORMAT': 'N j, Y', 'DATE_INPUT_FORMATS': ['%Y-%m-%d', '%m/%d/%Y', '%m/%d/%y', '%b %d %Y', '%b %d, %Y', '%d %b %Y', '%d %b, %Y', '%B %d %Y', '%B %d, %Y', '%d %B %Y', '%d %B, %Y'], 'DEBUG': True, 'DEBUG_PROPAGATE_EXCEPTIONS': False, 'DECIMAL_SEPARATOR': '.', 'DEFAULT_AUTO_FIELD': 'django.db.models.BigAutoField', 'DEFAULT_CHARSET': 'utf-8', 'DEFAULT_EXCEPTION_REPORTER': 'django.views.debug.ExceptionReporter', 'DEFAULT_EXCEPTION_REPORTER_FILTER': 'django.views.debug.SafeExceptionReporterFilter', 'DEFAULT_FILE_STORAGE': 'django.core.files.storage.FileSystemStorage', 'DEFAULT_FROM_EMAIL': 'webmaster@localhost', 'DEFAULT_INDEX_TABLESPACE': '', 'DEFAULT_TABLESPACE': '', 'DISALLOWED_USER_AGENTS': [], 'EMAIL_BACKEND': 'django.core.mail.backends.smtp.EmailBackend', 'EMAIL_HOST': 'smtp.gmail.com', 'EMAIL_HOST_PASSWORD': '********************', 'EMAIL_HOST_USER': 'kieuduongtay@gmail.com', 'EMAIL_PORT': 587, 'EMAIL_SSL_CERTFILE': None, 'EMAIL_SSL_KEYFILE': '********************', 'EMAIL_SUBJECT_PREFIX': '[Django] ', 'EMAIL_TIMEOUT': None, 'EMAIL_USE_LOCALTIME': False, 'EMAIL_USE_SSL': False, 'EMAIL_USE_TLS': True, 'FILE_UPLOAD_DIRECTORY_PERMISSIONS': None, 'FILE_UPLOAD_HANDLERS': ['django.core.files.uploadhandler.MemoryFileUploadHandler', 'django.core.files.uploadhandler.TemporaryFileUploadHandler'], 'FILE_UPLOAD_MAX_MEMORY_SIZE': 2621440, 'FILE_UPLOAD_PERMISSIONS': 420, 'FILE_UPLOAD_TEMP_DIR': None, 'FIRST_DAY_OF_WEEK': 0, 'FIXTURE_DIRS': [], 'FORCE_SCRIPT_NAME': None, 'FORMAT_MODULE_PATH': None, 'FORM_RENDERER': 'django.forms.renderers.DjangoTemplates', 'IGNORABLE_404_URLS': [], 'INSTALLED_APPS': ['django.contrib.admin', 'django.contrib.auth', 'django.contrib.contenttypes', 'django.contrib.sessions', 'django.contrib.messages', 'django.contrib.staticfiles', 'app'], 'INTERNAL_IPS': [], 'LANGUAGES': [('af', 'Afrikaans'), ('ar', 'Arabic'), ('ar-dz', 'Algerian Arabic'), ('ast', 'Asturian'), ('az', 'Azerbaijani'), ('bg', 'Bulgarian'), ('be', 'Belarusian'), ('bn', 'Bengali'), ('br', 'Breton'), ('bs', 'Bosnian'), ('ca', 'Catalan'), ('ckb', 'Central Kurdish (Sorani)'), ('cs', 'Czech'), ('cy', 'Welsh'), ('da', 'Danish'), ('de', 'German'), ('dsb', 'Lower Sorbian'), ('el', 'Greek'), ('en', 'English'), ('en-au', 'Australian English'), ('en-gb', 'British English'), ('eo', 'Esperanto'), ('es', 'Spanish'), ('es-ar', 'Argentinian Spanish'), ('es-co', 'Colombian Spanish'), ('es-mx', 'Mexican Spanish'), ('es-ni', 'Nicaraguan Spanish'), ('es-ve', 'Venezuelan Spanish'), ('et', 'Estonian'), ('eu', 'Basque'), ('fa', 'Persian'), ('fi', 'Finnish'), ('fr', 'French'), ('fy', 'Frisian'), ('ga', 'Irish'), ('gd', 'Scottish Gaelic'), ('gl', 'Galician'), ('he', 'Hebrew'), ('hi', 'Hindi'), ('hr', 'Croatian'), ('hsb', 'Upper Sorbian'), ('hu', 'Hungarian'), ('hy', 'Armenian'), ('ia', 'Interlingua'), ('id', 'Indonesian'), ('ig', 'Igbo'), ('io', 'Ido'), ('is', 'Icelandic'), ('it', 'Italian'), ('ja', 'Japanese'), ('ka', 'Georgian'), ('kab', 'Kabyle'), ('kk', 'Kazakh'), ('km', 'Khmer'), ('kn', 'Kannada'), ('ko', 'Korean'), ('ky', 'Kyrgyz'), ('lb', 'Luxembourgish'), ('lt', 'Lithuanian'), ('lv', 'Latvian'), ('mk', 'Macedonian'), ('ml', 'Malayalam'), ('mn', 'Mongolian'), ('mr', 'Marathi'), ('ms', 'Malay'), ('my', 'Burmese'), ('nb', 'Norwegian Bokml'), ('ne', 'Nepali'), ('nl', 'Dutch'), ('nn', 'Norwegian Nynorsk'), ('os', 'Ossetic'), ('pa', 'Punjabi'), ('pl', 'Polish'), ('pt', 'Portuguese'), ('pt-br', 'Brazilian Portuguese'), ('ro', 'Romanian'), ('ru', 'Russian'), ('sk', 'Slovak'), ('sl', 'Slovenian'), ('sq', 'Albanian'), ('sr', 'Serbian'), ('sr-latn', 'Serbian Latin'), ('sv', 'Swedish'), ('sw', 'Swahili'), ('ta', 'Tamil'), ('te', 'Telugu'), ('tg', 'Tajik'), ('th', 'Thai'), ('tk', 'Turkmen'), ('tr', 'Turkish'), ('tt', 'Tatar'), ('udm', 'Udmurt'), ('uk', 'Ukrainian'), ('ur', 'Urdu'), ('uz', 'Uzbek'), ('vi', 'Vietnamese'), ('zh-hans', 'Simplified Chinese'), ('zh-hant', 'Traditional Chinese')], 'LANGUAGES_BIDI': ['he', 'ar', 'ar-dz', 'ckb', 'fa', 'ur'], 'LANGUAGE_CODE': 'en-us', 'LANGUAGE_COOKIE_AGE': None, 'LANGUAGE_COOKIE_DOMAIN': None, 'LANGUAGE_COOKIE_HTTPONLY': False, 'LANGUAGE_COOKIE_NAME': 'django_language', 'LANGUAGE_COOKIE_PATH': '/', 'LANGUAGE_COOKIE_SAMESITE': None, 'LANGUAGE_COOKIE_SECURE': False, 'LOCALE_PATHS': [], 'LOGGING': {'version': 1, 'disable_existing_loggers': False, 'formatters': {'verbose': {'format': '{levelname} {asctime} {module} {process:d} {thread:d} [{ip}] {message}', 'style': '{'}, 'simple': {'format': '{levelname} [{ip}] {message}', 'style': '{'}}, 'filters': {'remove_autoreload': {'()': 'sales_web.logging_filters.RemoveAutoreloadFilter'}, 'add_ip': {'()': 'sales_web.logging_filters.AddRequestIPFilter'}}, 'handlers': {'file': {'level': 'DEBUG', 'class': 'logging.handlers.TimedRotatingFileHandler', 'filename': 'D:\\DaiHoc\\PBL\\PBL6\\Web\\sales_web\\logs\\django.log', 'when': 'midnight', 'interval': 1, 'backupCount': 30, 'formatter': 'verbose', 'filters': ['add_ip', 'remove_autoreload']}, 'console': {'level': 'INFO', 'class': 'logging.StreamHandler', 'formatter': 'simple', 'filters': ['add_ip', 'remove_autoreload']}}, 'loggers': {'django': {'handlers': ['file', 'console'], 'level': 'DEBUG', 'propagate': True}, 'django.server': {'handlers': ['file', 'console'], 'level': 'INFO', 'propagate': False}, 'django.request': {'handlers': ['file'], 'level': 'DEBUG', 'propagate': False}, 'django.db.backends': {'handlers': ['file'], 'level': 'DEBUG', 'propagate': False}}}, 'LOGGING_CONFIG': 'logging.config.dictConfig', 'LOGIN_REDIRECT_URL': '/accounts/profile/', 'LOGIN_URL': '/accounts/login/', 'LOGOUT_REDIRECT_URL': None, 'LOG_DIR': 'D:\\DaiHoc\\PBL\\PBL6\\Web\\sales_web\\logs', 'MANAGERS': [], 'MEDIA_ROOT': 'D:\\DaiHoc\\PBL\\PBL6\\Web\\sales_web\\app\\media', 'MEDIA_URL': '/app/media/', 'MESSAGE_STORAGE': 'django.contrib.messages.storage.fallback.FallbackStorage', 'MIDDLEWARE': ['sales_web.logging_filters.RequestIPMiddleware', 'django.middleware.security.SecurityMiddleware', 'django.contrib.sessions.middleware.SessionMiddleware', 'django.middleware.common.CommonMiddleware', 'django.middleware.csrf.CsrfViewMiddleware', 'django.contrib.auth.middleware.AuthenticationMiddleware', 'django.contrib.messages.middleware.MessageMiddleware', 'django.middleware.clickjacking.XFrameOptionsMiddleware'], 'MIGRATION_MODULES': {}, 'MONTH_DAY_FORMAT': 'F j', 'NUMBER_GROUPING': 0, 'PASSWORD_HASHERS': '********************', 'PASSWORD_RESET_TIMEOUT': '********************', 'PREPEND_WWW': False, 'ROOT_URLCONF': 'sales_web.urls', 'SECRET_KEY': '********************', 'SECRET_KEY_FALLBACKS': '********************', 'SECURE_CONTENT_TYPE_NOSNIFF': True, 'SECURE_CROSS_ORIGIN_OPENER_POLICY': 'same-origin', 'SECURE_HSTS_INCLUDE_SUBDOMAINS': False, 'SECURE_HSTS_PRELOAD': False, 'SECURE_HSTS_SECONDS': 0, 'SECURE_PROXY_SSL_HEADER': None, 'SECURE_REDIRECT_EXEMPT': [], 'SECURE_REFERRER_POLICY': 'same-origin', 'SECURE_SSL_HOST': None, 'SECURE_SSL_REDIRECT': False, 'SERVER_EMAIL': 'root@localhost', 'SESSION_CACHE_ALIAS': 'default', 'SESSION_COOKIE_AGE': 1209600, 'SESSION_COOKIE_DOMAIN': None, 'SESSION_COOKIE_HTTPONLY': True, 'SESSION_COOKIE_NAME': 'sessionid', 'SESSION_COOKIE_PATH': '/', 'SESSION_COOKIE_SAMESITE': 'Lax', 'SESSION_COOKIE_SECURE': False, 'SESSION_ENGINE': 'django.contrib.sessions.backends.db', 'SESSION_EXPIRE_AT_BROWSER_CLOSE': False, 'SESSION_FILE_PATH': None, 'SESSION_SAVE_EVERY_REQUEST': False, 'SESSION_SERIALIZER': 'django.contrib.sessions.serializers.JSONSerializer', 'SETTINGS_MODULE': 'sales_web.settings', 'SHORT_DATETIME_FORMAT': 'm/d/Y P', 'SHORT_DATE_FORMAT': 'm/d/Y', 'SIGNING_BACKEND': 'django.core.signing.TimestampSigner', 'SILENCED_SYSTEM_CHECKS': [], 'STATICFILES_DIRS': [WindowsPath('D:/DaiHoc/PBL/PBL6/Web/sales_web/app/static')], 'STATICFILES_FINDERS': ['django.contrib.staticfiles.finders.FileSystemFinder', 'django.contrib.staticfiles.finders.AppDirectoriesFinder'], 'STATICFILES_STORAGE': 'django.contrib.staticfiles.storage.StaticFilesStorage', 'STATIC_ROOT': None, 'STATIC_URL': '/static/', 'STORAGES': {'default': {'BACKEND': 'django.core.files.storage.FileSystemStorage'}, 'staticfiles': {'BACKEND': 'django.contrib.staticfiles.storage.StaticFilesStorage'}}, 'TEMPLATES': [{'BACKEND': 'django.template.backends.django.DjangoTemplates', 'DIRS': [], 'APP_DIRS': True, 'OPTIONS': {'context_processors': ['django.template.context_processors.debug', 'django.template.context_processors.request', 'django.contrib.auth.context_processors.auth', 'django.contrib.messages.context_processors.messages']}}], 'TEST_NON_SERIALIZED_APPS': [], 'TEST_RUNNER': 'django.test.runner.DiscoverRunner', 'THOUSAND_SEPARATOR': ',', 'TIME_FORMAT': 'P', 'TIME_INPUT_FORMATS': ['%H:%M:%S', '%H:%M:%S.%f', '%H:%M'], 'TIME_ZONE': 'UTC', 'USE_DEPRECATED_PYTZ': False, 'USE_I18N': True, 'USE_L10N': True, 'USE_THOUSAND_SEPARATOR': False, 'USE_TZ': True, 'USE_X_FORWARDED_HOST': False, 'USE_X_FORWARDED_PORT': False, 'WSGI_APPLICATION': 'sales_web.wsgi.application', 'X_FRAME_OPTIONS': 'DENY', 'YEAR_MONTH_FORMAT': 'F Y'}, 'sys_executable': 'C:\\Users\\SuperiorBpro\\AppData\\Local\\Programs\\Python\\Python38\\python.exe', 'sys_version_info': '3.8.0', 'server_time': datetime.datetime(2024, 12, 16, 22, 19, 41, 925714, tzinfo=datetime.timezone.utc), 'django_version_info': '4.2.13', 'sys_path': ['D:\\DaiHoc\\PBL\\PBL6\\Web\\sales_web', 'C:\\Users\\SuperiorBpro\\AppData\\Local\\Programs\\Python\\Python38\\python38.zip', 'C:\\Users\\SuperiorBpro\\AppData\\Local\\Programs\\Python\\Python38\\DLLs', 'C:\\Users\\SuperiorBpro\\AppData\\Local\\Programs\\Python\\Python38\\lib', 'C:\\Users\\SuperiorBpro\\AppData\\Local\\Programs\\Python\\Python38', 'C:\\Users\\SuperiorBpro\\AppData\\Roaming\\Python\\Python38\\site-packages', 'C:\\Users\\SuperiorBpro\\AppData\\Local\\Programs\\Python\\Python38\\lib\\site-packages', 'C:\\Users\\SuperiorBpro\\AppData\\Local\\Programs\\Python\\Python38\\lib\\site-packages\\win32', 'C:\\Users\\SuperiorBpro\\AppData\\Local\\Programs\\Python\\Python38\\lib\\site-packages\\win32\\lib', 'C:\\Users\\SuperiorBpro\\AppData\\Local\\Programs\\Python\\Python38\\lib\\site-packages\\Pythonwin'], 'template_info': None, 'template_does_not_exist': False, 'postmortem': None, 'request_GET_items': <generator object MultiValueDict.items at 0x000001D8E4C5B040>, 'request_FILES_items': <generator object MultiValueDict.items at 0x000001D8E4D71890>, 'request_insecure_uri': 'http://192.168.11.7:8000/favicon.ico', 'raising_view_name': 'django.views.generic.base.RedirectView', 'exception_type': 'DisallowedHost', 'exception_value': "Invalid HTTP_HOST header: '192.168.11.7:8000'. You may need to add '192.168.11.7' to ALLOWED_HOSTS.", 'lastframe': {'exc_cause': None, 'exc_cause_explicit': None, 'tb': <traceback object at 0x000001D8E4CAB3C0>, 'type': 'django', 'filename': 'C:\\Users\\SuperiorBpro\\AppData\\Local\\Programs\\Python\\Python38\\lib\\site-packages\\django\\http\\request.py', 'function': 'get_host', 'lineno': 150, 'vars': [('self', "<WSGIRequest: GET '/favicon.ico'>"), ('host', "'192.168.11.7:8000'"), ('allowed_hosts', "['PBLBpro.pythonanywhere.com', '127.0.0.1', 'localhost']"), ('domain', "'192.168.11.7'"), ('port', "'8000'"), ('msg', '("Invalid HTTP_HOST header: \'192.168.11.7:8000\'. You may need to add "\n "\'192.168.11.7\' to ALLOWED_HOSTS.")')], 'id': 2031063053248, 'pre_context': ['            msg = "Invalid HTTP_HOST header: %r." % host', '            if domain:', '                msg += " You may need to add %r to ALLOWED_HOSTS." % domain', '            else:', '                msg += (', '                    " The domain name provided is not valid according to RFC 1034/1035."', '                )'], 'context_line': '            raise DisallowedHost(msg)', 'post_context': ['', '    def get_port(self):', '        """Return the port number for the request as a string."""', '        if settings.USE_X_FORWARDED_PORT and "HTTP_X_FORWARDED_PORT" in self.META:', '            port = self.META["HTTP_X_FORWARDED_PORT"]', '        else:'], 'pre_context_lineno': 143, 'colno': '', 'tb_area_colno': ''}}]
WARNING 2024-12-17 05:19:41,941 log 2468 14816 [192.168.11.7] Bad Request: /favicon.ico
WARNING 2024-12-17 05:19:41,942 basehttp 2468 14816 [192.168.11.7] "GET /favicon.ico HTTP/1.1" 400 74497
