DEBUG 2024-12-17 02:15:38,360 utils 18872 8456 [-] (0.000) 
            SELECT name, type FROM sqlite_master
            WHERE type in ('table', 'view') AND NOT name='sqlite_sequence'
            ORDER BY name; args=None; alias=default
DEBUG 2024-12-17 02:15:38,364 utils 18872 8456 [-] (0.000) SELECT "django_migrations"."id", "django_migrations"."app", "django_migrations"."name", "django_migrations"."applied" FROM "django_migrations"; args=(); alias=default
INFO 2024-12-17 02:15:39,349 basehttp 18872 7148 [127.0.0.1] "GET / HTTP/1.1" 200 2732
DEBUG 2024-12-17 02:15:40,814 utils 18872 7148 [127.0.0.1] (0.000) SELECT "app_product"."id", "app_product"."owner_id", "app_product"."name", "app_product"."price", "app_product"."image", "app_product"."description" FROM "app_product"; args=(); alias=default
INFO 2024-12-17 02:15:40,822 basehttp 18872 7148 [127.0.0.1] "GET /products/ HTTP/1.1" 200 3861
INFO 2024-12-17 02:15:41,434 basehttp 18872 7148 [127.0.0.1] "GET /cart/ HTTP/1.1" 302 0
DEBUG 2024-12-17 02:15:41,508 base 18872 7148 [127.0.0.1] Exception while resolving variable 'name' in template 'unknown'.
Traceback (most recent call last):
  File "C:\Users\SuperiorBpro\AppData\Local\Programs\Python\Python38\lib\site-packages\django\core\handlers\exception.py", line 55, in inner
    response = get_response(request)
  File "C:\Users\SuperiorBpro\AppData\Local\Programs\Python\Python38\lib\site-packages\django\core\handlers\base.py", line 181, in _get_response
    callback, callback_args, callback_kwargs = self.resolve_request(request)
  File "C:\Users\SuperiorBpro\AppData\Local\Programs\Python\Python38\lib\site-packages\django\core\handlers\base.py", line 313, in resolve_request
    resolver_match = resolver.resolve(request.path_info)
  File "C:\Users\SuperiorBpro\AppData\Local\Programs\Python\Python38\lib\site-packages\django\urls\resolvers.py", line 702, in resolve
    raise Resolver404({"tried": tried, "path": new_path})
django.urls.exceptions.Resolver404: {'tried': [[<URLResolver <URLPattern list> (admin:admin) 'admin/'>], [<URLResolver <module 'app.urls' from 'D:\\DaiHoc\\PBL\\PBL6\\Web\\sales_web\\app\\urls.py'> (None:None) ''>, <URLPattern '' [name='home']>], [<URLResolver <module 'app.urls' from 'D:\\DaiHoc\\PBL\\PBL6\\Web\\sales_web\\app\\urls.py'> (None:None) ''>, <URLPattern 'signup/' [name='signup']>], [<URLResolver <module 'app.urls' from 'D:\\DaiHoc\\PBL\\PBL6\\Web\\sales_web\\app\\urls.py'> (None:None) ''>, <URLPattern 'login/' [name='login']>], [<URLResolver <module 'app.urls' from 'D:\\DaiHoc\\PBL\\PBL6\\Web\\sales_web\\app\\urls.py'> (None:None) ''>, <URLPattern 'logout/' [name='logout']>], [<URLResolver <module 'app.urls' from 'D:\\DaiHoc\\PBL\\PBL6\\Web\\sales_web\\app\\urls.py'> (None:None) ''>, <URLPattern 'products/' [name='product_list']>], [<URLResolver <module 'app.urls' from 'D:\\DaiHoc\\PBL\\PBL6\\Web\\sales_web\\app\\urls.py'> (None:None) ''>, <URLPattern 'profile/edit/' [name='edit_profile']>], [<URLResolver <module 'app.urls' from 'D:\\DaiHoc\\PBL\\PBL6\\Web\\sales_web\\app\\urls.py'> (None:None) ''>, <URLPattern 'cart/' [name='cart_list']>], [<URLResolver <module 'app.urls' from 'D:\\DaiHoc\\PBL\\PBL6\\Web\\sales_web\\app\\urls.py'> (None:None) ''>, <URLPattern 'add_to_cart/<int:product_id>/' [name='add_to_cart']>], [<URLResolver <module 'app.urls' from 'D:\\DaiHoc\\PBL\\PBL6\\Web\\sales_web\\app\\urls.py'> (None:None) ''>, <URLPattern 'remove_from_cart/<int:product_id>/' [name='remove_from_cart']>], [<URLResolver <module 'app.urls' from 'D:\\DaiHoc\\PBL\\PBL6\\Web\\sales_web\\app\\urls.py'> (None:None) ''>, <URLPattern 'add-product/' [name='add_product']>], [<URLResolver <module 'app.urls' from 'D:\\DaiHoc\\PBL\\PBL6\\Web\\sales_web\\app\\urls.py'> (None:None) ''>, <URLPattern 'viewfile/' [name='view_file']>], [<URLResolver <module 'app.urls' from 'D:\\DaiHoc\\PBL\\PBL6\\Web\\sales_web\\app\\urls.py'> (None:None) ''>, <URLPattern 'checkout/' [name='checkout']>], [<URLResolver <module 'app.urls' from 'D:\\DaiHoc\\PBL\\PBL6\\Web\\sales_web\\app\\urls.py'> (None:None) ''>, <URLPattern 'check_log/' [name='check_log']>], [<URLResolver <module 'app.urls' from 'D:\\DaiHoc\\PBL\\PBL6\\Web\\sales_web\\app\\urls.py'> (None:None) ''>, <URLPattern 'your-products/' [name='your_products']>], [<URLResolver <module 'app.urls' from 'D:\\DaiHoc\\PBL\\PBL6\\Web\\sales_web\\app\\urls.py'> (None:None) ''>, <URLPattern 'edit-product/<int:product_id>/' [name='edit_product']>], [<URLResolver <module 'app.urls' from 'D:\\DaiHoc\\PBL\\PBL6\\Web\\sales_web\\app\\urls.py'> (None:None) ''>, <URLPattern 'delete-product/<int:product_id>/' [name='delete_product']>], [<URLPattern 'favicon.ico'>], [<URLPattern '^app/media/(?P<path>.*)$'>]], 'path': 'accounts/login/'}

During handling of the above exception, another exception occurred:

Traceback (most recent call last):
  File "C:\Users\SuperiorBpro\AppData\Local\Programs\Python\Python38\lib\site-packages\django\template\base.py", line 880, in _resolve_lookup
    current = current[bit]
TypeError: 'URLResolver' object is not subscriptable

During handling of the above exception, another exception occurred:

Traceback (most recent call last):
  File "C:\Users\SuperiorBpro\AppData\Local\Programs\Python\Python38\lib\site-packages\django\template\base.py", line 890, in _resolve_lookup
    current = getattr(current, bit)
AttributeError: 'URLResolver' object has no attribute 'name'

During handling of the above exception, another exception occurred:

Traceback (most recent call last):
  File "C:\Users\SuperiorBpro\AppData\Local\Programs\Python\Python38\lib\site-packages\django\template\base.py", line 896, in _resolve_lookup
    current = current[int(bit)]
ValueError: invalid literal for int() with base 10: 'name'

During handling of the above exception, another exception occurred:

Traceback (most recent call last):
  File "C:\Users\SuperiorBpro\AppData\Local\Programs\Python\Python38\lib\site-packages\django\template\base.py", line 903, in _resolve_lookup
    raise VariableDoesNotExist(
django.template.base.VariableDoesNotExist: Failed lookup for key [name] in <URLResolver <URLPattern list> (admin:admin) 'admin/'>
WARNING 2024-12-17 02:15:41,523 log 18872 7148 [127.0.0.1] Not Found: /accounts/login/
WARNING 2024-12-17 02:15:41,523 basehttp 18872 7148 [127.0.0.1] "GET /accounts/login/?next=/cart/ HTTP/1.1" 404 5281
INFO 2024-12-17 02:16:26,606 basehttp 18872 7148 [127.0.0.1] "GET /login/ HTTP/1.1" 200 2674
DEBUG 2024-12-17 02:16:27,807 utils 18872 7148 [127.0.0.1] (0.016) SELECT "auth_user"."id", "auth_user"."password", "auth_user"."last_login", "auth_user"."is_superuser", "auth_user"."username", "auth_user"."first_name", "auth_user"."last_name", "auth_user"."email", "auth_user"."is_staff", "auth_user"."is_active", "auth_user"."date_joined" FROM "auth_user" WHERE "auth_user"."username" = 'admin' LIMIT 21; args=('admin',); alias=default
DEBUG 2024-12-17 02:16:28,219 utils 18872 7148 [127.0.0.1] (0.000) SELECT 1 AS "a" FROM "django_session" WHERE "django_session"."session_key" = 'umyjtt396i41rqg33d059urxd7vgum6i' LIMIT 1; args=(1, 'umyjtt396i41rqg33d059urxd7vgum6i'); alias=default
DEBUG 2024-12-17 02:16:28,220 utils 18872 7148 [127.0.0.1] (0.000) BEGIN; args=None; alias=default
DEBUG 2024-12-17 02:16:28,222 utils 18872 7148 [127.0.0.1] (0.000) INSERT INTO "django_session" ("session_key", "session_data", "expire_date") VALUES ('umyjtt396i41rqg33d059urxd7vgum6i', 'e30:1tNGZw:ENsGX71hVKeyoihscWW56Gnr9UDIbbKdWr_nW2SC_lU', '2024-12-30 19:16:28.219662'); args=('umyjtt396i41rqg33d059urxd7vgum6i', 'e30:1tNGZw:ENsGX71hVKeyoihscWW56Gnr9UDIbbKdWr_nW2SC_lU', '2024-12-30 19:16:28.219662'); alias=default
DEBUG 2024-12-17 02:16:28,226 utils 18872 7148 [127.0.0.1] (0.000) COMMIT; args=None; alias=default
DEBUG 2024-12-17 02:16:28,231 utils 18872 7148 [127.0.0.1] (0.016) UPDATE "auth_user" SET "last_login" = '2024-12-16 19:16:28.226354' WHERE "auth_user"."id" = 2; args=('2024-12-16 19:16:28.226354', 2); alias=default
DEBUG 2024-12-17 02:16:28,232 utils 18872 7148 [127.0.0.1] (0.000) BEGIN; args=None; alias=default
DEBUG 2024-12-17 02:16:28,234 utils 18872 7148 [127.0.0.1] (0.000) UPDATE "django_session" SET "session_data" = '.eJxVjMsOwiAQRf-FtSEdCgx16d5vIDM8pGogKe3K-O_apAvd3nPOfQlP21r81tPi5yjOQonT78YUHqnuIN6p3poMra7LzHJX5EG7vLaYnpfD_Tso1Mu3zsGZZPToyMBgoiIdQCFkzNaqDADMTDAaTtohWwesERMPaCNOUxzF-wPV_zdz:1tNGZw:m0SAS8UeF7dBrZzFv6pbXkccQa140ZyORxKaIqrVuzQ', "expire_date" = '2024-12-30 19:16:28.232340' WHERE "django_session"."session_key" = 'umyjtt396i41rqg33d059urxd7vgum6i'; args=('.eJxVjMsOwiAQRf-FtSEdCgx16d5vIDM8pGogKe3K-O_apAvd3nPOfQlP21r81tPi5yjOQonT78YUHqnuIN6p3poMra7LzHJX5EG7vLaYnpfD_Tso1Mu3zsGZZPToyMBgoiIdQCFkzNaqDADMTDAaTtohWwesERMPaCNOUxzF-wPV_zdz:1tNGZw:m0SAS8UeF7dBrZzFv6pbXkccQa140ZyORxKaIqrVuzQ', '2024-12-30 19:16:28.232340', 'umyjtt396i41rqg33d059urxd7vgum6i'); alias=default
DEBUG 2024-12-17 02:16:28,237 utils 18872 7148 [127.0.0.1] (0.000) COMMIT; args=None; alias=default
INFO 2024-12-17 02:16:28,238 basehttp 18872 7148 [127.0.0.1] "POST /login/ HTTP/1.1" 302 0
DEBUG 2024-12-17 02:16:28,250 utils 18872 7148 [127.0.0.1] (0.000) SELECT "django_session"."session_key", "django_session"."session_data", "django_session"."expire_date" FROM "django_session" WHERE ("django_session"."expire_date" > '2024-12-16 19:16:28.247300' AND "django_session"."session_key" = 'umyjtt396i41rqg33d059urxd7vgum6i') LIMIT 21; args=('2024-12-16 19:16:28.247300', 'umyjtt396i41rqg33d059urxd7vgum6i'); alias=default
DEBUG 2024-12-17 02:16:28,252 utils 18872 7148 [127.0.0.1] (0.000) SELECT "auth_user"."id", "auth_user"."password", "auth_user"."last_login", "auth_user"."is_superuser", "auth_user"."username", "auth_user"."first_name", "auth_user"."last_name", "auth_user"."email", "auth_user"."is_staff", "auth_user"."is_active", "auth_user"."date_joined" FROM "auth_user" WHERE "auth_user"."id" = 2 LIMIT 21; args=(2,); alias=default
DEBUG 2024-12-17 02:16:28,254 utils 18872 7148 [127.0.0.1] (0.000) SELECT "app_customerinfo"."id", "app_customerinfo"."user_id", "app_customerinfo"."name", "app_customerinfo"."phone", "app_customerinfo"."address", "app_customerinfo"."date_of_birth", "app_customerinfo"."profile_picture" FROM "app_customerinfo" WHERE "app_customerinfo"."user_id" = 2 LIMIT 21; args=(2,); alias=default
INFO 2024-12-17 02:16:28,256 basehttp 18872 7148 [127.0.0.1] "GET / HTTP/1.1" 200 2919
DEBUG 2024-12-17 02:16:28,978 utils 18872 7148 [127.0.0.1] (0.016) SELECT "django_session"."session_key", "django_session"."session_data", "django_session"."expire_date" FROM "django_session" WHERE ("django_session"."expire_date" > '2024-12-16 19:16:28.975558' AND "django_session"."session_key" = 'umyjtt396i41rqg33d059urxd7vgum6i') LIMIT 21; args=('2024-12-16 19:16:28.975558', 'umyjtt396i41rqg33d059urxd7vgum6i'); alias=default
DEBUG 2024-12-17 02:16:28,979 utils 18872 7148 [127.0.0.1] (0.000) SELECT "auth_user"."id", "auth_user"."password", "auth_user"."last_login", "auth_user"."is_superuser", "auth_user"."username", "auth_user"."first_name", "auth_user"."last_name", "auth_user"."email", "auth_user"."is_staff", "auth_user"."is_active", "auth_user"."date_joined" FROM "auth_user" WHERE "auth_user"."id" = 2 LIMIT 21; args=(2,); alias=default
DEBUG 2024-12-17 02:16:28,983 utils 18872 7148 [127.0.0.1] (0.000) SELECT "app_customerinfo"."id", "app_customerinfo"."user_id", "app_customerinfo"."name", "app_customerinfo"."phone", "app_customerinfo"."address", "app_customerinfo"."date_of_birth", "app_customerinfo"."profile_picture" FROM "app_customerinfo" WHERE "app_customerinfo"."user_id" = 2 LIMIT 21; args=(2,); alias=default
DEBUG 2024-12-17 02:16:28,984 utils 18872 7148 [127.0.0.1] (0.000) SELECT "app_product"."id", "app_product"."owner_id", "app_product"."name", "app_product"."price", "app_product"."image", "app_product"."description" FROM "app_product" WHERE "app_product"."owner_id" = 2; args=(2,); alias=default
INFO 2024-12-17 02:16:28,984 basehttp 18872 7148 [127.0.0.1] "GET /your-products/ HTTP/1.1" 200 2419
DEBUG 2024-12-17 02:16:29,586 utils 18872 7148 [127.0.0.1] (0.000) SELECT "django_session"."session_key", "django_session"."session_data", "django_session"."expire_date" FROM "django_session" WHERE ("django_session"."expire_date" > '2024-12-16 19:16:29.585610' AND "django_session"."session_key" = 'umyjtt396i41rqg33d059urxd7vgum6i') LIMIT 21; args=('2024-12-16 19:16:29.585610', 'umyjtt396i41rqg33d059urxd7vgum6i'); alias=default
DEBUG 2024-12-17 02:16:29,588 utils 18872 7148 [127.0.0.1] (0.000) SELECT "auth_user"."id", "auth_user"."password", "auth_user"."last_login", "auth_user"."is_superuser", "auth_user"."username", "auth_user"."first_name", "auth_user"."last_name", "auth_user"."email", "auth_user"."is_staff", "auth_user"."is_active", "auth_user"."date_joined" FROM "auth_user" WHERE "auth_user"."id" = 2 LIMIT 21; args=(2,); alias=default
DEBUG 2024-12-17 02:16:29,589 utils 18872 7148 [127.0.0.1] (0.000) SELECT "app_cart"."id", "app_cart"."user_id" FROM "app_cart" WHERE "app_cart"."user_id" = 2 LIMIT 21; args=(2,); alias=default
DEBUG 2024-12-17 02:16:29,591 utils 18872 7148 [127.0.0.1] (0.000) SELECT "app_cartitem"."id", "app_cartitem"."cart_id", "app_cartitem"."product_id", "app_cartitem"."quantity" FROM "app_cartitem" WHERE "app_cartitem"."cart_id" = 2; args=(2,); alias=default
DEBUG 2024-12-17 02:16:29,592 utils 18872 7148 [127.0.0.1] (0.000) SELECT "app_product"."id", "app_product"."owner_id", "app_product"."name", "app_product"."price", "app_product"."image", "app_product"."description" FROM "app_product" WHERE "app_product"."id" = 8 LIMIT 21; args=(8,); alias=default
DEBUG 2024-12-17 02:16:29,596 utils 18872 7148 [127.0.0.1] (0.000) SELECT "app_customerinfo"."id", "app_customerinfo"."user_id", "app_customerinfo"."name", "app_customerinfo"."phone", "app_customerinfo"."address", "app_customerinfo"."date_of_birth", "app_customerinfo"."profile_picture" FROM "app_customerinfo" WHERE "app_customerinfo"."user_id" = 2 LIMIT 21; args=(2,); alias=default
DEBUG 2024-12-17 02:16:29,597 utils 18872 7148 [127.0.0.1] (0.000) SELECT "app_cartitem"."id", "app_cartitem"."cart_id", "app_cartitem"."product_id", "app_cartitem"."quantity" FROM "app_cartitem" WHERE "app_cartitem"."cart_id" = 2; args=(2,); alias=default
DEBUG 2024-12-17 02:16:29,597 utils 18872 7148 [127.0.0.1] (0.000) SELECT "app_product"."id", "app_product"."owner_id", "app_product"."name", "app_product"."price", "app_product"."image", "app_product"."description" FROM "app_product" WHERE "app_product"."id" = 8 LIMIT 21; args=(8,); alias=default
DEBUG 2024-12-17 02:16:29,598 utils 18872 7148 [127.0.0.1] (0.000) BEGIN; args=None; alias=default
DEBUG 2024-12-17 02:16:29,600 utils 18872 7148 [127.0.0.1] (0.000) UPDATE "django_session" SET "session_data" = '.eJxVjDsOgzAQRO_iOrJY4x-U6XMGa9deBxKEIzBVlLsHJIpE0828eW8RcKtD2FZewphEL5S4_HaE8cnzMaQHzvciY5nrMpI8EHmuq7yVxNP1ZP8EA67D_s7RGza69WigMUmhjqAcZJetVRkAiAihNcTaO7IeSDvH1DibXNeldpfWUnEKr2WMLPrOH5HN5wspTj5k:1tNGZx:vEOkBqy-E-opaizqVA5frJSX27w6FxZOn9P1DqDUZTE', "expire_date" = '2024-12-30 19:16:29.598418' WHERE "django_session"."session_key" = 'umyjtt396i41rqg33d059urxd7vgum6i'; args=('.eJxVjDsOgzAQRO_iOrJY4x-U6XMGa9deBxKEIzBVlLsHJIpE0828eW8RcKtD2FZewphEL5S4_HaE8cnzMaQHzvciY5nrMpI8EHmuq7yVxNP1ZP8EA67D_s7RGza69WigMUmhjqAcZJetVRkAiAihNcTaO7IeSDvH1DibXNeldpfWUnEKr2WMLPrOH5HN5wspTj5k:1tNGZx:vEOkBqy-E-opaizqVA5frJSX27w6FxZOn9P1DqDUZTE', '2024-12-30 19:16:29.598418', 'umyjtt396i41rqg33d059urxd7vgum6i'); alias=default
DEBUG 2024-12-17 02:16:29,603 utils 18872 7148 [127.0.0.1] (0.016) COMMIT; args=None; alias=default
INFO 2024-12-17 02:16:29,604 basehttp 18872 7148 [127.0.0.1] "GET /cart/ HTTP/1.1" 200 3229
DEBUG 2024-12-17 02:16:30,180 utils 18872 7148 [127.0.0.1] (0.000) SELECT "django_session"."session_key", "django_session"."session_data", "django_session"."expire_date" FROM "django_session" WHERE ("django_session"."expire_date" > '2024-12-16 19:16:30.178047' AND "django_session"."session_key" = 'umyjtt396i41rqg33d059urxd7vgum6i') LIMIT 21; args=('2024-12-16 19:16:30.178047', 'umyjtt396i41rqg33d059urxd7vgum6i'); alias=default
DEBUG 2024-12-17 02:16:30,182 utils 18872 7148 [127.0.0.1] (0.016) SELECT "auth_user"."id", "auth_user"."password", "auth_user"."last_login", "auth_user"."is_superuser", "auth_user"."username", "auth_user"."first_name", "auth_user"."last_name", "auth_user"."email", "auth_user"."is_staff", "auth_user"."is_active", "auth_user"."date_joined" FROM "auth_user" WHERE "auth_user"."id" = 2 LIMIT 21; args=(2,); alias=default
DEBUG 2024-12-17 02:16:30,184 utils 18872 7148 [127.0.0.1] (0.000) SELECT "app_customerinfo"."id", "app_customerinfo"."user_id", "app_customerinfo"."name", "app_customerinfo"."phone", "app_customerinfo"."address", "app_customerinfo"."date_of_birth", "app_customerinfo"."profile_picture" FROM "app_customerinfo" WHERE "app_customerinfo"."user_id" = 2 LIMIT 21; args=(2,); alias=default
DEBUG 2024-12-17 02:16:30,185 utils 18872 7148 [127.0.0.1] (0.000) SELECT "app_product"."id", "app_product"."owner_id", "app_product"."name", "app_product"."price", "app_product"."image", "app_product"."description" FROM "app_product" WHERE "app_product"."owner_id" = 2; args=(2,); alias=default
INFO 2024-12-17 02:16:30,186 basehttp 18872 7148 [127.0.0.1] "GET /your-products/ HTTP/1.1" 200 2419
DEBUG 2024-12-17 02:16:30,597 utils 18872 7148 [127.0.0.1] (0.000) SELECT "django_session"."session_key", "django_session"."session_data", "django_session"."expire_date" FROM "django_session" WHERE ("django_session"."expire_date" > '2024-12-16 19:16:30.595079' AND "django_session"."session_key" = 'umyjtt396i41rqg33d059urxd7vgum6i') LIMIT 21; args=('2024-12-16 19:16:30.595079', 'umyjtt396i41rqg33d059urxd7vgum6i'); alias=default
DEBUG 2024-12-17 02:16:30,597 utils 18872 7148 [127.0.0.1] (0.000) SELECT "auth_user"."id", "auth_user"."password", "auth_user"."last_login", "auth_user"."is_superuser", "auth_user"."username", "auth_user"."first_name", "auth_user"."last_name", "auth_user"."email", "auth_user"."is_staff", "auth_user"."is_active", "auth_user"."date_joined" FROM "auth_user" WHERE "auth_user"."id" = 2 LIMIT 21; args=(2,); alias=default
DEBUG 2024-12-17 02:16:30,598 utils 18872 7148 [127.0.0.1] (0.000) SELECT "app_cart"."id", "app_cart"."user_id" FROM "app_cart" WHERE "app_cart"."user_id" = 2 LIMIT 21; args=(2,); alias=default
DEBUG 2024-12-17 02:16:30,599 utils 18872 7148 [127.0.0.1] (0.000) SELECT "app_cartitem"."id", "app_cartitem"."cart_id", "app_cartitem"."product_id", "app_cartitem"."quantity" FROM "app_cartitem" WHERE "app_cartitem"."cart_id" = 2; args=(2,); alias=default
DEBUG 2024-12-17 02:16:30,600 utils 18872 7148 [127.0.0.1] (0.000) SELECT "app_product"."id", "app_product"."owner_id", "app_product"."name", "app_product"."price", "app_product"."image", "app_product"."description" FROM "app_product" WHERE "app_product"."id" = 8 LIMIT 21; args=(8,); alias=default
DEBUG 2024-12-17 02:16:30,602 utils 18872 7148 [127.0.0.1] (0.000) SELECT "app_customerinfo"."id", "app_customerinfo"."user_id", "app_customerinfo"."name", "app_customerinfo"."phone", "app_customerinfo"."address", "app_customerinfo"."date_of_birth", "app_customerinfo"."profile_picture" FROM "app_customerinfo" WHERE "app_customerinfo"."user_id" = 2 LIMIT 21; args=(2,); alias=default
DEBUG 2024-12-17 02:16:30,603 utils 18872 7148 [127.0.0.1] (0.000) SELECT "app_cartitem"."id", "app_cartitem"."cart_id", "app_cartitem"."product_id", "app_cartitem"."quantity" FROM "app_cartitem" WHERE "app_cartitem"."cart_id" = 2; args=(2,); alias=default
DEBUG 2024-12-17 02:16:30,603 utils 18872 7148 [127.0.0.1] (0.000) SELECT "app_product"."id", "app_product"."owner_id", "app_product"."name", "app_product"."price", "app_product"."image", "app_product"."description" FROM "app_product" WHERE "app_product"."id" = 8 LIMIT 21; args=(8,); alias=default
DEBUG 2024-12-17 02:16:30,605 utils 18872 7148 [127.0.0.1] (0.000) BEGIN; args=None; alias=default
DEBUG 2024-12-17 02:16:30,606 utils 18872 7148 [127.0.0.1] (0.000) UPDATE "django_session" SET "session_data" = '.eJxVjDsOgzAQRO_iOrJY4x-U6XMGa9deBxKEIzBVlLsHJIpE0828eW8RcKtD2FZewphEL5S4_HaE8cnzMaQHzvciY5nrMpI8EHmuq7yVxNP1ZP8EA67D_s7RGza69WigMUmhjqAcZJetVRkAiAihNcTaO7IeSDvH1DibXNeldpfWUnEKr2WMLPrOH5HN5wspTj5k:1tNGZy:ornJYNfP_yxLvoioP2ICmr7_hDVd_lEn2YehewQ0ibc', "expire_date" = '2024-12-30 19:16:30.605051' WHERE "django_session"."session_key" = 'umyjtt396i41rqg33d059urxd7vgum6i'; args=('.eJxVjDsOgzAQRO_iOrJY4x-U6XMGa9deBxKEIzBVlLsHJIpE0828eW8RcKtD2FZewphEL5S4_HaE8cnzMaQHzvciY5nrMpI8EHmuq7yVxNP1ZP8EA67D_s7RGza69WigMUmhjqAcZJetVRkAiAihNcTaO7IeSDvH1DibXNeldpfWUnEKr2WMLPrOH5HN5wspTj5k:1tNGZy:ornJYNfP_yxLvoioP2ICmr7_hDVd_lEn2YehewQ0ibc', '2024-12-30 19:16:30.605051', 'umyjtt396i41rqg33d059urxd7vgum6i'); alias=default
DEBUG 2024-12-17 02:16:30,609 utils 18872 7148 [127.0.0.1] (0.000) COMMIT; args=None; alias=default
INFO 2024-12-17 02:16:30,609 basehttp 18872 7148 [127.0.0.1] "GET /cart/ HTTP/1.1" 200 3229
DEBUG 2024-12-17 02:16:31,652 utils 18872 7148 [127.0.0.1] (0.000) SELECT "django_session"."session_key", "django_session"."session_data", "django_session"."expire_date" FROM "django_session" WHERE ("django_session"."expire_date" > '2024-12-16 19:16:31.650829' AND "django_session"."session_key" = 'umyjtt396i41rqg33d059urxd7vgum6i') LIMIT 21; args=('2024-12-16 19:16:31.650829', 'umyjtt396i41rqg33d059urxd7vgum6i'); alias=default
DEBUG 2024-12-17 02:16:31,653 utils 18872 7148 [127.0.0.1] (0.000) SELECT "auth_user"."id", "auth_user"."password", "auth_user"."last_login", "auth_user"."is_superuser", "auth_user"."username", "auth_user"."first_name", "auth_user"."last_name", "auth_user"."email", "auth_user"."is_staff", "auth_user"."is_active", "auth_user"."date_joined" FROM "auth_user" WHERE "auth_user"."id" = 2 LIMIT 21; args=(2,); alias=default
DEBUG 2024-12-17 02:16:31,654 utils 18872 7148 [127.0.0.1] (0.000) SELECT "django_session"."session_key", "django_session"."session_data", "django_session"."expire_date" FROM "django_session" WHERE "django_session"."session_key" = 'umyjtt396i41rqg33d059urxd7vgum6i' LIMIT 21; args=('umyjtt396i41rqg33d059urxd7vgum6i',); alias=default
DEBUG 2024-12-17 02:16:31,662 utils 18872 7148 [127.0.0.1] (0.000) DELETE FROM "django_session" WHERE "django_session"."session_key" IN ('umyjtt396i41rqg33d059urxd7vgum6i'); args=('umyjtt396i41rqg33d059urxd7vgum6i',); alias=default
INFO 2024-12-17 02:16:31,663 basehttp 18872 7148 [127.0.0.1] "GET /logout/ HTTP/1.1" 302 0
INFO 2024-12-17 02:16:31,671 basehttp 18872 7148 [127.0.0.1] "GET / HTTP/1.1" 200 2597
INFO 2024-12-17 02:16:37,724 basehttp 18872 7148 [127.0.0.1] "GET / HTTP/1.1" 200 2597
INFO 2024-12-17 02:16:37,791 basehttp 18872 7148 [127.0.0.1] "GET /favicon.ico HTTP/1.1" 302 0
INFO 2024-12-17 02:16:38,571 basehttp 18872 7148 [127.0.0.1] "GET / HTTP/1.1" 200 2597
INFO 2024-12-17 02:16:38,636 basehttp 18872 7148 [127.0.0.1] "GET /favicon.ico HTTP/1.1" 302 0
INFO 2024-12-17 02:16:39,257 basehttp 18872 7148 [127.0.0.1] "GET /login/ HTTP/1.1" 200 2674
DEBUG 2024-12-17 02:16:40,018 utils 18872 7148 [127.0.0.1] (0.000) SELECT "auth_user"."id", "auth_user"."password", "auth_user"."last_login", "auth_user"."is_superuser", "auth_user"."username", "auth_user"."first_name", "auth_user"."last_name", "auth_user"."email", "auth_user"."is_staff", "auth_user"."is_active", "auth_user"."date_joined" FROM "auth_user" WHERE "auth_user"."username" = 'admin' LIMIT 21; args=('admin',); alias=default
DEBUG 2024-12-17 02:16:40,440 utils 18872 7148 [127.0.0.1] (0.000) SELECT 1 AS "a" FROM "django_session" WHERE "django_session"."session_key" = 'odtru7bcmhavnmat0aeavqxvrcdva8mg' LIMIT 1; args=(1, 'odtru7bcmhavnmat0aeavqxvrcdva8mg'); alias=default
DEBUG 2024-12-17 02:16:40,441 utils 18872 7148 [127.0.0.1] (0.000) BEGIN; args=None; alias=default
DEBUG 2024-12-17 02:16:40,443 utils 18872 7148 [127.0.0.1] (0.000) INSERT INTO "django_session" ("session_key", "session_data", "expire_date") VALUES ('odtru7bcmhavnmat0aeavqxvrcdva8mg', 'e30:1tNGa8:EU2Xj52M_eKcuhFyTODAqBDO2Lqjw5Tr6_ymiP9natg', '2024-12-30 19:16:40.441547'); args=('odtru7bcmhavnmat0aeavqxvrcdva8mg', 'e30:1tNGa8:EU2Xj52M_eKcuhFyTODAqBDO2Lqjw5Tr6_ymiP9natg', '2024-12-30 19:16:40.441547'); alias=default
DEBUG 2024-12-17 02:16:40,446 utils 18872 7148 [127.0.0.1] (0.000) COMMIT; args=None; alias=default
DEBUG 2024-12-17 02:16:40,451 utils 18872 7148 [127.0.0.1] (0.000) UPDATE "auth_user" SET "last_login" = '2024-12-16 19:16:40.446507' WHERE "auth_user"."id" = 2; args=('2024-12-16 19:16:40.446507', 2); alias=default
DEBUG 2024-12-17 02:16:40,452 utils 18872 7148 [127.0.0.1] (0.000) BEGIN; args=None; alias=default
DEBUG 2024-12-17 02:16:40,454 utils 18872 7148 [127.0.0.1] (0.000) UPDATE "django_session" SET "session_data" = '.eJxVjMsOwiAQRf-FtSEdCgx16d5vIDM8pGogKe3K-O_apAvd3nPOfQlP21r81tPi5yjOQonT78YUHqnuIN6p3poMra7LzHJX5EG7vLaYnpfD_Tso1Mu3zsGZZPToyMBgoiIdQCFkzNaqDADMTDAaTtohWwesERMPaCNOUxzF-wPV_zdz:1tNGa8:ihcFXnWXfBBA9WPt55DAIfZXwcA90s_Dx555-0GZpT4', "expire_date" = '2024-12-30 19:16:40.452491' WHERE "django_session"."session_key" = 'odtru7bcmhavnmat0aeavqxvrcdva8mg'; args=('.eJxVjMsOwiAQRf-FtSEdCgx16d5vIDM8pGogKe3K-O_apAvd3nPOfQlP21r81tPi5yjOQonT78YUHqnuIN6p3poMra7LzHJX5EG7vLaYnpfD_Tso1Mu3zsGZZPToyMBgoiIdQCFkzNaqDADMTDAaTtohWwesERMPaCNOUxzF-wPV_zdz:1tNGa8:ihcFXnWXfBBA9WPt55DAIfZXwcA90s_Dx555-0GZpT4', '2024-12-30 19:16:40.452491', 'odtru7bcmhavnmat0aeavqxvrcdva8mg'); alias=default
DEBUG 2024-12-17 02:16:40,457 utils 18872 7148 [127.0.0.1] (0.000) COMMIT; args=None; alias=default
INFO 2024-12-17 02:16:40,458 basehttp 18872 7148 [127.0.0.1] "POST /login/ HTTP/1.1" 302 0
DEBUG 2024-12-17 02:16:40,472 utils 18872 7148 [127.0.0.1] (0.000) SELECT "django_session"."session_key", "django_session"."session_data", "django_session"."expire_date" FROM "django_session" WHERE ("django_session"."expire_date" > '2024-12-16 19:16:40.470443' AND "django_session"."session_key" = 'odtru7bcmhavnmat0aeavqxvrcdva8mg') LIMIT 21; args=('2024-12-16 19:16:40.470443', 'odtru7bcmhavnmat0aeavqxvrcdva8mg'); alias=default
DEBUG 2024-12-17 02:16:40,473 utils 18872 7148 [127.0.0.1] (0.000) SELECT "auth_user"."id", "auth_user"."password", "auth_user"."last_login", "auth_user"."is_superuser", "auth_user"."username", "auth_user"."first_name", "auth_user"."last_name", "auth_user"."email", "auth_user"."is_staff", "auth_user"."is_active", "auth_user"."date_joined" FROM "auth_user" WHERE "auth_user"."id" = 2 LIMIT 21; args=(2,); alias=default
DEBUG 2024-12-17 02:16:40,474 utils 18872 7148 [127.0.0.1] (0.000) SELECT "app_customerinfo"."id", "app_customerinfo"."user_id", "app_customerinfo"."name", "app_customerinfo"."phone", "app_customerinfo"."address", "app_customerinfo"."date_of_birth", "app_customerinfo"."profile_picture" FROM "app_customerinfo" WHERE "app_customerinfo"."user_id" = 2 LIMIT 21; args=(2,); alias=default
INFO 2024-12-17 02:16:40,475 basehttp 18872 7148 [127.0.0.1] "GET / HTTP/1.1" 200 2919
DEBUG 2024-12-17 02:16:41,546 utils 18872 7148 [127.0.0.1] (0.000) SELECT "django_session"."session_key", "django_session"."session_data", "django_session"."expire_date" FROM "django_session" WHERE ("django_session"."expire_date" > '2024-12-16 19:16:41.545904' AND "django_session"."session_key" = 'odtru7bcmhavnmat0aeavqxvrcdva8mg') LIMIT 21; args=('2024-12-16 19:16:41.545904', 'odtru7bcmhavnmat0aeavqxvrcdva8mg'); alias=default
DEBUG 2024-12-17 02:16:41,547 utils 18872 7148 [127.0.0.1] (0.000) SELECT "auth_user"."id", "auth_user"."password", "auth_user"."last_login", "auth_user"."is_superuser", "auth_user"."username", "auth_user"."first_name", "auth_user"."last_name", "auth_user"."email", "auth_user"."is_staff", "auth_user"."is_active", "auth_user"."date_joined" FROM "auth_user" WHERE "auth_user"."id" = 2 LIMIT 21; args=(2,); alias=default
DEBUG 2024-12-17 02:16:41,549 utils 18872 7148 [127.0.0.1] (0.000) SELECT "django_session"."session_key", "django_session"."session_data", "django_session"."expire_date" FROM "django_session" WHERE "django_session"."session_key" = 'odtru7bcmhavnmat0aeavqxvrcdva8mg' LIMIT 21; args=('odtru7bcmhavnmat0aeavqxvrcdva8mg',); alias=default
DEBUG 2024-12-17 02:16:41,555 utils 18872 7148 [127.0.0.1] (0.000) DELETE FROM "django_session" WHERE "django_session"."session_key" IN ('odtru7bcmhavnmat0aeavqxvrcdva8mg'); args=('odtru7bcmhavnmat0aeavqxvrcdva8mg',); alias=default
INFO 2024-12-17 02:16:41,556 basehttp 18872 7148 [127.0.0.1] "GET /logout/ HTTP/1.1" 302 0
INFO 2024-12-17 02:16:41,565 basehttp 18872 7148 [127.0.0.1] "GET / HTTP/1.1" 200 2597
DEBUG 2024-12-17 02:16:42,609 utils 18872 7148 [127.0.0.1] (0.000) SELECT "app_product"."id", "app_product"."owner_id", "app_product"."name", "app_product"."price", "app_product"."image", "app_product"."description" FROM "app_product"; args=(); alias=default
INFO 2024-12-17 02:16:42,611 basehttp 18872 7148 [127.0.0.1] "GET /products/ HTTP/1.1" 200 3726
INFO 2024-12-17 02:16:44,406 basehttp 18872 7148 [127.0.0.1] "GET /login/?next=/add_to_cart/7/ HTTP/1.1" 200 2674
